<?xml version="1.0" encoding="utf-8"?>
<CoverageSession xmlns:xsd="http://www.w3.org/2001/XMLSchema" xmlns:xsi="http://www.w3.org/2001/XMLSchema-instance" Version="4.7.922.0">
  <Summary numSequencePoints="1059" visitedSequencePoints="671" numBranchPoints="338" visitedBranchPoints="223" sequenceCoverage="63.36" branchCoverage="65.98" maxCyclomaticComplexity="25" minCyclomaticComplexity="1" maxCrapScore="650" minCrapScore="1" visitedClasses="7" numClasses="10" visitedMethods="115" numMethods="157" />
  <Modules>
    <Module hash="E5-57-6A-46-87-59-C0-57-A8-28-88-75-A9-9A-95-14-E6-29-34-B3">
      <Summary numSequencePoints="338" visitedSequencePoints="338" numBranchPoints="45" visitedBranchPoints="45" sequenceCoverage="100" branchCoverage="100" maxCyclomaticComplexity="2" minCyclomaticComplexity="1" maxCrapScore="2" minCrapScore="1" visitedClasses="1" numClasses="1" visitedMethods="43" numMethods="43" />
      <ModulePath>D:\repos\Laboratory works\LaboratoryWork_10\UnitTestProject\bin\Debug\fine-code-coverage\build-output\UnitTestProject.dll</ModulePath>
      <ModuleTime>2023-12-01T06:26:57.6399849Z</ModuleTime>
      <ModuleName>UnitTestProject</ModuleName>
      <Files>
        <File uid="1" fullPath="D:\repos\Laboratory works\LaboratoryWork_10\UnitTestProject\UnitTest1.cs" />
      </Files>
      <Classes>
        <Class>
          <Summary numSequencePoints="338" visitedSequencePoints="338" numBranchPoints="45" visitedBranchPoints="45" sequenceCoverage="100" branchCoverage="100" maxCyclomaticComplexity="2" minCyclomaticComplexity="1" maxCrapScore="2" minCrapScore="1" visitedClasses="1" numClasses="1" visitedMethods="43" numMethods="43" />
          <FullName>UnitTestProject.UnitTest1</FullName>
          <Methods>
            <Method visited="true" cyclomaticComplexity="1" nPathComplexity="0" sequenceCoverage="100" branchCoverage="100" crapScore="1" isConstructor="false" isStatic="false" isGetter="false" isSetter="false">
              <Summary numSequencePoints="6" visitedSequencePoints="6" numBranchPoints="1" visitedBranchPoints="1" sequenceCoverage="100" branchCoverage="100" maxCyclomaticComplexity="1" minCyclomaticComplexity="1" maxCrapScore="1" minCrapScore="1" visitedClasses="0" numClasses="0" visitedMethods="1" numMethods="1" />
              <MetadataToken>100663297</MetadataToken>
              <Name>System.Void UnitTestProject.UnitTest1::CountNorthernHemisphereAddresses_AddressesIsExists_PositiveCountReturned()</Name>
              <FileRef uid="1" />
              <SequencePoints>
                <SequencePoint vc="1" uspid="1" ordinal="0" offset="0" sl="13" sc="9" el="13" ec="10" bec="0" bev="0" fileid="1" />
                <SequencePoint vc="1" uspid="2" ordinal="1" offset="1" sl="15" sc="13" el="15" ec="103" bec="0" bev="0" fileid="1" />
                <SequencePoint vc="1" uspid="3" ordinal="2" offset="81" sl="16" sc="13" el="16" ec="30" bec="0" bev="0" fileid="1" />
                <SequencePoint vc="1" uspid="4" ordinal="3" offset="83" sl="19" sc="13" el="19" ec="78" bec="0" bev="0" fileid="1" />
                <SequencePoint vc="1" uspid="5" ordinal="4" offset="90" sl="22" sc="13" el="22" ec="47" bec="0" bev="0" fileid="1" />
                <SequencePoint vc="1" uspid="6" ordinal="5" offset="98" sl="23" sc="9" el="23" ec="10" bec="0" bev="0" fileid="1" />
              </SequencePoints>
              <BranchPoints />
              <MethodPoint xsi:type="SequencePoint" vc="1" uspid="1" ordinal="0" offset="0" sl="13" sc="9" el="13" ec="10" bec="0" bev="0" fileid="1" />
            </Method>
            <Method visited="true" cyclomaticComplexity="1" nPathComplexity="0" sequenceCoverage="100" branchCoverage="100" crapScore="1" isConstructor="false" isStatic="false" isGetter="false" isSetter="false">
              <Summary numSequencePoints="6" visitedSequencePoints="6" numBranchPoints="1" visitedBranchPoints="1" sequenceCoverage="100" branchCoverage="100" maxCyclomaticComplexity="1" minCyclomaticComplexity="1" maxCrapScore="1" minCrapScore="1" visitedClasses="0" numClasses="0" visitedMethods="1" numMethods="1" />
              <MetadataToken>100663298</MetadataToken>
              <Name>System.Void UnitTestProject.UnitTest1::CountNorthernHemisphereAddresses_SouthHemisphereAddresses_0Returned()</Name>
              <FileRef uid="1" />
              <SequencePoints>
                <SequencePoint vc="1" uspid="7" ordinal="0" offset="0" sl="26" sc="9" el="26" ec="10" bec="0" bev="0" fileid="1" />
                <SequencePoint vc="1" uspid="8" ordinal="1" offset="1" sl="28" sc="13" el="28" ec="121" bec="0" bev="0" fileid="1" />
                <SequencePoint vc="1" uspid="9" ordinal="2" offset="102" sl="29" sc="13" el="29" ec="30" bec="0" bev="0" fileid="1" />
                <SequencePoint vc="1" uspid="10" ordinal="3" offset="104" sl="32" sc="13" el="32" ec="78" bec="0" bev="0" fileid="1" />
                <SequencePoint vc="1" uspid="11" ordinal="4" offset="111" sl="35" sc="13" el="35" ec="47" bec="0" bev="0" fileid="1" />
                <SequencePoint vc="1" uspid="12" ordinal="5" offset="119" sl="36" sc="9" el="36" ec="10" bec="0" bev="0" fileid="1" />
              </SequencePoints>
              <BranchPoints />
              <MethodPoint xsi:type="SequencePoint" vc="1" uspid="7" ordinal="0" offset="0" sl="26" sc="9" el="26" ec="10" bec="0" bev="0" fileid="1" />
            </Method>
            <Method visited="true" cyclomaticComplexity="1" nPathComplexity="0" sequenceCoverage="100" branchCoverage="100" crapScore="1" isConstructor="false" isStatic="false" isGetter="false" isSetter="false">
              <Summary numSequencePoints="6" visitedSequencePoints="6" numBranchPoints="1" visitedBranchPoints="1" sequenceCoverage="100" branchCoverage="100" maxCyclomaticComplexity="1" minCyclomaticComplexity="1" maxCrapScore="1" minCrapScore="1" visitedClasses="0" numClasses="0" visitedMethods="1" numMethods="1" />
              <MetadataToken>100663299</MetadataToken>
              <Name>System.Void UnitTestProject.UnitTest1::CountMultimillionCities_CityExists_PositiveCountReturned()</Name>
              <FileRef uid="1" />
              <SequencePoints>
                <SequencePoint vc="1" uspid="13" ordinal="0" offset="0" sl="39" sc="9" el="39" ec="10" bec="0" bev="0" fileid="1" />
                <SequencePoint vc="1" uspid="14" ordinal="1" offset="1" sl="41" sc="13" el="41" ec="138" bec="0" bev="0" fileid="1" />
                <SequencePoint vc="1" uspid="15" ordinal="2" offset="103" sl="42" sc="13" el="42" ec="30" bec="0" bev="0" fileid="1" />
                <SequencePoint vc="1" uspid="16" ordinal="3" offset="105" sl="45" sc="13" el="45" ec="69" bec="0" bev="0" fileid="1" />
                <SequencePoint vc="1" uspid="17" ordinal="4" offset="112" sl="48" sc="13" el="48" ec="47" bec="0" bev="0" fileid="1" />
                <SequencePoint vc="1" uspid="18" ordinal="5" offset="120" sl="49" sc="9" el="49" ec="10" bec="0" bev="0" fileid="1" />
              </SequencePoints>
              <BranchPoints />
              <MethodPoint xsi:type="SequencePoint" vc="1" uspid="13" ordinal="0" offset="0" sl="39" sc="9" el="39" ec="10" bec="0" bev="0" fileid="1" />
            </Method>
            <Method visited="true" cyclomaticComplexity="1" nPathComplexity="0" sequenceCoverage="100" branchCoverage="100" crapScore="1" isConstructor="false" isStatic="false" isGetter="false" isSetter="false">
              <Summary numSequencePoints="6" visitedSequencePoints="6" numBranchPoints="1" visitedBranchPoints="1" sequenceCoverage="100" branchCoverage="100" maxCyclomaticComplexity="1" minCyclomaticComplexity="1" maxCrapScore="1" minCrapScore="1" visitedClasses="0" numClasses="0" visitedMethods="1" numMethods="1" />
              <MetadataToken>100663300</MetadataToken>
              <Name>System.Void UnitTestProject.UnitTest1::CountMultimillionCities_CityNotExists_0Returned()</Name>
              <FileRef uid="1" />
              <SequencePoints>
                <SequencePoint vc="1" uspid="19" ordinal="0" offset="0" sl="52" sc="9" el="52" ec="10" bec="0" bev="0" fileid="1" />
                <SequencePoint vc="1" uspid="20" ordinal="1" offset="1" sl="54" sc="13" el="54" ec="55" bec="0" bev="0" fileid="1" />
                <SequencePoint vc="1" uspid="21" ordinal="2" offset="16" sl="55" sc="13" el="55" ec="30" bec="0" bev="0" fileid="1" />
                <SequencePoint vc="1" uspid="22" ordinal="3" offset="18" sl="58" sc="13" el="58" ec="69" bec="0" bev="0" fileid="1" />
                <SequencePoint vc="1" uspid="23" ordinal="4" offset="25" sl="61" sc="13" el="61" ec="47" bec="0" bev="0" fileid="1" />
                <SequencePoint vc="1" uspid="24" ordinal="5" offset="33" sl="62" sc="9" el="62" ec="10" bec="0" bev="0" fileid="1" />
              </SequencePoints>
              <BranchPoints />
              <MethodPoint xsi:type="SequencePoint" vc="1" uspid="19" ordinal="0" offset="0" sl="52" sc="9" el="52" ec="10" bec="0" bev="0" fileid="1" />
            </Method>
            <Method visited="true" cyclomaticComplexity="1" nPathComplexity="0" sequenceCoverage="100" branchCoverage="100" crapScore="1" isConstructor="false" isStatic="false" isGetter="false" isSetter="false">
              <Summary numSequencePoints="6" visitedSequencePoints="6" numBranchPoints="1" visitedBranchPoints="1" sequenceCoverage="100" branchCoverage="100" maxCyclomaticComplexity="1" minCyclomaticComplexity="1" maxCrapScore="1" minCrapScore="1" visitedClasses="0" numClasses="0" visitedMethods="1" numMethods="1" />
              <MetadataToken>100663301</MetadataToken>
              <Name>System.Void UnitTestProject.UnitTest1::CountSpecifiedStreetAddresses_AddressExists_PositiveCountReturned()</Name>
              <FileRef uid="1" />
              <SequencePoints>
                <SequencePoint vc="1" uspid="25" ordinal="0" offset="0" sl="65" sc="9" el="65" ec="10" bec="0" bev="0" fileid="1" />
                <SequencePoint vc="1" uspid="26" ordinal="1" offset="1" sl="67" sc="13" el="67" ec="99" bec="0" bev="0" fileid="1" />
                <SequencePoint vc="1" uspid="27" ordinal="2" offset="63" sl="68" sc="13" el="68" ec="30" bec="0" bev="0" fileid="1" />
                <SequencePoint vc="1" uspid="28" ordinal="3" offset="65" sl="71" sc="13" el="71" ec="83" bec="0" bev="0" fileid="1" />
                <SequencePoint vc="1" uspid="29" ordinal="4" offset="77" sl="74" sc="13" el="74" ec="47" bec="0" bev="0" fileid="1" />
                <SequencePoint vc="1" uspid="30" ordinal="5" offset="85" sl="75" sc="9" el="75" ec="10" bec="0" bev="0" fileid="1" />
              </SequencePoints>
              <BranchPoints />
              <MethodPoint xsi:type="SequencePoint" vc="1" uspid="25" ordinal="0" offset="0" sl="65" sc="9" el="65" ec="10" bec="0" bev="0" fileid="1" />
            </Method>
            <Method visited="true" cyclomaticComplexity="1" nPathComplexity="0" sequenceCoverage="100" branchCoverage="100" crapScore="1" isConstructor="false" isStatic="false" isGetter="false" isSetter="false">
              <Summary numSequencePoints="6" visitedSequencePoints="6" numBranchPoints="1" visitedBranchPoints="1" sequenceCoverage="100" branchCoverage="100" maxCyclomaticComplexity="1" minCyclomaticComplexity="1" maxCrapScore="1" minCrapScore="1" visitedClasses="0" numClasses="0" visitedMethods="1" numMethods="1" />
              <MetadataToken>100663302</MetadataToken>
              <Name>System.Void UnitTestProject.UnitTest1::CountSpecifiedStreetAddresses_AddressNotExists_0Returned()</Name>
              <FileRef uid="1" />
              <SequencePoints>
                <SequencePoint vc="1" uspid="31" ordinal="0" offset="0" sl="78" sc="9" el="78" ec="10" bec="0" bev="0" fileid="1" />
                <SequencePoint vc="1" uspid="32" ordinal="1" offset="1" sl="80" sc="13" el="80" ec="55" bec="0" bev="0" fileid="1" />
                <SequencePoint vc="1" uspid="33" ordinal="2" offset="16" sl="81" sc="13" el="81" ec="30" bec="0" bev="0" fileid="1" />
                <SequencePoint vc="1" uspid="34" ordinal="3" offset="18" sl="84" sc="13" el="84" ec="83" bec="0" bev="0" fileid="1" />
                <SequencePoint vc="1" uspid="35" ordinal="4" offset="30" sl="87" sc="13" el="87" ec="47" bec="0" bev="0" fileid="1" />
                <SequencePoint vc="1" uspid="36" ordinal="5" offset="38" sl="88" sc="9" el="88" ec="10" bec="0" bev="0" fileid="1" />
              </SequencePoints>
              <BranchPoints />
              <MethodPoint xsi:type="SequencePoint" vc="1" uspid="31" ordinal="0" offset="0" sl="78" sc="9" el="78" ec="10" bec="0" bev="0" fileid="1" />
            </Method>
            <Method visited="true" cyclomaticComplexity="1" nPathComplexity="0" sequenceCoverage="100" branchCoverage="100" crapScore="1" isConstructor="false" isStatic="false" isGetter="false" isSetter="false">
              <Summary numSequencePoints="6" visitedSequencePoints="6" numBranchPoints="1" visitedBranchPoints="1" sequenceCoverage="100" branchCoverage="100" maxCyclomaticComplexity="1" minCyclomaticComplexity="1" maxCrapScore="1" minCrapScore="1" visitedClasses="0" numClasses="0" visitedMethods="1" numMethods="1" />
              <MetadataToken>100663303</MetadataToken>
              <Name>System.Void UnitTestProject.UnitTest1::SearchBinary_EmptyArray_NullReturned()</Name>
              <FileRef uid="1" />
              <SequencePoints>
                <SequencePoint vc="1" uspid="37" ordinal="0" offset="0" sl="92" sc="9" el="92" ec="10" bec="0" bev="0" fileid="1" />
                <SequencePoint vc="1" uspid="38" ordinal="1" offset="1" sl="94" sc="13" el="94" ec="52" bec="0" bev="0" fileid="1" />
                <SequencePoint vc="1" uspid="39" ordinal="2" offset="8" sl="95" sc="13" el="95" ec="38" bec="0" bev="0" fileid="1" />
                <SequencePoint vc="1" uspid="40" ordinal="3" offset="10" sl="98" sc="13" el="98" ec="66" bec="0" bev="0" fileid="1" />
                <SequencePoint vc="1" uspid="41" ordinal="4" offset="26" sl="101" sc="13" el="101" ec="47" bec="0" bev="0" fileid="1" />
                <SequencePoint vc="1" uspid="42" ordinal="5" offset="34" sl="102" sc="9" el="102" ec="10" bec="0" bev="0" fileid="1" />
              </SequencePoints>
              <BranchPoints />
              <MethodPoint xsi:type="SequencePoint" vc="1" uspid="37" ordinal="0" offset="0" sl="92" sc="9" el="92" ec="10" bec="0" bev="0" fileid="1" />
            </Method>
            <Method visited="true" cyclomaticComplexity="2" nPathComplexity="2" sequenceCoverage="100" branchCoverage="100" crapScore="2" isConstructor="false" isStatic="false" isGetter="false" isSetter="false">
              <Summary numSequencePoints="14" visitedSequencePoints="14" numBranchPoints="3" visitedBranchPoints="3" sequenceCoverage="100" branchCoverage="100" maxCyclomaticComplexity="2" minCyclomaticComplexity="2" maxCrapScore="2" minCrapScore="2" visitedClasses="0" numClasses="0" visitedMethods="1" numMethods="1" />
              <MetadataToken>100663304</MetadataToken>
              <Name>System.Void UnitTestProject.UnitTest1::SearchBinary_ExactValue_ExactLocationReturned()</Name>
              <FileRef uid="1" />
              <SequencePoints>
                <SequencePoint vc="1" uspid="43" ordinal="0" offset="0" sl="105" sc="9" el="105" ec="10" bec="0" bev="0" fileid="1" />
                <SequencePoint vc="1" uspid="44" ordinal="1" offset="1" sl="107" sc="13" el="107" ec="53" bec="0" bev="0" fileid="1" />
                <SequencePoint vc="1" uspid="45" ordinal="2" offset="9" sl="108" sc="18" el="108" ec="27" bec="0" bev="0" fileid="1" />
                <SequencePoint vc="10" uspid="46" ordinal="3" offset="13" sl="109" sc="13" el="109" ec="14" bec="0" bev="0" fileid="1" />
                <SequencePoint vc="10" uspid="47" ordinal="4" offset="14" sl="110" sc="17" el="110" ec="47" bec="0" bev="0" fileid="1" />
                <SequencePoint vc="10" uspid="48" ordinal="5" offset="22" sl="111" sc="17" el="111" ec="43" bec="0" bev="0" fileid="1" />
                <SequencePoint vc="10" uspid="49" ordinal="6" offset="31" sl="112" sc="13" el="112" ec="14" bec="0" bev="0" fileid="1" />
                <SequencePoint vc="10" uspid="50" ordinal="7" offset="32" sl="108" sc="37" el="108" ec="40" bec="0" bev="0" fileid="1" />
                <SequencePoint vc="11" uspid="51" ordinal="8" offset="36" sl="108" sc="29" el="108" ec="35" bec="2" bev="2" fileid="1" />
                <SequencePoint vc="1" uspid="52" ordinal="9" offset="47" sl="113" sc="13" el="113" ec="35" bec="0" bev="0" fileid="1" />
                <SequencePoint vc="1" uspid="53" ordinal="10" offset="54" sl="114" sc="13" el="114" ec="46" bec="0" bev="0" fileid="1" />
                <SequencePoint vc="1" uspid="54" ordinal="11" offset="58" sl="117" sc="13" el="117" ec="83" bec="0" bev="0" fileid="1" />
                <SequencePoint vc="1" uspid="55" ordinal="12" offset="71" sl="120" sc="13" el="120" ec="47" bec="0" bev="0" fileid="1" />
                <SequencePoint vc="1" uspid="56" ordinal="13" offset="79" sl="121" sc="9" el="121" ec="10" bec="0" bev="0" fileid="1" />
              </SequencePoints>
              <BranchPoints>
                <BranchPoint vc="1" uspid="57" ordinal="0" offset="45" sl="108" path="0" offsetend="47" fileid="1" />
                <BranchPoint vc="10" uspid="58" ordinal="1" offset="45" sl="108" path="1" offsetend="13" fileid="1" />
              </BranchPoints>
              <MethodPoint xsi:type="SequencePoint" vc="1" uspid="43" ordinal="0" offset="0" sl="105" sc="9" el="105" ec="10" bec="0" bev="0" fileid="1" />
            </Method>
            <Method visited="true" cyclomaticComplexity="1" nPathComplexity="0" sequenceCoverage="100" branchCoverage="100" crapScore="1" isConstructor="false" isStatic="false" isGetter="false" isSetter="false">
              <Summary numSequencePoints="10" visitedSequencePoints="10" numBranchPoints="1" visitedBranchPoints="1" sequenceCoverage="100" branchCoverage="100" maxCyclomaticComplexity="1" minCyclomaticComplexity="1" maxCrapScore="1" minCrapScore="1" visitedClasses="0" numClasses="0" visitedMethods="1" numMethods="1" />
              <MetadataToken>100663305</MetadataToken>
              <Name>System.Void UnitTestProject.UnitTest1::SearchBinary_ApproximateValueIndex0_Index1Returned()</Name>
              <FileRef uid="1" />
              <SequencePoints>
                <SequencePoint vc="1" uspid="59" ordinal="0" offset="0" sl="124" sc="9" el="124" ec="10" bec="0" bev="0" fileid="1" />
                <SequencePoint vc="1" uspid="60" ordinal="1" offset="1" sl="126" sc="13" el="126" ec="52" bec="0" bev="0" fileid="1" />
                <SequencePoint vc="1" uspid="61" ordinal="2" offset="8" sl="127" sc="13" el="127" ec="51" bec="0" bev="0" fileid="1" />
                <SequencePoint vc="1" uspid="62" ordinal="3" offset="34" sl="128" sc="13" el="128" ec="49" bec="0" bev="0" fileid="1" />
                <SequencePoint vc="1" uspid="63" ordinal="4" offset="60" sl="129" sc="13" el="129" ec="50" bec="0" bev="0" fileid="1" />
                <SequencePoint vc="1" uspid="64" ordinal="5" offset="86" sl="130" sc="13" el="130" ec="35" bec="0" bev="0" fileid="1" />
                <SequencePoint vc="1" uspid="65" ordinal="6" offset="93" sl="131" sc="13" el="131" ec="46" bec="0" bev="0" fileid="1" />
                <SequencePoint vc="1" uspid="66" ordinal="7" offset="97" sl="134" sc="13" el="134" ec="66" bec="0" bev="0" fileid="1" />
                <SequencePoint vc="1" uspid="67" ordinal="8" offset="113" sl="137" sc="13" el="137" ec="47" bec="0" bev="0" fileid="1" />
                <SequencePoint vc="1" uspid="68" ordinal="9" offset="121" sl="138" sc="9" el="138" ec="10" bec="0" bev="0" fileid="1" />
              </SequencePoints>
              <BranchPoints />
              <MethodPoint xsi:type="SequencePoint" vc="1" uspid="59" ordinal="0" offset="0" sl="124" sc="9" el="124" ec="10" bec="0" bev="0" fileid="1" />
            </Method>
            <Method visited="true" cyclomaticComplexity="1" nPathComplexity="0" sequenceCoverage="100" branchCoverage="100" crapScore="1" isConstructor="false" isStatic="false" isGetter="false" isSetter="false">
              <Summary numSequencePoints="10" visitedSequencePoints="10" numBranchPoints="1" visitedBranchPoints="1" sequenceCoverage="100" branchCoverage="100" maxCyclomaticComplexity="1" minCyclomaticComplexity="1" maxCrapScore="1" minCrapScore="1" visitedClasses="0" numClasses="0" visitedMethods="1" numMethods="1" />
              <MetadataToken>100663306</MetadataToken>
              <Name>System.Void UnitTestProject.UnitTest1::SearchBinary_ApproximateValueIndex0_Index0Returned()</Name>
              <FileRef uid="1" />
              <SequencePoints>
                <SequencePoint vc="1" uspid="69" ordinal="0" offset="0" sl="141" sc="9" el="141" ec="10" bec="0" bev="0" fileid="1" />
                <SequencePoint vc="1" uspid="70" ordinal="1" offset="1" sl="143" sc="13" el="143" ec="52" bec="0" bev="0" fileid="1" />
                <SequencePoint vc="1" uspid="71" ordinal="2" offset="8" sl="144" sc="13" el="144" ec="51" bec="0" bev="0" fileid="1" />
                <SequencePoint vc="1" uspid="72" ordinal="3" offset="34" sl="145" sc="13" el="145" ec="49" bec="0" bev="0" fileid="1" />
                <SequencePoint vc="1" uspid="73" ordinal="4" offset="60" sl="146" sc="13" el="146" ec="50" bec="0" bev="0" fileid="1" />
                <SequencePoint vc="1" uspid="74" ordinal="5" offset="86" sl="147" sc="13" el="147" ec="35" bec="0" bev="0" fileid="1" />
                <SequencePoint vc="1" uspid="75" ordinal="6" offset="93" sl="148" sc="13" el="148" ec="46" bec="0" bev="0" fileid="1" />
                <SequencePoint vc="1" uspid="76" ordinal="7" offset="97" sl="151" sc="13" el="151" ec="69" bec="0" bev="0" fileid="1" />
                <SequencePoint vc="1" uspid="77" ordinal="8" offset="113" sl="154" sc="13" el="154" ec="47" bec="0" bev="0" fileid="1" />
                <SequencePoint vc="1" uspid="78" ordinal="9" offset="121" sl="155" sc="9" el="155" ec="10" bec="0" bev="0" fileid="1" />
              </SequencePoints>
              <BranchPoints />
              <MethodPoint xsi:type="SequencePoint" vc="1" uspid="69" ordinal="0" offset="0" sl="141" sc="9" el="141" ec="10" bec="0" bev="0" fileid="1" />
            </Method>
            <Method visited="true" cyclomaticComplexity="1" nPathComplexity="0" sequenceCoverage="100" branchCoverage="100" crapScore="1" isConstructor="false" isStatic="false" isGetter="false" isSetter="false">
              <Summary numSequencePoints="10" visitedSequencePoints="10" numBranchPoints="1" visitedBranchPoints="1" sequenceCoverage="100" branchCoverage="100" maxCyclomaticComplexity="1" minCyclomaticComplexity="1" maxCrapScore="1" minCrapScore="1" visitedClasses="0" numClasses="0" visitedMethods="1" numMethods="1" />
              <MetadataToken>100663307</MetadataToken>
              <Name>System.Void UnitTestProject.UnitTest1::SearchBinary_ApproximateValueIndexMax_IndexMaxReturned()</Name>
              <FileRef uid="1" />
              <SequencePoints>
                <SequencePoint vc="1" uspid="79" ordinal="0" offset="0" sl="158" sc="9" el="158" ec="10" bec="0" bev="0" fileid="1" />
                <SequencePoint vc="1" uspid="80" ordinal="1" offset="1" sl="160" sc="13" el="160" ec="52" bec="0" bev="0" fileid="1" />
                <SequencePoint vc="1" uspid="81" ordinal="2" offset="8" sl="161" sc="13" el="161" ec="51" bec="0" bev="0" fileid="1" />
                <SequencePoint vc="1" uspid="82" ordinal="3" offset="34" sl="162" sc="13" el="162" ec="50" bec="0" bev="0" fileid="1" />
                <SequencePoint vc="1" uspid="83" ordinal="4" offset="60" sl="163" sc="13" el="163" ec="50" bec="0" bev="0" fileid="1" />
                <SequencePoint vc="1" uspid="84" ordinal="5" offset="86" sl="164" sc="13" el="164" ec="35" bec="0" bev="0" fileid="1" />
                <SequencePoint vc="1" uspid="85" ordinal="6" offset="93" sl="165" sc="13" el="165" ec="46" bec="0" bev="0" fileid="1" />
                <SequencePoint vc="1" uspid="86" ordinal="7" offset="97" sl="168" sc="13" el="168" ec="68" bec="0" bev="0" fileid="1" />
                <SequencePoint vc="1" uspid="87" ordinal="8" offset="113" sl="171" sc="13" el="171" ec="47" bec="0" bev="0" fileid="1" />
                <SequencePoint vc="1" uspid="88" ordinal="9" offset="121" sl="172" sc="9" el="172" ec="10" bec="0" bev="0" fileid="1" />
              </SequencePoints>
              <BranchPoints />
              <MethodPoint xsi:type="SequencePoint" vc="1" uspid="79" ordinal="0" offset="0" sl="158" sc="9" el="158" ec="10" bec="0" bev="0" fileid="1" />
            </Method>
            <Method visited="true" cyclomaticComplexity="1" nPathComplexity="0" sequenceCoverage="100" branchCoverage="100" crapScore="1" isConstructor="false" isStatic="false" isGetter="false" isSetter="false">
              <Summary numSequencePoints="10" visitedSequencePoints="10" numBranchPoints="1" visitedBranchPoints="1" sequenceCoverage="100" branchCoverage="100" maxCyclomaticComplexity="1" minCyclomaticComplexity="1" maxCrapScore="1" minCrapScore="1" visitedClasses="0" numClasses="0" visitedMethods="1" numMethods="1" />
              <MetadataToken>100663308</MetadataToken>
              <Name>System.Void UnitTestProject.UnitTest1::SearchBinary_ApproximateValueIndexMax_IndexNearMaxReturned()</Name>
              <FileRef uid="1" />
              <SequencePoints>
                <SequencePoint vc="1" uspid="89" ordinal="0" offset="0" sl="175" sc="9" el="175" ec="10" bec="0" bev="0" fileid="1" />
                <SequencePoint vc="1" uspid="90" ordinal="1" offset="1" sl="177" sc="13" el="177" ec="52" bec="0" bev="0" fileid="1" />
                <SequencePoint vc="1" uspid="91" ordinal="2" offset="8" sl="178" sc="13" el="178" ec="51" bec="0" bev="0" fileid="1" />
                <SequencePoint vc="1" uspid="92" ordinal="3" offset="34" sl="179" sc="13" el="179" ec="50" bec="0" bev="0" fileid="1" />
                <SequencePoint vc="1" uspid="93" ordinal="4" offset="60" sl="180" sc="13" el="180" ec="50" bec="0" bev="0" fileid="1" />
                <SequencePoint vc="1" uspid="94" ordinal="5" offset="86" sl="181" sc="13" el="181" ec="35" bec="0" bev="0" fileid="1" />
                <SequencePoint vc="1" uspid="95" ordinal="6" offset="93" sl="182" sc="13" el="182" ec="46" bec="0" bev="0" fileid="1" />
                <SequencePoint vc="1" uspid="96" ordinal="7" offset="97" sl="185" sc="13" el="185" ec="66" bec="0" bev="0" fileid="1" />
                <SequencePoint vc="1" uspid="97" ordinal="8" offset="113" sl="188" sc="13" el="188" ec="47" bec="0" bev="0" fileid="1" />
                <SequencePoint vc="1" uspid="98" ordinal="9" offset="121" sl="189" sc="9" el="189" ec="10" bec="0" bev="0" fileid="1" />
              </SequencePoints>
              <BranchPoints />
              <MethodPoint xsi:type="SequencePoint" vc="1" uspid="89" ordinal="0" offset="0" sl="175" sc="9" el="175" ec="10" bec="0" bev="0" fileid="1" />
            </Method>
            <Method visited="true" cyclomaticComplexity="1" nPathComplexity="0" sequenceCoverage="100" branchCoverage="100" crapScore="1" isConstructor="false" isStatic="false" isGetter="false" isSetter="false">
              <Summary numSequencePoints="12" visitedSequencePoints="12" numBranchPoints="1" visitedBranchPoints="1" sequenceCoverage="100" branchCoverage="100" maxCyclomaticComplexity="1" minCyclomaticComplexity="1" maxCrapScore="1" minCrapScore="1" visitedClasses="0" numClasses="0" visitedMethods="1" numMethods="1" />
              <MetadataToken>100663309</MetadataToken>
              <Name>System.Void UnitTestProject.UnitTest1::SearchBinary_ApproximateValueIndexMidle_IndexMidleDecReturned()</Name>
              <FileRef uid="1" />
              <SequencePoints>
                <SequencePoint vc="1" uspid="99" ordinal="0" offset="0" sl="192" sc="9" el="192" ec="10" bec="0" bev="0" fileid="1" />
                <SequencePoint vc="1" uspid="100" ordinal="1" offset="1" sl="194" sc="13" el="194" ec="52" bec="0" bev="0" fileid="1" />
                <SequencePoint vc="1" uspid="101" ordinal="2" offset="8" sl="195" sc="13" el="195" ec="51" bec="0" bev="0" fileid="1" />
                <SequencePoint vc="1" uspid="102" ordinal="3" offset="34" sl="196" sc="13" el="196" ec="51" bec="0" bev="0" fileid="1" />
                <SequencePoint vc="1" uspid="103" ordinal="4" offset="60" sl="197" sc="13" el="197" ec="48" bec="0" bev="0" fileid="1" />
                <SequencePoint vc="1" uspid="104" ordinal="5" offset="86" sl="198" sc="13" el="198" ec="50" bec="0" bev="0" fileid="1" />
                <SequencePoint vc="1" uspid="105" ordinal="6" offset="112" sl="199" sc="13" el="199" ec="50" bec="0" bev="0" fileid="1" />
                <SequencePoint vc="1" uspid="106" ordinal="7" offset="138" sl="200" sc="13" el="200" ec="35" bec="0" bev="0" fileid="1" />
                <SequencePoint vc="1" uspid="107" ordinal="8" offset="145" sl="201" sc="13" el="201" ec="46" bec="0" bev="0" fileid="1" />
                <SequencePoint vc="1" uspid="108" ordinal="9" offset="149" sl="204" sc="13" el="204" ec="67" bec="0" bev="0" fileid="1" />
                <SequencePoint vc="1" uspid="109" ordinal="10" offset="165" sl="207" sc="13" el="207" ec="47" bec="0" bev="0" fileid="1" />
                <SequencePoint vc="1" uspid="110" ordinal="11" offset="173" sl="208" sc="9" el="208" ec="10" bec="0" bev="0" fileid="1" />
              </SequencePoints>
              <BranchPoints />
              <MethodPoint xsi:type="SequencePoint" vc="1" uspid="99" ordinal="0" offset="0" sl="192" sc="9" el="192" ec="10" bec="0" bev="0" fileid="1" />
            </Method>
            <Method visited="true" cyclomaticComplexity="1" nPathComplexity="0" sequenceCoverage="100" branchCoverage="100" crapScore="1" isConstructor="false" isStatic="false" isGetter="false" isSetter="false">
              <Summary numSequencePoints="12" visitedSequencePoints="12" numBranchPoints="1" visitedBranchPoints="1" sequenceCoverage="100" branchCoverage="100" maxCyclomaticComplexity="1" minCyclomaticComplexity="1" maxCrapScore="1" minCrapScore="1" visitedClasses="0" numClasses="0" visitedMethods="1" numMethods="1" />
              <MetadataToken>100663310</MetadataToken>
              <Name>System.Void UnitTestProject.UnitTest1::SearchBinary_ApproximateValueIndexMidle_IndexMidleIncrReturned()</Name>
              <FileRef uid="1" />
              <SequencePoints>
                <SequencePoint vc="1" uspid="111" ordinal="0" offset="0" sl="211" sc="9" el="211" ec="10" bec="0" bev="0" fileid="1" />
                <SequencePoint vc="1" uspid="112" ordinal="1" offset="1" sl="213" sc="13" el="213" ec="52" bec="0" bev="0" fileid="1" />
                <SequencePoint vc="1" uspid="113" ordinal="2" offset="8" sl="214" sc="13" el="214" ec="51" bec="0" bev="0" fileid="1" />
                <SequencePoint vc="1" uspid="114" ordinal="3" offset="34" sl="215" sc="13" el="215" ec="51" bec="0" bev="0" fileid="1" />
                <SequencePoint vc="1" uspid="115" ordinal="4" offset="60" sl="216" sc="13" el="216" ec="48" bec="0" bev="0" fileid="1" />
                <SequencePoint vc="1" uspid="116" ordinal="5" offset="86" sl="217" sc="13" el="217" ec="50" bec="0" bev="0" fileid="1" />
                <SequencePoint vc="1" uspid="117" ordinal="6" offset="112" sl="218" sc="13" el="218" ec="50" bec="0" bev="0" fileid="1" />
                <SequencePoint vc="1" uspid="118" ordinal="7" offset="138" sl="219" sc="13" el="219" ec="35" bec="0" bev="0" fileid="1" />
                <SequencePoint vc="1" uspid="119" ordinal="8" offset="145" sl="220" sc="13" el="220" ec="46" bec="0" bev="0" fileid="1" />
                <SequencePoint vc="1" uspid="120" ordinal="9" offset="149" sl="223" sc="13" el="223" ec="68" bec="0" bev="0" fileid="1" />
                <SequencePoint vc="1" uspid="121" ordinal="10" offset="165" sl="226" sc="13" el="226" ec="47" bec="0" bev="0" fileid="1" />
                <SequencePoint vc="1" uspid="122" ordinal="11" offset="173" sl="227" sc="9" el="227" ec="10" bec="0" bev="0" fileid="1" />
              </SequencePoints>
              <BranchPoints />
              <MethodPoint xsi:type="SequencePoint" vc="1" uspid="111" ordinal="0" offset="0" sl="211" sc="9" el="211" ec="10" bec="0" bev="0" fileid="1" />
            </Method>
            <Method visited="true" cyclomaticComplexity="1" nPathComplexity="0" sequenceCoverage="100" branchCoverage="100" crapScore="1" isConstructor="false" isStatic="false" isGetter="false" isSetter="false">
              <Summary numSequencePoints="12" visitedSequencePoints="12" numBranchPoints="1" visitedBranchPoints="1" sequenceCoverage="100" branchCoverage="100" maxCyclomaticComplexity="1" minCyclomaticComplexity="1" maxCrapScore="1" minCrapScore="1" visitedClasses="0" numClasses="0" visitedMethods="1" numMethods="1" />
              <MetadataToken>100663311</MetadataToken>
              <Name>System.Void UnitTestProject.UnitTest1::SearchBinary_ApproximateValueIndexMidle_IndexMidle1Returned()</Name>
              <FileRef uid="1" />
              <SequencePoints>
                <SequencePoint vc="1" uspid="123" ordinal="0" offset="0" sl="230" sc="9" el="230" ec="10" bec="0" bev="0" fileid="1" />
                <SequencePoint vc="1" uspid="124" ordinal="1" offset="1" sl="232" sc="13" el="232" ec="52" bec="0" bev="0" fileid="1" />
                <SequencePoint vc="1" uspid="125" ordinal="2" offset="8" sl="233" sc="13" el="233" ec="51" bec="0" bev="0" fileid="1" />
                <SequencePoint vc="1" uspid="126" ordinal="3" offset="34" sl="234" sc="13" el="234" ec="51" bec="0" bev="0" fileid="1" />
                <SequencePoint vc="1" uspid="127" ordinal="4" offset="60" sl="235" sc="13" el="235" ec="48" bec="0" bev="0" fileid="1" />
                <SequencePoint vc="1" uspid="128" ordinal="5" offset="86" sl="236" sc="13" el="236" ec="50" bec="0" bev="0" fileid="1" />
                <SequencePoint vc="1" uspid="129" ordinal="6" offset="112" sl="237" sc="13" el="237" ec="50" bec="0" bev="0" fileid="1" />
                <SequencePoint vc="1" uspid="130" ordinal="7" offset="138" sl="238" sc="13" el="238" ec="35" bec="0" bev="0" fileid="1" />
                <SequencePoint vc="1" uspid="131" ordinal="8" offset="145" sl="239" sc="13" el="239" ec="46" bec="0" bev="0" fileid="1" />
                <SequencePoint vc="1" uspid="132" ordinal="9" offset="149" sl="242" sc="13" el="242" ec="68" bec="0" bev="0" fileid="1" />
                <SequencePoint vc="1" uspid="133" ordinal="10" offset="165" sl="245" sc="13" el="245" ec="47" bec="0" bev="0" fileid="1" />
                <SequencePoint vc="1" uspid="134" ordinal="11" offset="173" sl="246" sc="9" el="246" ec="10" bec="0" bev="0" fileid="1" />
              </SequencePoints>
              <BranchPoints />
              <MethodPoint xsi:type="SequencePoint" vc="1" uspid="123" ordinal="0" offset="0" sl="230" sc="9" el="230" ec="10" bec="0" bev="0" fileid="1" />
            </Method>
            <Method visited="true" cyclomaticComplexity="1" nPathComplexity="0" sequenceCoverage="100" branchCoverage="100" crapScore="1" isConstructor="false" isStatic="false" isGetter="false" isSetter="false">
              <Summary numSequencePoints="13" visitedSequencePoints="13" numBranchPoints="1" visitedBranchPoints="1" sequenceCoverage="100" branchCoverage="100" maxCyclomaticComplexity="1" minCyclomaticComplexity="1" maxCrapScore="1" minCrapScore="1" visitedClasses="0" numClasses="0" visitedMethods="1" numMethods="1" />
              <MetadataToken>100663312</MetadataToken>
              <Name>System.Void UnitTestProject.UnitTest1::SearchBinary_ApproximateValueIndexMidle_IndexMidle2Returned()</Name>
              <FileRef uid="1" />
              <SequencePoints>
                <SequencePoint vc="1" uspid="135" ordinal="0" offset="0" sl="249" sc="9" el="249" ec="10" bec="0" bev="0" fileid="1" />
                <SequencePoint vc="1" uspid="136" ordinal="1" offset="1" sl="251" sc="13" el="251" ec="52" bec="0" bev="0" fileid="1" />
                <SequencePoint vc="1" uspid="137" ordinal="2" offset="8" sl="252" sc="13" el="252" ec="51" bec="0" bev="0" fileid="1" />
                <SequencePoint vc="1" uspid="138" ordinal="3" offset="34" sl="253" sc="13" el="253" ec="51" bec="0" bev="0" fileid="1" />
                <SequencePoint vc="1" uspid="139" ordinal="4" offset="60" sl="254" sc="13" el="254" ec="50" bec="0" bev="0" fileid="1" />
                <SequencePoint vc="1" uspid="140" ordinal="5" offset="86" sl="255" sc="13" el="255" ec="49" bec="0" bev="0" fileid="1" />
                <SequencePoint vc="1" uspid="141" ordinal="6" offset="112" sl="256" sc="13" el="256" ec="50" bec="0" bev="0" fileid="1" />
                <SequencePoint vc="1" uspid="142" ordinal="7" offset="138" sl="257" sc="13" el="257" ec="50" bec="0" bev="0" fileid="1" />
                <SequencePoint vc="1" uspid="143" ordinal="8" offset="164" sl="258" sc="13" el="258" ec="35" bec="0" bev="0" fileid="1" />
                <SequencePoint vc="1" uspid="144" ordinal="9" offset="171" sl="259" sc="13" el="259" ec="46" bec="0" bev="0" fileid="1" />
                <SequencePoint vc="1" uspid="145" ordinal="10" offset="175" sl="262" sc="13" el="262" ec="66" bec="0" bev="0" fileid="1" />
                <SequencePoint vc="1" uspid="146" ordinal="11" offset="191" sl="265" sc="13" el="265" ec="47" bec="0" bev="0" fileid="1" />
                <SequencePoint vc="1" uspid="147" ordinal="12" offset="199" sl="266" sc="9" el="266" ec="10" bec="0" bev="0" fileid="1" />
              </SequencePoints>
              <BranchPoints />
              <MethodPoint xsi:type="SequencePoint" vc="1" uspid="135" ordinal="0" offset="0" sl="249" sc="9" el="249" ec="10" bec="0" bev="0" fileid="1" />
            </Method>
            <Method visited="true" cyclomaticComplexity="1" nPathComplexity="0" sequenceCoverage="100" branchCoverage="100" crapScore="1" isConstructor="false" isStatic="false" isGetter="false" isSetter="false">
              <Summary numSequencePoints="7" visitedSequencePoints="7" numBranchPoints="1" visitedBranchPoints="1" sequenceCoverage="100" branchCoverage="100" maxCyclomaticComplexity="1" minCyclomaticComplexity="1" maxCrapScore="1" minCrapScore="1" visitedClasses="0" numClasses="0" visitedMethods="1" numMethods="1" />
              <MetadataToken>100663313</MetadataToken>
              <Name>System.Void UnitTestProject.UnitTest1::SearchBinary_ApproximateArrayLength1_Index0Returned()</Name>
              <FileRef uid="1" />
              <SequencePoints>
                <SequencePoint vc="1" uspid="148" ordinal="0" offset="0" sl="269" sc="9" el="269" ec="10" bec="0" bev="0" fileid="1" />
                <SequencePoint vc="1" uspid="149" ordinal="1" offset="1" sl="271" sc="13" el="271" ec="52" bec="0" bev="0" fileid="1" />
                <SequencePoint vc="1" uspid="150" ordinal="2" offset="8" sl="272" sc="13" el="272" ec="48" bec="0" bev="0" fileid="1" />
                <SequencePoint vc="1" uspid="151" ordinal="3" offset="34" sl="273" sc="13" el="273" ec="46" bec="0" bev="0" fileid="1" />
                <SequencePoint vc="1" uspid="152" ordinal="4" offset="38" sl="276" sc="13" el="276" ec="66" bec="0" bev="0" fileid="1" />
                <SequencePoint vc="1" uspid="153" ordinal="5" offset="54" sl="279" sc="13" el="279" ec="47" bec="0" bev="0" fileid="1" />
                <SequencePoint vc="1" uspid="154" ordinal="6" offset="62" sl="280" sc="9" el="280" ec="10" bec="0" bev="0" fileid="1" />
              </SequencePoints>
              <BranchPoints />
              <MethodPoint xsi:type="SequencePoint" vc="1" uspid="148" ordinal="0" offset="0" sl="269" sc="9" el="269" ec="10" bec="0" bev="0" fileid="1" />
            </Method>
            <Method visited="true" cyclomaticComplexity="1" nPathComplexity="0" sequenceCoverage="100" branchCoverage="100" crapScore="1" isConstructor="false" isStatic="false" isGetter="false" isSetter="false">
              <Summary numSequencePoints="7" visitedSequencePoints="7" numBranchPoints="1" visitedBranchPoints="1" sequenceCoverage="100" branchCoverage="100" maxCyclomaticComplexity="1" minCyclomaticComplexity="1" maxCrapScore="1" minCrapScore="1" visitedClasses="0" numClasses="0" visitedMethods="1" numMethods="1" />
              <MetadataToken>100663314</MetadataToken>
              <Name>System.Void UnitTestProject.UnitTest1::CopyShallow_Address_ShallowCopyReturned()</Name>
              <FileRef uid="1" />
              <SequencePoints>
                <SequencePoint vc="1" uspid="155" ordinal="0" offset="0" sl="283" sc="9" el="283" ec="10" bec="0" bev="0" fileid="1" />
                <SequencePoint vc="1" uspid="156" ordinal="1" offset="1" sl="285" sc="13" el="285" ec="41" bec="0" bev="0" fileid="1" />
                <SequencePoint vc="1" uspid="157" ordinal="2" offset="7" sl="286" sc="13" el="286" ec="52" bec="0" bev="0" fileid="1" />
                <SequencePoint vc="1" uspid="158" ordinal="3" offset="14" sl="287" sc="13" el="287" ec="34" bec="0" bev="0" fileid="1" />
                <SequencePoint vc="1" uspid="159" ordinal="4" offset="16" sl="290" sc="13" el="290" ec="43" bec="0" bev="0" fileid="1" />
                <SequencePoint vc="1" uspid="160" ordinal="5" offset="24" sl="293" sc="13" el="293" ec="47" bec="0" bev="0" fileid="1" />
                <SequencePoint vc="1" uspid="161" ordinal="6" offset="32" sl="294" sc="9" el="294" ec="10" bec="0" bev="0" fileid="1" />
              </SequencePoints>
              <BranchPoints />
              <MethodPoint xsi:type="SequencePoint" vc="1" uspid="155" ordinal="0" offset="0" sl="283" sc="9" el="283" ec="10" bec="0" bev="0" fileid="1" />
            </Method>
            <Method visited="true" cyclomaticComplexity="1" nPathComplexity="0" sequenceCoverage="100" branchCoverage="100" crapScore="1" isConstructor="false" isStatic="false" isGetter="false" isSetter="false">
              <Summary numSequencePoints="7" visitedSequencePoints="7" numBranchPoints="1" visitedBranchPoints="1" sequenceCoverage="100" branchCoverage="100" maxCyclomaticComplexity="1" minCyclomaticComplexity="1" maxCrapScore="1" minCrapScore="1" visitedClasses="0" numClasses="0" visitedMethods="1" numMethods="1" />
              <MetadataToken>100663315</MetadataToken>
              <Name>System.Void UnitTestProject.UnitTest1::CopyDeep_Address_DeepCopyReturned()</Name>
              <FileRef uid="1" />
              <SequencePoints>
                <SequencePoint vc="1" uspid="162" ordinal="0" offset="0" sl="297" sc="9" el="297" ec="10" bec="0" bev="0" fileid="1" />
                <SequencePoint vc="1" uspid="163" ordinal="1" offset="1" sl="299" sc="13" el="299" ec="41" bec="0" bev="0" fileid="1" />
                <SequencePoint vc="1" uspid="164" ordinal="2" offset="7" sl="300" sc="13" el="300" ec="49" bec="0" bev="0" fileid="1" />
                <SequencePoint vc="1" uspid="165" ordinal="3" offset="14" sl="301" sc="13" el="301" ec="35" bec="0" bev="0" fileid="1" />
                <SequencePoint vc="1" uspid="166" ordinal="4" offset="16" sl="304" sc="13" el="304" ec="44" bec="0" bev="0" fileid="1" />
                <SequencePoint vc="1" uspid="167" ordinal="5" offset="24" sl="307" sc="13" el="307" ec="47" bec="0" bev="0" fileid="1" />
                <SequencePoint vc="1" uspid="168" ordinal="6" offset="32" sl="308" sc="9" el="308" ec="10" bec="0" bev="0" fileid="1" />
              </SequencePoints>
              <BranchPoints />
              <MethodPoint xsi:type="SequencePoint" vc="1" uspid="162" ordinal="0" offset="0" sl="297" sc="9" el="297" ec="10" bec="0" bev="0" fileid="1" />
            </Method>
            <Method visited="true" cyclomaticComplexity="1" nPathComplexity="0" sequenceCoverage="100" branchCoverage="100" crapScore="1" isConstructor="false" isStatic="false" isGetter="false" isSetter="false">
              <Summary numSequencePoints="7" visitedSequencePoints="7" numBranchPoints="1" visitedBranchPoints="1" sequenceCoverage="100" branchCoverage="100" maxCyclomaticComplexity="1" minCyclomaticComplexity="1" maxCrapScore="1" minCrapScore="1" visitedClasses="0" numClasses="0" visitedMethods="1" numMethods="1" />
              <MetadataToken>100663316</MetadataToken>
              <Name>System.Void UnitTestProject.UnitTest1::EqualsLocation_NullObject_FalseReturned()</Name>
              <FileRef uid="1" />
              <SequencePoints>
                <SequencePoint vc="1" uspid="169" ordinal="0" offset="0" sl="312" sc="9" el="312" ec="10" bec="0" bev="0" fileid="1" />
                <SequencePoint vc="1" uspid="170" ordinal="1" offset="1" sl="314" sc="13" el="314" ec="33" bec="0" bev="0" fileid="1" />
                <SequencePoint vc="1" uspid="171" ordinal="2" offset="3" sl="315" sc="13" el="315" ec="47" bec="0" bev="0" fileid="1" />
                <SequencePoint vc="1" uspid="172" ordinal="3" offset="27" sl="316" sc="13" el="316" ec="35" bec="0" bev="0" fileid="1" />
                <SequencePoint vc="1" uspid="173" ordinal="4" offset="29" sl="319" sc="13" el="319" ec="43" bec="0" bev="0" fileid="1" />
                <SequencePoint vc="1" uspid="174" ordinal="5" offset="37" sl="322" sc="13" el="322" ec="47" bec="0" bev="0" fileid="1" />
                <SequencePoint vc="1" uspid="175" ordinal="6" offset="45" sl="323" sc="9" el="323" ec="10" bec="0" bev="0" fileid="1" />
              </SequencePoints>
              <BranchPoints />
              <MethodPoint xsi:type="SequencePoint" vc="1" uspid="169" ordinal="0" offset="0" sl="312" sc="9" el="312" ec="10" bec="0" bev="0" fileid="1" />
            </Method>
            <Method visited="true" cyclomaticComplexity="1" nPathComplexity="0" sequenceCoverage="100" branchCoverage="100" crapScore="1" isConstructor="false" isStatic="false" isGetter="false" isSetter="false">
              <Summary numSequencePoints="7" visitedSequencePoints="7" numBranchPoints="1" visitedBranchPoints="1" sequenceCoverage="100" branchCoverage="100" maxCyclomaticComplexity="1" minCyclomaticComplexity="1" maxCrapScore="1" minCrapScore="1" visitedClasses="0" numClasses="0" visitedMethods="1" numMethods="1" />
              <MetadataToken>100663317</MetadataToken>
              <Name>System.Void UnitTestProject.UnitTest1::EqualsLocation_NotEqual_FalseReturned()</Name>
              <FileRef uid="1" />
              <SequencePoints>
                <SequencePoint vc="1" uspid="176" ordinal="0" offset="0" sl="326" sc="9" el="326" ec="10" bec="0" bev="0" fileid="1" />
                <SequencePoint vc="1" uspid="177" ordinal="1" offset="1" sl="328" sc="13" el="328" ec="43" bec="0" bev="0" fileid="1" />
                <SequencePoint vc="1" uspid="178" ordinal="2" offset="7" sl="329" sc="13" el="329" ec="47" bec="0" bev="0" fileid="1" />
                <SequencePoint vc="1" uspid="179" ordinal="3" offset="31" sl="330" sc="13" el="330" ec="35" bec="0" bev="0" fileid="1" />
                <SequencePoint vc="1" uspid="180" ordinal="4" offset="33" sl="333" sc="13" el="333" ec="43" bec="0" bev="0" fileid="1" />
                <SequencePoint vc="1" uspid="181" ordinal="5" offset="41" sl="336" sc="13" el="336" ec="47" bec="0" bev="0" fileid="1" />
                <SequencePoint vc="1" uspid="182" ordinal="6" offset="49" sl="337" sc="9" el="337" ec="10" bec="0" bev="0" fileid="1" />
              </SequencePoints>
              <BranchPoints />
              <MethodPoint xsi:type="SequencePoint" vc="1" uspid="176" ordinal="0" offset="0" sl="326" sc="9" el="326" ec="10" bec="0" bev="0" fileid="1" />
            </Method>
            <Method visited="true" cyclomaticComplexity="1" nPathComplexity="0" sequenceCoverage="100" branchCoverage="100" crapScore="1" isConstructor="false" isStatic="false" isGetter="false" isSetter="false">
              <Summary numSequencePoints="7" visitedSequencePoints="7" numBranchPoints="1" visitedBranchPoints="1" sequenceCoverage="100" branchCoverage="100" maxCyclomaticComplexity="1" minCyclomaticComplexity="1" maxCrapScore="1" minCrapScore="1" visitedClasses="0" numClasses="0" visitedMethods="1" numMethods="1" />
              <MetadataToken>100663318</MetadataToken>
              <Name>System.Void UnitTestProject.UnitTest1::EqualsLocation_Equal_TrueReturned()</Name>
              <FileRef uid="1" />
              <SequencePoints>
                <SequencePoint vc="1" uspid="183" ordinal="0" offset="0" sl="340" sc="9" el="340" ec="10" bec="0" bev="0" fileid="1" />
                <SequencePoint vc="1" uspid="184" ordinal="1" offset="1" sl="342" sc="13" el="342" ec="43" bec="0" bev="0" fileid="1" />
                <SequencePoint vc="1" uspid="185" ordinal="2" offset="7" sl="343" sc="13" el="343" ec="43" bec="0" bev="0" fileid="1" />
                <SequencePoint vc="1" uspid="186" ordinal="3" offset="13" sl="344" sc="13" el="344" ec="34" bec="0" bev="0" fileid="1" />
                <SequencePoint vc="1" uspid="187" ordinal="4" offset="15" sl="347" sc="13" el="347" ec="43" bec="0" bev="0" fileid="1" />
                <SequencePoint vc="1" uspid="188" ordinal="5" offset="23" sl="350" sc="13" el="350" ec="47" bec="0" bev="0" fileid="1" />
                <SequencePoint vc="1" uspid="189" ordinal="6" offset="31" sl="351" sc="9" el="351" ec="10" bec="0" bev="0" fileid="1" />
              </SequencePoints>
              <BranchPoints />
              <MethodPoint xsi:type="SequencePoint" vc="1" uspid="183" ordinal="0" offset="0" sl="340" sc="9" el="340" ec="10" bec="0" bev="0" fileid="1" />
            </Method>
            <Method visited="true" cyclomaticComplexity="1" nPathComplexity="0" sequenceCoverage="100" branchCoverage="100" crapScore="1" isConstructor="false" isStatic="false" isGetter="false" isSetter="false">
              <Summary numSequencePoints="7" visitedSequencePoints="7" numBranchPoints="1" visitedBranchPoints="1" sequenceCoverage="100" branchCoverage="100" maxCyclomaticComplexity="1" minCyclomaticComplexity="1" maxCrapScore="1" minCrapScore="1" visitedClasses="0" numClasses="0" visitedMethods="1" numMethods="1" />
              <MetadataToken>100663319</MetadataToken>
              <Name>System.Void UnitTestProject.UnitTest1::EqualsAddress_NullObject_FalseReturned()</Name>
              <FileRef uid="1" />
              <SequencePoints>
                <SequencePoint vc="1" uspid="190" ordinal="0" offset="0" sl="354" sc="9" el="354" ec="10" bec="0" bev="0" fileid="1" />
                <SequencePoint vc="1" uspid="191" ordinal="1" offset="1" sl="356" sc="13" el="356" ec="32" bec="0" bev="0" fileid="1" />
                <SequencePoint vc="1" uspid="192" ordinal="2" offset="3" sl="357" sc="13" el="357" ec="41" bec="0" bev="0" fileid="1" />
                <SequencePoint vc="1" uspid="193" ordinal="3" offset="9" sl="358" sc="13" el="358" ec="35" bec="0" bev="0" fileid="1" />
                <SequencePoint vc="1" uspid="194" ordinal="4" offset="11" sl="361" sc="13" el="361" ec="43" bec="0" bev="0" fileid="1" />
                <SequencePoint vc="1" uspid="195" ordinal="5" offset="19" sl="364" sc="13" el="364" ec="47" bec="0" bev="0" fileid="1" />
                <SequencePoint vc="1" uspid="196" ordinal="6" offset="27" sl="365" sc="9" el="365" ec="10" bec="0" bev="0" fileid="1" />
              </SequencePoints>
              <BranchPoints />
              <MethodPoint xsi:type="SequencePoint" vc="1" uspid="190" ordinal="0" offset="0" sl="354" sc="9" el="354" ec="10" bec="0" bev="0" fileid="1" />
            </Method>
            <Method visited="true" cyclomaticComplexity="1" nPathComplexity="0" sequenceCoverage="100" branchCoverage="100" crapScore="1" isConstructor="false" isStatic="false" isGetter="false" isSetter="false">
              <Summary numSequencePoints="8" visitedSequencePoints="8" numBranchPoints="1" visitedBranchPoints="1" sequenceCoverage="100" branchCoverage="100" maxCyclomaticComplexity="1" minCyclomaticComplexity="1" maxCrapScore="1" minCrapScore="1" visitedClasses="0" numClasses="0" visitedMethods="1" numMethods="1" />
              <MetadataToken>100663320</MetadataToken>
              <Name>System.Void UnitTestProject.UnitTest1::EqualsAddress_NotEqual_FalseReturned()</Name>
              <FileRef uid="1" />
              <SequencePoints>
                <SequencePoint vc="1" uspid="197" ordinal="0" offset="0" sl="368" sc="9" el="368" ec="10" bec="0" bev="0" fileid="1" />
                <SequencePoint vc="1" uspid="198" ordinal="1" offset="1" sl="370" sc="13" el="370" ec="41" bec="0" bev="0" fileid="1" />
                <SequencePoint vc="1" uspid="199" ordinal="2" offset="7" sl="371" sc="13" el="371" ec="41" bec="0" bev="0" fileid="1" />
                <SequencePoint vc="1" uspid="200" ordinal="3" offset="13" sl="372" sc="13" el="372" ec="31" bec="0" bev="0" fileid="1" />
                <SequencePoint vc="1" uspid="201" ordinal="4" offset="29" sl="373" sc="13" el="373" ec="35" bec="0" bev="0" fileid="1" />
                <SequencePoint vc="1" uspid="202" ordinal="5" offset="31" sl="376" sc="13" el="376" ec="43" bec="0" bev="0" fileid="1" />
                <SequencePoint vc="1" uspid="203" ordinal="6" offset="39" sl="379" sc="13" el="379" ec="47" bec="0" bev="0" fileid="1" />
                <SequencePoint vc="1" uspid="204" ordinal="7" offset="47" sl="380" sc="9" el="380" ec="10" bec="0" bev="0" fileid="1" />
              </SequencePoints>
              <BranchPoints />
              <MethodPoint xsi:type="SequencePoint" vc="1" uspid="197" ordinal="0" offset="0" sl="368" sc="9" el="368" ec="10" bec="0" bev="0" fileid="1" />
            </Method>
            <Method visited="true" cyclomaticComplexity="1" nPathComplexity="0" sequenceCoverage="100" branchCoverage="100" crapScore="1" isConstructor="false" isStatic="false" isGetter="false" isSetter="false">
              <Summary numSequencePoints="7" visitedSequencePoints="7" numBranchPoints="1" visitedBranchPoints="1" sequenceCoverage="100" branchCoverage="100" maxCyclomaticComplexity="1" minCyclomaticComplexity="1" maxCrapScore="1" minCrapScore="1" visitedClasses="0" numClasses="0" visitedMethods="1" numMethods="1" />
              <MetadataToken>100663321</MetadataToken>
              <Name>System.Void UnitTestProject.UnitTest1::EqualsAddress_Equal_TrueReturned()</Name>
              <FileRef uid="1" />
              <SequencePoints>
                <SequencePoint vc="1" uspid="205" ordinal="0" offset="0" sl="383" sc="9" el="383" ec="10" bec="0" bev="0" fileid="1" />
                <SequencePoint vc="1" uspid="206" ordinal="1" offset="1" sl="385" sc="13" el="385" ec="41" bec="0" bev="0" fileid="1" />
                <SequencePoint vc="1" uspid="207" ordinal="2" offset="7" sl="386" sc="13" el="386" ec="41" bec="0" bev="0" fileid="1" />
                <SequencePoint vc="1" uspid="208" ordinal="3" offset="13" sl="387" sc="13" el="387" ec="34" bec="0" bev="0" fileid="1" />
                <SequencePoint vc="1" uspid="209" ordinal="4" offset="15" sl="390" sc="13" el="390" ec="43" bec="0" bev="0" fileid="1" />
                <SequencePoint vc="1" uspid="210" ordinal="5" offset="23" sl="393" sc="13" el="393" ec="47" bec="0" bev="0" fileid="1" />
                <SequencePoint vc="1" uspid="211" ordinal="6" offset="31" sl="394" sc="9" el="394" ec="10" bec="0" bev="0" fileid="1" />
              </SequencePoints>
              <BranchPoints />
              <MethodPoint xsi:type="SequencePoint" vc="1" uspid="205" ordinal="0" offset="0" sl="383" sc="9" el="383" ec="10" bec="0" bev="0" fileid="1" />
            </Method>
            <Method visited="true" cyclomaticComplexity="1" nPathComplexity="0" sequenceCoverage="100" branchCoverage="100" crapScore="1" isConstructor="false" isStatic="false" isGetter="false" isSetter="false">
              <Summary numSequencePoints="7" visitedSequencePoints="7" numBranchPoints="1" visitedBranchPoints="1" sequenceCoverage="100" branchCoverage="100" maxCyclomaticComplexity="1" minCyclomaticComplexity="1" maxCrapScore="1" minCrapScore="1" visitedClasses="0" numClasses="0" visitedMethods="1" numMethods="1" />
              <MetadataToken>100663322</MetadataToken>
              <Name>System.Void UnitTestProject.UnitTest1::EqualsCity_NullObject_FalseReturned()</Name>
              <FileRef uid="1" />
              <SequencePoints>
                <SequencePoint vc="1" uspid="212" ordinal="0" offset="0" sl="397" sc="9" el="397" ec="10" bec="0" bev="0" fileid="1" />
                <SequencePoint vc="1" uspid="213" ordinal="1" offset="1" sl="399" sc="13" el="399" ec="29" bec="0" bev="0" fileid="1" />
                <SequencePoint vc="1" uspid="214" ordinal="2" offset="3" sl="400" sc="13" el="400" ec="35" bec="0" bev="0" fileid="1" />
                <SequencePoint vc="1" uspid="215" ordinal="3" offset="9" sl="401" sc="13" el="401" ec="35" bec="0" bev="0" fileid="1" />
                <SequencePoint vc="1" uspid="216" ordinal="4" offset="11" sl="404" sc="13" el="404" ec="43" bec="0" bev="0" fileid="1" />
                <SequencePoint vc="1" uspid="217" ordinal="5" offset="19" sl="407" sc="13" el="407" ec="47" bec="0" bev="0" fileid="1" />
                <SequencePoint vc="1" uspid="218" ordinal="6" offset="27" sl="408" sc="9" el="408" ec="10" bec="0" bev="0" fileid="1" />
              </SequencePoints>
              <BranchPoints />
              <MethodPoint xsi:type="SequencePoint" vc="1" uspid="212" ordinal="0" offset="0" sl="397" sc="9" el="397" ec="10" bec="0" bev="0" fileid="1" />
            </Method>
            <Method visited="true" cyclomaticComplexity="1" nPathComplexity="0" sequenceCoverage="100" branchCoverage="100" crapScore="1" isConstructor="false" isStatic="false" isGetter="false" isSetter="false">
              <Summary numSequencePoints="8" visitedSequencePoints="8" numBranchPoints="1" visitedBranchPoints="1" sequenceCoverage="100" branchCoverage="100" maxCyclomaticComplexity="1" minCyclomaticComplexity="1" maxCrapScore="1" minCrapScore="1" visitedClasses="0" numClasses="0" visitedMethods="1" numMethods="1" />
              <MetadataToken>100663323</MetadataToken>
              <Name>System.Void UnitTestProject.UnitTest1::EqualsCity_NotEqual_FalseReturned()</Name>
              <FileRef uid="1" />
              <SequencePoints>
                <SequencePoint vc="1" uspid="219" ordinal="0" offset="0" sl="411" sc="9" el="411" ec="10" bec="0" bev="0" fileid="1" />
                <SequencePoint vc="1" uspid="220" ordinal="1" offset="1" sl="413" sc="13" el="413" ec="35" bec="0" bev="0" fileid="1" />
                <SequencePoint vc="1" uspid="221" ordinal="2" offset="7" sl="414" sc="13" el="414" ec="35" bec="0" bev="0" fileid="1" />
                <SequencePoint vc="1" uspid="222" ordinal="3" offset="13" sl="415" sc="13" el="415" ec="31" bec="0" bev="0" fileid="1" />
                <SequencePoint vc="1" uspid="223" ordinal="4" offset="29" sl="416" sc="13" el="416" ec="35" bec="0" bev="0" fileid="1" />
                <SequencePoint vc="1" uspid="224" ordinal="5" offset="31" sl="419" sc="13" el="419" ec="43" bec="0" bev="0" fileid="1" />
                <SequencePoint vc="1" uspid="225" ordinal="6" offset="39" sl="422" sc="13" el="422" ec="47" bec="0" bev="0" fileid="1" />
                <SequencePoint vc="1" uspid="226" ordinal="7" offset="47" sl="423" sc="9" el="423" ec="10" bec="0" bev="0" fileid="1" />
              </SequencePoints>
              <BranchPoints />
              <MethodPoint xsi:type="SequencePoint" vc="1" uspid="219" ordinal="0" offset="0" sl="411" sc="9" el="411" ec="10" bec="0" bev="0" fileid="1" />
            </Method>
            <Method visited="true" cyclomaticComplexity="1" nPathComplexity="0" sequenceCoverage="100" branchCoverage="100" crapScore="1" isConstructor="false" isStatic="false" isGetter="false" isSetter="false">
              <Summary numSequencePoints="7" visitedSequencePoints="7" numBranchPoints="1" visitedBranchPoints="1" sequenceCoverage="100" branchCoverage="100" maxCyclomaticComplexity="1" minCyclomaticComplexity="1" maxCrapScore="1" minCrapScore="1" visitedClasses="0" numClasses="0" visitedMethods="1" numMethods="1" />
              <MetadataToken>100663324</MetadataToken>
              <Name>System.Void UnitTestProject.UnitTest1::EqualsCity_Equal_TrueReturned()</Name>
              <FileRef uid="1" />
              <SequencePoints>
                <SequencePoint vc="1" uspid="227" ordinal="0" offset="0" sl="426" sc="9" el="426" ec="10" bec="0" bev="0" fileid="1" />
                <SequencePoint vc="1" uspid="228" ordinal="1" offset="1" sl="428" sc="13" el="428" ec="35" bec="0" bev="0" fileid="1" />
                <SequencePoint vc="1" uspid="229" ordinal="2" offset="7" sl="429" sc="13" el="429" ec="35" bec="0" bev="0" fileid="1" />
                <SequencePoint vc="1" uspid="230" ordinal="3" offset="13" sl="430" sc="13" el="430" ec="34" bec="0" bev="0" fileid="1" />
                <SequencePoint vc="1" uspid="231" ordinal="4" offset="15" sl="433" sc="13" el="433" ec="43" bec="0" bev="0" fileid="1" />
                <SequencePoint vc="1" uspid="232" ordinal="5" offset="23" sl="436" sc="13" el="436" ec="47" bec="0" bev="0" fileid="1" />
                <SequencePoint vc="1" uspid="233" ordinal="6" offset="31" sl="437" sc="9" el="437" ec="10" bec="0" bev="0" fileid="1" />
              </SequencePoints>
              <BranchPoints />
              <MethodPoint xsi:type="SequencePoint" vc="1" uspid="227" ordinal="0" offset="0" sl="426" sc="9" el="426" ec="10" bec="0" bev="0" fileid="1" />
            </Method>
            <Method visited="true" cyclomaticComplexity="1" nPathComplexity="0" sequenceCoverage="100" branchCoverage="100" crapScore="1" isConstructor="false" isStatic="false" isGetter="false" isSetter="false">
              <Summary numSequencePoints="7" visitedSequencePoints="7" numBranchPoints="1" visitedBranchPoints="1" sequenceCoverage="100" branchCoverage="100" maxCyclomaticComplexity="1" minCyclomaticComplexity="1" maxCrapScore="1" minCrapScore="1" visitedClasses="0" numClasses="0" visitedMethods="1" numMethods="1" />
              <MetadataToken>100663325</MetadataToken>
              <Name>System.Void UnitTestProject.UnitTest1::EqualsMegacity_NullObject_FalseReturned()</Name>
              <FileRef uid="1" />
              <SequencePoints>
                <SequencePoint vc="1" uspid="234" ordinal="0" offset="0" sl="440" sc="9" el="440" ec="10" bec="0" bev="0" fileid="1" />
                <SequencePoint vc="1" uspid="235" ordinal="1" offset="1" sl="442" sc="13" el="442" ec="33" bec="0" bev="0" fileid="1" />
                <SequencePoint vc="1" uspid="236" ordinal="2" offset="3" sl="443" sc="13" el="443" ec="43" bec="0" bev="0" fileid="1" />
                <SequencePoint vc="1" uspid="237" ordinal="3" offset="9" sl="444" sc="13" el="444" ec="35" bec="0" bev="0" fileid="1" />
                <SequencePoint vc="1" uspid="238" ordinal="4" offset="11" sl="447" sc="13" el="447" ec="43" bec="0" bev="0" fileid="1" />
                <SequencePoint vc="1" uspid="239" ordinal="5" offset="19" sl="450" sc="13" el="450" ec="47" bec="0" bev="0" fileid="1" />
                <SequencePoint vc="1" uspid="240" ordinal="6" offset="27" sl="451" sc="9" el="451" ec="10" bec="0" bev="0" fileid="1" />
              </SequencePoints>
              <BranchPoints />
              <MethodPoint xsi:type="SequencePoint" vc="1" uspid="234" ordinal="0" offset="0" sl="440" sc="9" el="440" ec="10" bec="0" bev="0" fileid="1" />
            </Method>
            <Method visited="true" cyclomaticComplexity="1" nPathComplexity="0" sequenceCoverage="100" branchCoverage="100" crapScore="1" isConstructor="false" isStatic="false" isGetter="false" isSetter="false">
              <Summary numSequencePoints="8" visitedSequencePoints="8" numBranchPoints="1" visitedBranchPoints="1" sequenceCoverage="100" branchCoverage="100" maxCyclomaticComplexity="1" minCyclomaticComplexity="1" maxCrapScore="1" minCrapScore="1" visitedClasses="0" numClasses="0" visitedMethods="1" numMethods="1" />
              <MetadataToken>100663326</MetadataToken>
              <Name>System.Void UnitTestProject.UnitTest1::EqualsMegacity_NotEqual_FalseReturned()</Name>
              <FileRef uid="1" />
              <SequencePoints>
                <SequencePoint vc="1" uspid="241" ordinal="0" offset="0" sl="454" sc="9" el="454" ec="10" bec="0" bev="0" fileid="1" />
                <SequencePoint vc="1" uspid="242" ordinal="1" offset="1" sl="456" sc="13" el="456" ec="43" bec="0" bev="0" fileid="1" />
                <SequencePoint vc="1" uspid="243" ordinal="2" offset="7" sl="457" sc="13" el="457" ec="43" bec="0" bev="0" fileid="1" />
                <SequencePoint vc="1" uspid="244" ordinal="3" offset="13" sl="458" sc="13" el="458" ec="31" bec="0" bev="0" fileid="1" />
                <SequencePoint vc="1" uspid="245" ordinal="4" offset="29" sl="459" sc="13" el="459" ec="35" bec="0" bev="0" fileid="1" />
                <SequencePoint vc="1" uspid="246" ordinal="5" offset="31" sl="462" sc="13" el="462" ec="43" bec="0" bev="0" fileid="1" />
                <SequencePoint vc="1" uspid="247" ordinal="6" offset="39" sl="465" sc="13" el="465" ec="47" bec="0" bev="0" fileid="1" />
                <SequencePoint vc="1" uspid="248" ordinal="7" offset="47" sl="466" sc="9" el="466" ec="10" bec="0" bev="0" fileid="1" />
              </SequencePoints>
              <BranchPoints />
              <MethodPoint xsi:type="SequencePoint" vc="1" uspid="241" ordinal="0" offset="0" sl="454" sc="9" el="454" ec="10" bec="0" bev="0" fileid="1" />
            </Method>
            <Method visited="true" cyclomaticComplexity="1" nPathComplexity="0" sequenceCoverage="100" branchCoverage="100" crapScore="1" isConstructor="false" isStatic="false" isGetter="false" isSetter="false">
              <Summary numSequencePoints="7" visitedSequencePoints="7" numBranchPoints="1" visitedBranchPoints="1" sequenceCoverage="100" branchCoverage="100" maxCyclomaticComplexity="1" minCyclomaticComplexity="1" maxCrapScore="1" minCrapScore="1" visitedClasses="0" numClasses="0" visitedMethods="1" numMethods="1" />
              <MetadataToken>100663327</MetadataToken>
              <Name>System.Void UnitTestProject.UnitTest1::EqualsMegacity_Equal_TrueReturned()</Name>
              <FileRef uid="1" />
              <SequencePoints>
                <SequencePoint vc="1" uspid="249" ordinal="0" offset="0" sl="469" sc="9" el="469" ec="10" bec="0" bev="0" fileid="1" />
                <SequencePoint vc="1" uspid="250" ordinal="1" offset="1" sl="471" sc="13" el="471" ec="43" bec="0" bev="0" fileid="1" />
                <SequencePoint vc="1" uspid="251" ordinal="2" offset="7" sl="472" sc="13" el="472" ec="43" bec="0" bev="0" fileid="1" />
                <SequencePoint vc="1" uspid="252" ordinal="3" offset="13" sl="473" sc="13" el="473" ec="34" bec="0" bev="0" fileid="1" />
                <SequencePoint vc="1" uspid="253" ordinal="4" offset="15" sl="476" sc="13" el="476" ec="43" bec="0" bev="0" fileid="1" />
                <SequencePoint vc="1" uspid="254" ordinal="5" offset="23" sl="479" sc="13" el="479" ec="47" bec="0" bev="0" fileid="1" />
                <SequencePoint vc="1" uspid="255" ordinal="6" offset="31" sl="480" sc="9" el="480" ec="10" bec="0" bev="0" fileid="1" />
              </SequencePoints>
              <BranchPoints />
              <MethodPoint xsi:type="SequencePoint" vc="1" uspid="249" ordinal="0" offset="0" sl="469" sc="9" el="469" ec="10" bec="0" bev="0" fileid="1" />
            </Method>
            <Method visited="true" cyclomaticComplexity="1" nPathComplexity="0" sequenceCoverage="100" branchCoverage="100" crapScore="1" isConstructor="false" isStatic="false" isGetter="false" isSetter="false">
              <Summary numSequencePoints="7" visitedSequencePoints="7" numBranchPoints="1" visitedBranchPoints="1" sequenceCoverage="100" branchCoverage="100" maxCyclomaticComplexity="1" minCyclomaticComplexity="1" maxCrapScore="1" minCrapScore="1" visitedClasses="0" numClasses="0" visitedMethods="1" numMethods="1" />
              <MetadataToken>100663328</MetadataToken>
              <Name>System.Void UnitTestProject.UnitTest1::EqualsRegion_NullObject_FalseReturned()</Name>
              <FileRef uid="1" />
              <SequencePoints>
                <SequencePoint vc="1" uspid="256" ordinal="0" offset="0" sl="483" sc="9" el="483" ec="10" bec="0" bev="0" fileid="1" />
                <SequencePoint vc="1" uspid="257" ordinal="1" offset="1" sl="485" sc="13" el="485" ec="31" bec="0" bev="0" fileid="1" />
                <SequencePoint vc="1" uspid="258" ordinal="2" offset="3" sl="486" sc="13" el="486" ec="39" bec="0" bev="0" fileid="1" />
                <SequencePoint vc="1" uspid="259" ordinal="3" offset="9" sl="487" sc="13" el="487" ec="35" bec="0" bev="0" fileid="1" />
                <SequencePoint vc="1" uspid="260" ordinal="4" offset="11" sl="490" sc="13" el="490" ec="43" bec="0" bev="0" fileid="1" />
                <SequencePoint vc="1" uspid="261" ordinal="5" offset="19" sl="493" sc="13" el="493" ec="47" bec="0" bev="0" fileid="1" />
                <SequencePoint vc="1" uspid="262" ordinal="6" offset="27" sl="494" sc="9" el="494" ec="10" bec="0" bev="0" fileid="1" />
              </SequencePoints>
              <BranchPoints />
              <MethodPoint xsi:type="SequencePoint" vc="1" uspid="256" ordinal="0" offset="0" sl="483" sc="9" el="483" ec="10" bec="0" bev="0" fileid="1" />
            </Method>
            <Method visited="true" cyclomaticComplexity="1" nPathComplexity="0" sequenceCoverage="100" branchCoverage="100" crapScore="1" isConstructor="false" isStatic="false" isGetter="false" isSetter="false">
              <Summary numSequencePoints="8" visitedSequencePoints="8" numBranchPoints="1" visitedBranchPoints="1" sequenceCoverage="100" branchCoverage="100" maxCyclomaticComplexity="1" minCyclomaticComplexity="1" maxCrapScore="1" minCrapScore="1" visitedClasses="0" numClasses="0" visitedMethods="1" numMethods="1" />
              <MetadataToken>100663329</MetadataToken>
              <Name>System.Void UnitTestProject.UnitTest1::EqualsRegion_NotEqual_FalseReturned()</Name>
              <FileRef uid="1" />
              <SequencePoints>
                <SequencePoint vc="1" uspid="263" ordinal="0" offset="0" sl="497" sc="9" el="497" ec="10" bec="0" bev="0" fileid="1" />
                <SequencePoint vc="1" uspid="264" ordinal="1" offset="1" sl="499" sc="13" el="499" ec="39" bec="0" bev="0" fileid="1" />
                <SequencePoint vc="1" uspid="265" ordinal="2" offset="7" sl="500" sc="13" el="500" ec="39" bec="0" bev="0" fileid="1" />
                <SequencePoint vc="1" uspid="266" ordinal="3" offset="13" sl="501" sc="13" el="501" ec="31" bec="0" bev="0" fileid="1" />
                <SequencePoint vc="1" uspid="267" ordinal="4" offset="29" sl="502" sc="13" el="502" ec="35" bec="0" bev="0" fileid="1" />
                <SequencePoint vc="1" uspid="268" ordinal="5" offset="31" sl="505" sc="13" el="505" ec="43" bec="0" bev="0" fileid="1" />
                <SequencePoint vc="1" uspid="269" ordinal="6" offset="39" sl="508" sc="13" el="508" ec="47" bec="0" bev="0" fileid="1" />
                <SequencePoint vc="1" uspid="270" ordinal="7" offset="47" sl="509" sc="9" el="509" ec="10" bec="0" bev="0" fileid="1" />
              </SequencePoints>
              <BranchPoints />
              <MethodPoint xsi:type="SequencePoint" vc="1" uspid="263" ordinal="0" offset="0" sl="497" sc="9" el="497" ec="10" bec="0" bev="0" fileid="1" />
            </Method>
            <Method visited="true" cyclomaticComplexity="1" nPathComplexity="0" sequenceCoverage="100" branchCoverage="100" crapScore="1" isConstructor="false" isStatic="false" isGetter="false" isSetter="false">
              <Summary numSequencePoints="7" visitedSequencePoints="7" numBranchPoints="1" visitedBranchPoints="1" sequenceCoverage="100" branchCoverage="100" maxCyclomaticComplexity="1" minCyclomaticComplexity="1" maxCrapScore="1" minCrapScore="1" visitedClasses="0" numClasses="0" visitedMethods="1" numMethods="1" />
              <MetadataToken>100663330</MetadataToken>
              <Name>System.Void UnitTestProject.UnitTest1::EqualsRegion_Equal_TrueReturned()</Name>
              <FileRef uid="1" />
              <SequencePoints>
                <SequencePoint vc="1" uspid="271" ordinal="0" offset="0" sl="512" sc="9" el="512" ec="10" bec="0" bev="0" fileid="1" />
                <SequencePoint vc="1" uspid="272" ordinal="1" offset="1" sl="514" sc="13" el="514" ec="39" bec="0" bev="0" fileid="1" />
                <SequencePoint vc="1" uspid="273" ordinal="2" offset="7" sl="515" sc="13" el="515" ec="39" bec="0" bev="0" fileid="1" />
                <SequencePoint vc="1" uspid="274" ordinal="3" offset="13" sl="516" sc="13" el="516" ec="34" bec="0" bev="0" fileid="1" />
                <SequencePoint vc="1" uspid="275" ordinal="4" offset="15" sl="519" sc="13" el="519" ec="43" bec="0" bev="0" fileid="1" />
                <SequencePoint vc="1" uspid="276" ordinal="5" offset="23" sl="522" sc="13" el="522" ec="47" bec="0" bev="0" fileid="1" />
                <SequencePoint vc="1" uspid="277" ordinal="6" offset="31" sl="523" sc="9" el="523" ec="10" bec="0" bev="0" fileid="1" />
              </SequencePoints>
              <BranchPoints />
              <MethodPoint xsi:type="SequencePoint" vc="1" uspid="271" ordinal="0" offset="0" sl="512" sc="9" el="512" ec="10" bec="0" bev="0" fileid="1" />
            </Method>
            <Method visited="true" cyclomaticComplexity="1" nPathComplexity="0" sequenceCoverage="100" branchCoverage="100" crapScore="1" isConstructor="false" isStatic="false" isGetter="false" isSetter="false">
              <Summary numSequencePoints="7" visitedSequencePoints="7" numBranchPoints="1" visitedBranchPoints="1" sequenceCoverage="100" branchCoverage="100" maxCyclomaticComplexity="1" minCyclomaticComplexity="1" maxCrapScore="1" minCrapScore="1" visitedClasses="0" numClasses="0" visitedMethods="1" numMethods="1" />
              <MetadataToken>100663331</MetadataToken>
              <Name>System.Void UnitTestProject.UnitTest1::CompareToLocation_EqualLongitude_0Returned()</Name>
              <FileRef uid="1" />
              <SequencePoints>
                <SequencePoint vc="1" uspid="278" ordinal="0" offset="0" sl="526" sc="9" el="526" ec="10" bec="0" bev="0" fileid="1" />
                <SequencePoint vc="1" uspid="279" ordinal="1" offset="1" sl="528" sc="13" el="528" ec="43" bec="0" bev="0" fileid="1" />
                <SequencePoint vc="1" uspid="280" ordinal="2" offset="7" sl="529" sc="13" el="529" ec="41" bec="0" bev="0" fileid="1" />
                <SequencePoint vc="1" uspid="281" ordinal="3" offset="13" sl="530" sc="13" el="530" ec="30" bec="0" bev="0" fileid="1" />
                <SequencePoint vc="1" uspid="282" ordinal="4" offset="15" sl="533" sc="13" el="533" ec="45" bec="0" bev="0" fileid="1" />
                <SequencePoint vc="1" uspid="283" ordinal="5" offset="23" sl="536" sc="13" el="536" ec="47" bec="0" bev="0" fileid="1" />
                <SequencePoint vc="1" uspid="284" ordinal="6" offset="31" sl="537" sc="9" el="537" ec="10" bec="0" bev="0" fileid="1" />
              </SequencePoints>
              <BranchPoints />
              <MethodPoint xsi:type="SequencePoint" vc="1" uspid="278" ordinal="0" offset="0" sl="526" sc="9" el="526" ec="10" bec="0" bev="0" fileid="1" />
            </Method>
            <Method visited="true" cyclomaticComplexity="1" nPathComplexity="0" sequenceCoverage="100" branchCoverage="100" crapScore="1" isConstructor="false" isStatic="false" isGetter="false" isSetter="false">
              <Summary numSequencePoints="7" visitedSequencePoints="7" numBranchPoints="1" visitedBranchPoints="1" sequenceCoverage="100" branchCoverage="100" maxCyclomaticComplexity="1" minCyclomaticComplexity="1" maxCrapScore="1" minCrapScore="1" visitedClasses="0" numClasses="0" visitedMethods="1" numMethods="1" />
              <MetadataToken>100663332</MetadataToken>
              <Name>System.Void UnitTestProject.UnitTest1::ShallowCopy_Region_ShallowCopyReturned()</Name>
              <FileRef uid="1" />
              <SequencePoints>
                <SequencePoint vc="1" uspid="285" ordinal="0" offset="0" sl="541" sc="9" el="541" ec="10" bec="0" bev="0" fileid="1" />
                <SequencePoint vc="1" uspid="286" ordinal="1" offset="1" sl="543" sc="13" el="543" ec="39" bec="0" bev="0" fileid="1" />
                <SequencePoint vc="1" uspid="287" ordinal="2" offset="7" sl="544" sc="13" el="544" ec="44" bec="0" bev="0" fileid="1" />
                <SequencePoint vc="1" uspid="288" ordinal="3" offset="14" sl="545" sc="13" el="545" ec="34" bec="0" bev="0" fileid="1" />
                <SequencePoint vc="1" uspid="289" ordinal="4" offset="16" sl="548" sc="13" el="548" ec="43" bec="0" bev="0" fileid="1" />
                <SequencePoint vc="1" uspid="290" ordinal="5" offset="24" sl="551" sc="13" el="551" ec="47" bec="0" bev="0" fileid="1" />
                <SequencePoint vc="1" uspid="291" ordinal="6" offset="32" sl="552" sc="9" el="552" ec="10" bec="0" bev="0" fileid="1" />
              </SequencePoints>
              <BranchPoints />
              <MethodPoint xsi:type="SequencePoint" vc="1" uspid="285" ordinal="0" offset="0" sl="541" sc="9" el="541" ec="10" bec="0" bev="0" fileid="1" />
            </Method>
            <Method visited="true" cyclomaticComplexity="1" nPathComplexity="0" sequenceCoverage="100" branchCoverage="100" crapScore="1" isConstructor="false" isStatic="false" isGetter="false" isSetter="false">
              <Summary numSequencePoints="7" visitedSequencePoints="7" numBranchPoints="1" visitedBranchPoints="1" sequenceCoverage="100" branchCoverage="100" maxCyclomaticComplexity="1" minCyclomaticComplexity="1" maxCrapScore="1" minCrapScore="1" visitedClasses="0" numClasses="0" visitedMethods="1" numMethods="1" />
              <MetadataToken>100663333</MetadataToken>
              <Name>System.Void UnitTestProject.UnitTest1::Clone_Region_DeepCopyReturned()</Name>
              <FileRef uid="1" />
              <SequencePoints>
                <SequencePoint vc="1" uspid="292" ordinal="0" offset="0" sl="555" sc="9" el="555" ec="10" bec="0" bev="0" fileid="1" />
                <SequencePoint vc="1" uspid="293" ordinal="1" offset="1" sl="557" sc="13" el="557" ec="39" bec="0" bev="0" fileid="1" />
                <SequencePoint vc="1" uspid="294" ordinal="2" offset="7" sl="558" sc="13" el="558" ec="47" bec="0" bev="0" fileid="1" />
                <SequencePoint vc="1" uspid="295" ordinal="3" offset="19" sl="559" sc="13" el="559" ec="35" bec="0" bev="0" fileid="1" />
                <SequencePoint vc="1" uspid="296" ordinal="4" offset="21" sl="562" sc="13" el="562" ec="44" bec="0" bev="0" fileid="1" />
[...]
                <SequencePoint vc="3" uspid="1145" ordinal="4" offset="10" sl="238" sc="22" el="238" ec="30" bec="0" bev="0" fileid="19" />
                <SequencePoint vc="3" uspid="1146" ordinal="5" offset="14" sl="239" sc="13" el="239" ec="14" bec="0" bev="0" fileid="19" />
                <SequencePoint vc="3" uspid="1147" ordinal="6" offset="15" sl="240" sc="17" el="240" ec="37" bec="2" bev="2" fileid="19" />
                <SequencePoint vc="2" uspid="1148" ordinal="7" offset="30" sl="241" sc="17" el="241" ec="18" bec="0" bev="0" fileid="19" />
                <SequencePoint vc="2" uspid="1149" ordinal="8" offset="31" sl="242" sc="21" el="242" ec="58" bec="2" bev="2" fileid="19" />
                <SequencePoint vc="1" uspid="1150" ordinal="9" offset="54" sl="243" sc="21" el="243" ec="22" bec="0" bev="0" fileid="19" />
                <SequencePoint vc="1" uspid="1151" ordinal="10" offset="55" sl="244" sc="25" el="244" ec="33" bec="0" bev="0" fileid="19" />
                <SequencePoint vc="1" uspid="1152" ordinal="11" offset="59" sl="245" sc="25" el="245" ec="37" bec="0" bev="0" fileid="19" />
                <SequencePoint vc="1" uspid="1153" ordinal="12" offset="66" sl="246" sc="21" el="246" ec="22" bec="0" bev="0" fileid="19" />
                <SequencePoint vc="2" uspid="1154" ordinal="13" offset="67" sl="247" sc="17" el="247" ec="18" bec="0" bev="0" fileid="19" />
                <SequencePoint vc="3" uspid="1155" ordinal="14" offset="68" sl="248" sc="13" el="248" ec="14" bec="0" bev="0" fileid="19" />
                <SequencePoint vc="5" uspid="1156" ordinal="15" offset="73" sl="238" sc="31" el="238" ec="33" bec="0" bev="0" fileid="19" />
                <SequencePoint vc="2" uspid="1157" ordinal="16" offset="79" sl="249" sc="13" el="249" ec="26" bec="0" bev="0" fileid="19" />
                <SequencePoint vc="2" uspid="1158" ordinal="17" offset="84" sl="250" sc="9" el="250" ec="10" bec="0" bev="0" fileid="19" />
              </SequencePoints>
              <BranchPoints>
                <BranchPoint vc="2" uspid="1159" ordinal="0" offset="28" sl="240" path="0" offsetend="30" fileid="19" />
                <BranchPoint vc="1" uspid="1160" ordinal="1" offset="28" sl="240" path="1" offsetend="68" fileid="19" />
                <BranchPoint vc="1" uspid="1161" ordinal="2" offset="52" sl="242" path="0" offsetend="54" fileid="19" />
                <BranchPoint vc="1" uspid="1162" ordinal="3" offset="52" sl="242" path="1" offsetend="67" fileid="19" />
              </BranchPoints>
              <MethodPoint xsi:type="SequencePoint" vc="2" uspid="1141" ordinal="0" offset="0" sl="236" sc="9" el="236" ec="10" bec="0" bev="0" fileid="19" />
            </Method>
            <Method visited="false" cyclomaticComplexity="2" nPathComplexity="0" sequenceCoverage="0" branchCoverage="0" crapScore="6" isConstructor="false" isStatic="true" isGetter="false" isSetter="false">
              <Summary numSequencePoints="10" visitedSequencePoints="0" numBranchPoints="1" visitedBranchPoints="0" sequenceCoverage="0" branchCoverage="0" maxCyclomaticComplexity="2" minCyclomaticComplexity="2" maxCrapScore="6" minCrapScore="6" visitedClasses="0" numClasses="0" visitedMethods="0" numMethods="1" />
              <MetadataToken>100663302</MetadataToken>
              <Name>System.Void LaboratoryWork_10.Program::ShowLocations(LocationLibrary.Location[])</Name>
              <FileRef uid="19" />
              <SequencePoints>
                <SequencePoint vc="0" uspid="1165" ordinal="0" offset="0" sl="252" sc="9" el="252" ec="10" bec="0" bev="0" fileid="19" />
                <SequencePoint vc="0" uspid="1166" ordinal="1" offset="1" sl="253" sc="13" el="253" ec="20" bec="0" bev="0" fileid="19" />
                <SequencePoint vc="0" uspid="1167" ordinal="2" offset="2" sl="253" sc="34" el="253" ec="43" bec="0" bev="0" fileid="19" />
                <SequencePoint vc="0" uspid="1168" ordinal="3" offset="8" sl="253" sc="22" el="253" ec="30" bec="0" bev="0" fileid="19" />
                <SequencePoint vc="0" uspid="1169" ordinal="4" offset="12" sl="254" sc="13" el="254" ec="14" bec="0" bev="0" fileid="19" />
                <SequencePoint vc="0" uspid="1170" ordinal="5" offset="13" sl="255" sc="17" el="255" ec="29" bec="0" bev="0" fileid="19" />
                <SequencePoint vc="0" uspid="1171" ordinal="6" offset="20" sl="256" sc="17" el="256" ec="37" bec="0" bev="0" fileid="19" />
                <SequencePoint vc="0" uspid="1172" ordinal="7" offset="26" sl="257" sc="13" el="257" ec="14" bec="0" bev="0" fileid="19" />
                <SequencePoint vc="0" uspid="1173" ordinal="8" offset="31" sl="253" sc="31" el="253" ec="33" bec="0" bev="0" fileid="19" />
                <SequencePoint vc="0" uspid="1174" ordinal="9" offset="37" sl="258" sc="9" el="258" ec="10" bec="0" bev="0" fileid="19" />
              </SequencePoints>
              <BranchPoints />
              <MethodPoint xsi:type="SequencePoint" vc="0" uspid="1165" ordinal="0" offset="0" sl="252" sc="9" el="252" ec="10" bec="0" bev="0" fileid="19" />
            </Method>
            <Method visited="true" cyclomaticComplexity="16" nPathComplexity="32768" sequenceCoverage="100" branchCoverage="100" crapScore="16" isConstructor="false" isStatic="true" isGetter="false" isSetter="false">
              <Summary numSequencePoints="43" visitedSequencePoints="43" numBranchPoints="31" visitedBranchPoints="31" sequenceCoverage="100" branchCoverage="100" maxCyclomaticComplexity="16" minCyclomaticComplexity="16" maxCrapScore="16" minCrapScore="16" visitedClasses="0" numClasses="0" visitedMethods="1" numMethods="1" />
              <MetadataToken>100663303</MetadataToken>
              <Name>LocationLibrary.Location LaboratoryWork_10.Program::SearchBinary(LocationLibrary.Location[],System.Double)</Name>
              <FileRef uid="19" />
              <SequencePoints>
                <SequencePoint vc="11" uspid="1177" ordinal="0" offset="0" sl="267" sc="9" el="267" ec="10" bec="0" bev="0" fileid="19" />
                <SequencePoint vc="11" uspid="1178" ordinal="1" offset="1" sl="268" sc="13" el="268" ec="26" bec="0" bev="0" fileid="19" />
                <SequencePoint vc="11" uspid="1179" ordinal="2" offset="3" sl="269" sc="13" el="269" ec="40" bec="0" bev="0" fileid="19" />
                <SequencePoint vc="11" uspid="1180" ordinal="3" offset="9" sl="270" sc="13" el="270" ec="44" bec="0" bev="0" fileid="19" />
                <SequencePoint vc="11" uspid="1181" ordinal="4" offset="15" sl="271" sc="13" el="271" ec="29" bec="0" bev="0" fileid="19" />
                <SequencePoint vc="23" uspid="1182" ordinal="5" offset="24" sl="273" sc="13" el="273" ec="14" bec="0" bev="0" fileid="19" />
                <SequencePoint vc="23" uspid="1183" ordinal="6" offset="25" sl="274" sc="17" el="274" ec="44" bec="0" bev="0" fileid="19" />
                <SequencePoint vc="23" uspid="1184" ordinal="7" offset="31" sl="275" sc="17" el="275" ec="85" bec="2" bev="2" fileid="19" />
                <SequencePoint vc="1" uspid="1185" ordinal="8" offset="56" sl="276" sc="21" el="276" ec="39" bec="0" bev="0" fileid="19" />
                <SequencePoint vc="22" uspid="1186" ordinal="9" offset="66" sl="277" sc="17" el="277" ec="54" bec="2" bev="2" fileid="19" />
                <SequencePoint vc="12" uspid="1187" ordinal="10" offset="83" sl="278" sc="21" el="278" ec="38" bec="0" bev="0" fileid="19" />
                <SequencePoint vc="22" uspid="1188" ordinal="11" offset="87" sl="279" sc="17" el="279" ec="54" bec="2" bev="2" fileid="19" />
                <SequencePoint vc="10" uspid="1189" ordinal="12" offset="104" sl="280" sc="21" el="280" ec="39" bec="0" bev="0" fileid="19" />
                <SequencePoint vc="22" uspid="1190" ordinal="13" offset="108" sl="281" sc="13" el="281" ec="14" bec="0" bev="0" fileid="19" />
                <SequencePoint vc="33" uspid="1191" ordinal="14" offset="109" sl="272" sc="13" el="272" ec="34" bec="2" bev="2" fileid="19" />
                <SequencePoint vc="10" uspid="1192" ordinal="15" offset="122" sl="283" sc="13" el="283" ec="33" bec="2" bev="2" fileid="19" />
                <SequencePoint vc="1" uspid="1193" ordinal="16" offset="133" sl="284" sc="17" el="284" ec="29" bec="0" bev="0" fileid="19" />
                <SequencePoint vc="9" uspid="1194" ordinal="17" offset="141" sl="286" sc="17" el="286" ec="50" bec="4" bev="4" fileid="19" />
                <SequencePoint vc="2" uspid="1195" ordinal="18" offset="159" sl="287" sc="13" el="287" ec="14" bec="0" bev="0" fileid="19" />
                <SequencePoint vc="2" uspid="1196" ordinal="19" offset="160" sl="288" sc="17" el="288" ec="113" bec="2" bev="2" fileid="19" />
                <SequencePoint vc="1" uspid="1197" ordinal="20" offset="200" sl="289" sc="21" el="289" ec="43" bec="0" bev="0" fileid="19" />
                <SequencePoint vc="1" uspid="1198" ordinal="21" offset="212" sl="290" sc="13" el="290" ec="14" bec="0" bev="0" fileid="19" />
                <SequencePoint vc="7" uspid="1199" ordinal="22" offset="218" sl="292" sc="17" el="292" ec="63" bec="4" bev="4" fileid="19" />
                <SequencePoint vc="2" uspid="1200" ordinal="23" offset="241" sl="293" sc="13" el="293" ec="14" bec="0" bev="0" fileid="19" />
                <SequencePoint vc="2" uspid="1201" ordinal="24" offset="242" sl="294" sc="17" el="294" ec="113" bec="2" bev="2" fileid="19" />
                <SequencePoint vc="1" uspid="1202" ordinal="25" offset="282" sl="295" sc="21" el="295" ec="43" bec="0" bev="0" fileid="19" />
                <SequencePoint vc="1" uspid="1203" ordinal="26" offset="294" sl="296" sc="13" el="296" ec="14" bec="0" bev="0" fileid="19" />
                <SequencePoint vc="5" uspid="1204" ordinal="27" offset="300" sl="298" sc="17" el="298" ec="36" bec="2" bev="2" fileid="19" />
                <SequencePoint vc="4" uspid="1205" ordinal="28" offset="312" sl="299" sc="13" el="299" ec="14" bec="0" bev="0" fileid="19" />
                <SequencePoint vc="4" uspid="1206" ordinal="29" offset="313" sl="300" sc="17" el="300" ec="83" bec="0" bev="0" fileid="19" />
                <SequencePoint vc="4" uspid="1207" ordinal="30" offset="332" sl="301" sc="17" el="301" ec="82" bec="0" bev="0" fileid="19" />
                <SequencePoint vc="4" uspid="1208" ordinal="31" offset="351" sl="302" sc="17" el="302" ec="42" bec="2" bev="2" fileid="19" />
                <SequencePoint vc="2" uspid="1209" ordinal="32" offset="363" sl="303" sc="17" el="303" ec="18" bec="0" bev="0" fileid="19" />
                <SequencePoint vc="2" uspid="1210" ordinal="33" offset="364" sl="304" sc="21" el="304" ec="79" bec="2" bev="2" fileid="19" />
                <SequencePoint vc="1" uspid="1211" ordinal="34" offset="389" sl="305" sc="25" el="305" ec="43" bec="0" bev="0" fileid="19" />
                <SequencePoint vc="2" uspid="1212" ordinal="35" offset="393" sl="306" sc="17" el="306" ec="18" bec="0" bev="0" fileid="19" />
                <SequencePoint vc="2" uspid="1213" ordinal="36" offset="396" sl="308" sc="21" el="308" ec="80" bec="2" bev="2" fileid="19" />
                <SequencePoint vc="1" uspid="1214" ordinal="37" offset="421" sl="309" sc="17" el="309" ec="18" bec="0" bev="0" fileid="19" />
                <SequencePoint vc="1" uspid="1215" ordinal="38" offset="422" sl="310" sc="21" el="310" ec="39" bec="0" bev="0" fileid="19" />
                <SequencePoint vc="1" uspid="1216" ordinal="39" offset="426" sl="311" sc="17" el="311" ec="18" bec="0" bev="0" fileid="19" />
                <SequencePoint vc="4" uspid="1217" ordinal="40" offset="427" sl="312" sc="13" el="312" ec="14" bec="0" bev="0" fileid="19" />
                <SequencePoint vc="7" uspid="1218" ordinal="41" offset="428" sl="313" sc="13" el="313" ec="31" bec="0" bev="0" fileid="19" />
                <SequencePoint vc="11" uspid="1219" ordinal="42" offset="435" sl="314" sc="9" el="314" ec="10" bec="0" bev="0" fileid="19" />
              </SequencePoints>
              <BranchPoints>
                <BranchPoint vc="1" uspid="1220" ordinal="0" offset="54" sl="275" path="0" offsetend="56" fileid="19" />
                <BranchPoint vc="22" uspid="1221" ordinal="1" offset="54" sl="275" path="1" offsetend="66" fileid="19" />
                <BranchPoint vc="12" uspid="1222" ordinal="2" offset="81" sl="277" path="0" offsetend="83" fileid="19" />
                <BranchPoint vc="10" uspid="1223" ordinal="3" offset="81" sl="277" path="1" offsetend="87" fileid="19" />
                <BranchPoint vc="10" uspid="1224" ordinal="4" offset="102" sl="279" path="0" offsetend="104" fileid="19" />
                <BranchPoint vc="12" uspid="1225" ordinal="5" offset="102" sl="279" path="1" offsetend="108" fileid="19" />
                <BranchPoint vc="10" uspid="1226" ordinal="6" offset="120" sl="272" path="0" offsetend="122" fileid="19" />
                <BranchPoint vc="23" uspid="1227" ordinal="7" offset="120" sl="272" path="1" offsetend="24" fileid="19" />
                <BranchPoint vc="1" uspid="1228" ordinal="8" offset="131" sl="283" path="0" offsetend="133" fileid="19" />
                <BranchPoint vc="9" uspid="1229" ordinal="9" offset="131" sl="283" path="1" offsetend="141" fileid="19" />
                <BranchPoint vc="3" uspid="1230" ordinal="10" offset="142" sl="286" path="0" offsetend="144" fileid="19" />
                <BranchPoint vc="6" uspid="1231" ordinal="11" offset="142" sl="286" path="1" offsetend="152" fileid="19" />
                <BranchPoint vc="2" uspid="1232" ordinal="12" offset="157" sl="286" path="0" offsetend="159" fileid="19" />
                <BranchPoint vc="7" uspid="1233" ordinal="13" offset="157" sl="286" path="1" offsetend="218" fileid="19" />
                <BranchPoint vc="1" uspid="1234" ordinal="14" offset="198" sl="288" path="0" offsetend="200" fileid="19" />
                <BranchPoint vc="1" uspid="1235" ordinal="15" offset="198" sl="288" path="1" offsetend="212" fileid="19" />
                <BranchPoint vc="3" uspid="1236" ordinal="16" offset="224" sl="292" path="0" offsetend="226" fileid="19" />
                <BranchPoint vc="4" uspid="1237" ordinal="17" offset="224" sl="292" path="1" offsetend="234" fileid="19" />
                <BranchPoint vc="2" uspid="1238" ordinal="18" offset="239" sl="292" path="0" offsetend="241" fileid="19" />
                <BranchPoint vc="5" uspid="1239" ordinal="19" offset="239" sl="292" path="1" offsetend="300" fileid="19" />
                <BranchPoint vc="1" uspid="1240" ordinal="20" offset="280" sl="294" path="0" offsetend="282" fileid="19" />
                <BranchPoint vc="1" uspid="1241" ordinal="21" offset="280" sl="294" path="1" offsetend="294" fileid="19" />
                <BranchPoint vc="4" uspid="1242" ordinal="22" offset="310" sl="298" path="0" offsetend="312" fileid="19" />
                <BranchPoint vc="1" uspid="1243" ordinal="23" offset="310" sl="298" path="1" offsetend="428" fileid="19" />
                <BranchPoint vc="2" uspid="1244" ordinal="24" offset="361" sl="302" path="0" offsetend="363" fileid="19" />
                <BranchPoint vc="2" uspid="1245" ordinal="25" offset="361" sl="302" path="1" offsetend="396" fileid="19" />
                <BranchPoint vc="1" uspid="1246" ordinal="26" offset="387" sl="304" path="0" offsetend="389" fileid="19" />
                <BranchPoint vc="1" uspid="1247" ordinal="27" offset="387" sl="304" path="1" offsetend="393" fileid="19" />
                <BranchPoint vc="1" uspid="1248" ordinal="28" offset="419" sl="308" path="0" offsetend="421" fileid="19" />
                <BranchPoint vc="1" uspid="1249" ordinal="29" offset="419" sl="308" path="1" offsetend="427" fileid="19" />
              </BranchPoints>
              <MethodPoint xsi:type="SequencePoint" vc="11" uspid="1177" ordinal="0" offset="0" sl="267" sc="9" el="267" ec="10" bec="0" bev="0" fileid="19" />
            </Method>
            <Method visited="true" cyclomaticComplexity="1" nPathComplexity="0" sequenceCoverage="100" branchCoverage="100" crapScore="1" isConstructor="false" isStatic="true" isGetter="false" isSetter="false">
              <Summary numSequencePoints="3" visitedSequencePoints="3" numBranchPoints="1" visitedBranchPoints="1" sequenceCoverage="100" branchCoverage="100" maxCyclomaticComplexity="1" minCyclomaticComplexity="1" maxCrapScore="1" minCrapScore="1" visitedClasses="0" numClasses="0" visitedMethods="1" numMethods="1" />
              <MetadataToken>100663304</MetadataToken>
              <Name>LocationLibrary.Address LaboratoryWork_10.Program::CopyShallow(LocationLibrary.Address)</Name>
              <FileRef uid="19" />
              <SequencePoints>
                <SequencePoint vc="1" uspid="1250" ordinal="0" offset="0" sl="316" sc="9" el="316" ec="10" bec="0" bev="0" fileid="19" />
                <SequencePoint vc="1" uspid="1251" ordinal="1" offset="1" sl="317" sc="13" el="317" ec="46" bec="0" bev="0" fileid="19" />
                <SequencePoint vc="1" uspid="1252" ordinal="2" offset="10" sl="318" sc="9" el="318" ec="10" bec="0" bev="0" fileid="19" />
              </SequencePoints>
              <BranchPoints />
              <MethodPoint xsi:type="SequencePoint" vc="1" uspid="1250" ordinal="0" offset="0" sl="316" sc="9" el="316" ec="10" bec="0" bev="0" fileid="19" />
            </Method>
            <Method visited="true" cyclomaticComplexity="1" nPathComplexity="0" sequenceCoverage="100" branchCoverage="100" crapScore="1" isConstructor="false" isStatic="true" isGetter="false" isSetter="false">
              <Summary numSequencePoints="3" visitedSequencePoints="3" numBranchPoints="1" visitedBranchPoints="1" sequenceCoverage="100" branchCoverage="100" maxCyclomaticComplexity="1" minCyclomaticComplexity="1" maxCrapScore="1" minCrapScore="1" visitedClasses="0" numClasses="0" visitedMethods="1" numMethods="1" />
              <MetadataToken>100663305</MetadataToken>
              <Name>LocationLibrary.Address LaboratoryWork_10.Program::CopyDeep(LocationLibrary.Address)</Name>
              <FileRef uid="19" />
              <SequencePoints>
                <SequencePoint vc="1" uspid="1253" ordinal="0" offset="0" sl="320" sc="9" el="320" ec="10" bec="0" bev="0" fileid="19" />
                <SequencePoint vc="1" uspid="1254" ordinal="1" offset="1" sl="321" sc="13" el="321" ec="49" bec="0" bev="0" fileid="19" />
                <SequencePoint vc="1" uspid="1255" ordinal="2" offset="15" sl="322" sc="9" el="322" ec="10" bec="0" bev="0" fileid="19" />
              </SequencePoints>
              <BranchPoints />
              <MethodPoint xsi:type="SequencePoint" vc="1" uspid="1253" ordinal="0" offset="0" sl="320" sc="9" el="320" ec="10" bec="0" bev="0" fileid="19" />
            </Method>
            <Method visited="false" cyclomaticComplexity="1" nPathComplexity="0" sequenceCoverage="0" branchCoverage="0" crapScore="2" isConstructor="true" isStatic="false" isGetter="false" isSetter="false">
              <Summary numSequencePoints="0" visitedSequencePoints="0" numBranchPoints="0" visitedBranchPoints="0" sequenceCoverage="0" branchCoverage="0" maxCyclomaticComplexity="1" minCyclomaticComplexity="1" maxCrapScore="2" minCrapScore="2" visitedClasses="0" numClasses="0" visitedMethods="0" numMethods="0" />
              <MetadataToken>100663306</MetadataToken>
              <Name>System.Void LaboratoryWork_10.Program::.ctor()</Name>
              <SequencePoints />
              <BranchPoints />
              <MethodPoint vc="0" uspid="1256" ordinal="0" offset="0" />
            </Method>
          </Methods>
        </Class>
      </Classes>
    </Module>
  </Modules>
</CoverageSession>