<?xml version="1.0" encoding="utf-8"?>
<CoverageSession xmlns:xsd="http://www.w3.org/2001/XMLSchema" xmlns:xsi="http://www.w3.org/2001/XMLSchema-instance" Version="4.7.922.0">
  <Summary numSequencePoints="670" visitedSequencePoints="470" numBranchPoints="210" visitedBranchPoints="153" sequenceCoverage="70.15" branchCoverage="72.86" maxCyclomaticComplexity="10" minCyclomaticComplexity="1" maxCrapScore="110" minCrapScore="1" visitedClasses="4" numClasses="4" visitedMethods="67" numMethods="76" />
  <Modules>
    <Module hash="E8-53-53-6E-C7-54-F3-49-84-45-88-16-BB-0F-6F-7B-D8-F2-56-B1">
      <Summary numSequencePoints="263" visitedSequencePoints="261" numBranchPoints="42" visitedBranchPoints="40" sequenceCoverage="99.24" branchCoverage="95.24" maxCyclomaticComplexity="3" minCyclomaticComplexity="1" maxCrapScore="3" minCrapScore="1.00" visitedClasses="1" numClasses="1" visitedMethods="38" numMethods="38" />
      <ModulePath>D:\repos\Laboratory works\LaboratoryWork_9\LaboratoryWork_9.Tests\bin\Debug\fine-code-coverage\build-output\LaboratoryWork_9.Tests.dll</ModulePath>
      <ModuleTime>2023-11-03T11:00:14.8641747Z</ModuleTime>
      <ModuleName>LaboratoryWork_9.Tests</ModuleName>
      <Files>
        <File uid="1" fullPath="D:\repos\Laboratory works\LaboratoryWork_9\LaboratoryWork_9.Tests\LaboratoryWork9Tests.cs" />
      </Files>
      <Classes>
        <Class>
          <Summary numSequencePoints="263" visitedSequencePoints="261" numBranchPoints="42" visitedBranchPoints="40" sequenceCoverage="99.24" branchCoverage="95.24" maxCyclomaticComplexity="3" minCyclomaticComplexity="1" maxCrapScore="3" minCrapScore="1.00" visitedClasses="1" numClasses="1" visitedMethods="38" numMethods="38" />
          <FullName>LaboratoryWork_9.Tests.LaboratoryWork9Tests</FullName>
          <Methods>
            <Method visited="true" cyclomaticComplexity="1" nPathComplexity="0" sequenceCoverage="100" branchCoverage="100" crapScore="1" isConstructor="false" isStatic="false" isGetter="false" isSetter="false">
              <Summary numSequencePoints="6" visitedSequencePoints="6" numBranchPoints="1" visitedBranchPoints="1" sequenceCoverage="100" branchCoverage="100" maxCyclomaticComplexity="1" minCyclomaticComplexity="1" maxCrapScore="1" minCrapScore="1" visitedClasses="0" numClasses="0" visitedMethods="1" numMethods="1" />
              <MetadataToken>100663297</MetadataToken>
              <Name>System.Void LaboratoryWork_9.Tests.LaboratoryWork9Tests::EquationIsExists_A0B0C0_XExistsreturned()</Name>
              <FileRef uid="1" />
              <SequencePoints>
                <SequencePoint vc="1" uspid="1" ordinal="0" offset="0" sl="13" sc="9" el="13" ec="10" bec="0" bev="0" fileid="1" />
                <SequencePoint vc="1" uspid="2" ordinal="1" offset="1" sl="15" sc="13" el="15" ec="42" bec="0" bev="0" fileid="1" />
                <SequencePoint vc="1" uspid="3" ordinal="2" offset="7" sl="16" sc="13" el="16" ec="34" bec="0" bev="0" fileid="1" />
                <SequencePoint vc="1" uspid="4" ordinal="3" offset="9" sl="19" sc="13" el="19" ec="40" bec="0" bev="0" fileid="1" />
                <SequencePoint vc="1" uspid="5" ordinal="4" offset="16" sl="22" sc="13" el="22" ec="47" bec="0" bev="0" fileid="1" />
                <SequencePoint vc="1" uspid="6" ordinal="5" offset="24" sl="23" sc="9" el="23" ec="10" bec="0" bev="0" fileid="1" />
              </SequencePoints>
              <BranchPoints />
              <MethodPoint xsi:type="SequencePoint" vc="1" uspid="1" ordinal="0" offset="0" sl="13" sc="9" el="13" ec="10" bec="0" bev="0" fileid="1" />
            </Method>
            <Method visited="true" cyclomaticComplexity="1" nPathComplexity="0" sequenceCoverage="100" branchCoverage="100" crapScore="1" isConstructor="false" isStatic="false" isGetter="false" isSetter="false">
              <Summary numSequencePoints="6" visitedSequencePoints="6" numBranchPoints="1" visitedBranchPoints="1" sequenceCoverage="100" branchCoverage="100" maxCyclomaticComplexity="1" minCyclomaticComplexity="1" maxCrapScore="1" minCrapScore="1" visitedClasses="0" numClasses="0" visitedMethods="1" numMethods="1" />
              <MetadataToken>100663298</MetadataToken>
              <Name>System.Void LaboratoryWork_9.Tests.LaboratoryWork9Tests::EquationIsExists_A0B0C1_XNotExistsreturned()</Name>
              <FileRef uid="1" />
              <SequencePoints>
                <SequencePoint vc="1" uspid="7" ordinal="0" offset="0" sl="26" sc="9" el="26" ec="10" bec="0" bev="0" fileid="1" />
                <SequencePoint vc="1" uspid="8" ordinal="1" offset="1" sl="28" sc="13" el="28" ec="49" bec="0" bev="0" fileid="1" />
                <SequencePoint vc="1" uspid="9" ordinal="2" offset="34" sl="29" sc="13" el="29" ec="35" bec="0" bev="0" fileid="1" />
                <SequencePoint vc="1" uspid="10" ordinal="3" offset="36" sl="32" sc="13" el="32" ec="40" bec="0" bev="0" fileid="1" />
                <SequencePoint vc="1" uspid="11" ordinal="4" offset="43" sl="35" sc="13" el="35" ec="47" bec="0" bev="0" fileid="1" />
                <SequencePoint vc="1" uspid="12" ordinal="5" offset="51" sl="36" sc="9" el="36" ec="10" bec="0" bev="0" fileid="1" />
              </SequencePoints>
              <BranchPoints />
              <MethodPoint xsi:type="SequencePoint" vc="1" uspid="7" ordinal="0" offset="0" sl="26" sc="9" el="26" ec="10" bec="0" bev="0" fileid="1" />
            </Method>
            <Method visited="true" cyclomaticComplexity="1" nPathComplexity="0" sequenceCoverage="100" branchCoverage="100" crapScore="1" isConstructor="false" isStatic="false" isGetter="false" isSetter="false">
              <Summary numSequencePoints="6" visitedSequencePoints="6" numBranchPoints="1" visitedBranchPoints="1" sequenceCoverage="100" branchCoverage="100" maxCyclomaticComplexity="1" minCyclomaticComplexity="1" maxCrapScore="1" minCrapScore="1" visitedClasses="0" numClasses="0" visitedMethods="1" numMethods="1" />
              <MetadataToken>100663299</MetadataToken>
              <Name>System.Void LaboratoryWork_9.Tests.LaboratoryWork9Tests::EquationIsExists_NegativeDiscriminant_XNotExistsreturned()</Name>
              <FileRef uid="1" />
              <SequencePoints>
                <SequencePoint vc="1" uspid="13" ordinal="0" offset="0" sl="39" sc="9" el="39" ec="10" bec="0" bev="0" fileid="1" />
                <SequencePoint vc="1" uspid="14" ordinal="1" offset="1" sl="41" sc="13" el="41" ec="49" bec="0" bev="0" fileid="1" />
                <SequencePoint vc="1" uspid="15" ordinal="2" offset="34" sl="42" sc="13" el="42" ec="35" bec="0" bev="0" fileid="1" />
                <SequencePoint vc="1" uspid="16" ordinal="3" offset="36" sl="45" sc="13" el="45" ec="40" bec="0" bev="0" fileid="1" />
                <SequencePoint vc="1" uspid="17" ordinal="4" offset="43" sl="48" sc="13" el="48" ec="47" bec="0" bev="0" fileid="1" />
                <SequencePoint vc="1" uspid="18" ordinal="5" offset="51" sl="49" sc="9" el="49" ec="10" bec="0" bev="0" fileid="1" />
              </SequencePoints>
              <BranchPoints />
              <MethodPoint xsi:type="SequencePoint" vc="1" uspid="13" ordinal="0" offset="0" sl="39" sc="9" el="39" ec="10" bec="0" bev="0" fileid="1" />
            </Method>
            <Method visited="true" cyclomaticComplexity="1" nPathComplexity="0" sequenceCoverage="100" branchCoverage="100" crapScore="1" isConstructor="false" isStatic="false" isGetter="false" isSetter="false">
              <Summary numSequencePoints="7" visitedSequencePoints="7" numBranchPoints="1" visitedBranchPoints="1" sequenceCoverage="100" branchCoverage="100" maxCyclomaticComplexity="1" minCyclomaticComplexity="1" maxCrapScore="1" minCrapScore="1" visitedClasses="0" numClasses="0" visitedMethods="1" numMethods="1" />
              <MetadataToken>100663300</MetadataToken>
              <Name>System.Void LaboratoryWork_9.Tests.LaboratoryWork9Tests::SolveEquation_NegativeDiscriminant_XNotExistsreturned()</Name>
              <FileRef uid="1" />
              <SequencePoints>
                <SequencePoint vc="1" uspid="19" ordinal="0" offset="0" sl="52" sc="9" el="52" ec="10" bec="0" bev="0" fileid="1" />
                <SequencePoint vc="1" uspid="20" ordinal="1" offset="1" sl="54" sc="13" el="54" ec="49" bec="0" bev="0" fileid="1" />
                <SequencePoint vc="1" uspid="21" ordinal="2" offset="34" sl="55" sc="13" el="55" ec="106" bec="0" bev="0" fileid="1" />
                <SequencePoint vc="1" uspid="22" ordinal="3" offset="58" sl="59" sc="13" el="59" ec="46" bec="0" bev="0" fileid="1" />
                <SequencePoint vc="1" uspid="23" ordinal="4" offset="69" sl="60" sc="13" el="60" ec="78" bec="0" bev="0" fileid="1" />
                <SequencePoint vc="1" uspid="24" ordinal="5" offset="78" sl="63" sc="13" el="63" ec="47" bec="0" bev="0" fileid="1" />
                <SequencePoint vc="1" uspid="25" ordinal="6" offset="87" sl="64" sc="9" el="64" ec="10" bec="0" bev="0" fileid="1" />
              </SequencePoints>
              <BranchPoints />
              <MethodPoint xsi:type="SequencePoint" vc="1" uspid="19" ordinal="0" offset="0" sl="52" sc="9" el="52" ec="10" bec="0" bev="0" fileid="1" />
            </Method>
            <Method visited="true" cyclomaticComplexity="1" nPathComplexity="0" sequenceCoverage="100" branchCoverage="100" crapScore="1" isConstructor="false" isStatic="false" isGetter="false" isSetter="false">
              <Summary numSequencePoints="7" visitedSequencePoints="7" numBranchPoints="1" visitedBranchPoints="1" sequenceCoverage="100" branchCoverage="100" maxCyclomaticComplexity="1" minCyclomaticComplexity="1" maxCrapScore="1" minCrapScore="1" visitedClasses="0" numClasses="0" visitedMethods="1" numMethods="1" />
              <MetadataToken>100663301</MetadataToken>
              <Name>System.Void LaboratoryWork_9.Tests.LaboratoryWork9Tests::SolveEquation_A0B0C0_XMaxValuesreturned()</Name>
              <FileRef uid="1" />
              <SequencePoints>
                <SequencePoint vc="1" uspid="26" ordinal="0" offset="0" sl="67" sc="9" el="67" ec="10" bec="0" bev="0" fileid="1" />
                <SequencePoint vc="1" uspid="27" ordinal="1" offset="1" sl="69" sc="13" el="69" ec="42" bec="0" bev="0" fileid="1" />
                <SequencePoint vc="1" uspid="28" ordinal="2" offset="7" sl="70" sc="13" el="70" ec="106" bec="0" bev="0" fileid="1" />
                <SequencePoint vc="1" uspid="29" ordinal="3" offset="31" sl="74" sc="13" el="74" ec="46" bec="0" bev="0" fileid="1" />
                <SequencePoint vc="1" uspid="30" ordinal="4" offset="42" sl="75" sc="13" el="75" ec="78" bec="0" bev="0" fileid="1" />
                <SequencePoint vc="1" uspid="31" ordinal="5" offset="51" sl="78" sc="13" el="78" ec="47" bec="0" bev="0" fileid="1" />
                <SequencePoint vc="1" uspid="32" ordinal="6" offset="60" sl="79" sc="9" el="79" ec="10" bec="0" bev="0" fileid="1" />
              </SequencePoints>
              <BranchPoints />
              <MethodPoint xsi:type="SequencePoint" vc="1" uspid="26" ordinal="0" offset="0" sl="67" sc="9" el="67" ec="10" bec="0" bev="0" fileid="1" />
            </Method>
            <Method visited="true" cyclomaticComplexity="1" nPathComplexity="0" sequenceCoverage="100" branchCoverage="100" crapScore="1" isConstructor="false" isStatic="false" isGetter="false" isSetter="false">
              <Summary numSequencePoints="7" visitedSequencePoints="7" numBranchPoints="1" visitedBranchPoints="1" sequenceCoverage="100" branchCoverage="100" maxCyclomaticComplexity="1" minCyclomaticComplexity="1" maxCrapScore="1" minCrapScore="1" visitedClasses="0" numClasses="0" visitedMethods="1" numMethods="1" />
              <MetadataToken>100663302</MetadataToken>
              <Name>System.Void LaboratoryWork_9.Tests.LaboratoryWork9Tests::SolveEquation_A0B0C1_XMaxValuesreturned()</Name>
              <FileRef uid="1" />
              <SequencePoints>
                <SequencePoint vc="1" uspid="33" ordinal="0" offset="0" sl="82" sc="9" el="82" ec="10" bec="0" bev="0" fileid="1" />
                <SequencePoint vc="1" uspid="34" ordinal="1" offset="1" sl="84" sc="13" el="84" ec="49" bec="0" bev="0" fileid="1" />
                <SequencePoint vc="1" uspid="35" ordinal="2" offset="34" sl="85" sc="13" el="85" ec="106" bec="0" bev="0" fileid="1" />
                <SequencePoint vc="1" uspid="36" ordinal="3" offset="58" sl="89" sc="13" el="89" ec="46" bec="0" bev="0" fileid="1" />
                <SequencePoint vc="1" uspid="37" ordinal="4" offset="69" sl="90" sc="13" el="90" ec="78" bec="0" bev="0" fileid="1" />
                <SequencePoint vc="1" uspid="38" ordinal="5" offset="78" sl="93" sc="13" el="93" ec="47" bec="0" bev="0" fileid="1" />
                <SequencePoint vc="1" uspid="39" ordinal="6" offset="87" sl="94" sc="9" el="94" ec="10" bec="0" bev="0" fileid="1" />
              </SequencePoints>
              <BranchPoints />
              <MethodPoint xsi:type="SequencePoint" vc="1" uspid="33" ordinal="0" offset="0" sl="82" sc="9" el="82" ec="10" bec="0" bev="0" fileid="1" />
            </Method>
            <Method visited="true" cyclomaticComplexity="1" nPathComplexity="0" sequenceCoverage="100" branchCoverage="100" crapScore="1" isConstructor="false" isStatic="false" isGetter="false" isSetter="false">
              <Summary numSequencePoints="7" visitedSequencePoints="7" numBranchPoints="1" visitedBranchPoints="1" sequenceCoverage="100" branchCoverage="100" maxCyclomaticComplexity="1" minCyclomaticComplexity="1" maxCrapScore="1" minCrapScore="1" visitedClasses="0" numClasses="0" visitedMethods="1" numMethods="1" />
              <MetadataToken>100663303</MetadataToken>
              <Name>System.Void LaboratoryWork_9.Tests.LaboratoryWork9Tests::SolveEquation_Discriminant0_XNotExistsreturned()</Name>
              <FileRef uid="1" />
              <SequencePoints>
                <SequencePoint vc="1" uspid="40" ordinal="0" offset="0" sl="97" sc="9" el="97" ec="10" bec="0" bev="0" fileid="1" />
                <SequencePoint vc="1" uspid="41" ordinal="1" offset="1" sl="99" sc="13" el="99" ec="49" bec="0" bev="0" fileid="1" />
                <SequencePoint vc="1" uspid="42" ordinal="2" offset="34" sl="100" sc="13" el="100" ec="80" bec="0" bev="0" fileid="1" />
                <SequencePoint vc="1" uspid="43" ordinal="3" offset="58" sl="104" sc="13" el="104" ec="46" bec="0" bev="0" fileid="1" />
                <SequencePoint vc="1" uspid="44" ordinal="4" offset="69" sl="105" sc="13" el="105" ec="78" bec="0" bev="0" fileid="1" />
                <SequencePoint vc="1" uspid="45" ordinal="5" offset="78" sl="108" sc="13" el="108" ec="47" bec="0" bev="0" fileid="1" />
                <SequencePoint vc="1" uspid="46" ordinal="6" offset="87" sl="109" sc="9" el="109" ec="10" bec="0" bev="0" fileid="1" />
              </SequencePoints>
              <BranchPoints />
              <MethodPoint xsi:type="SequencePoint" vc="1" uspid="40" ordinal="0" offset="0" sl="97" sc="9" el="97" ec="10" bec="0" bev="0" fileid="1" />
            </Method>
            <Method visited="true" cyclomaticComplexity="1" nPathComplexity="0" sequenceCoverage="100" branchCoverage="100" crapScore="1" isConstructor="false" isStatic="false" isGetter="false" isSetter="false">
              <Summary numSequencePoints="7" visitedSequencePoints="7" numBranchPoints="1" visitedBranchPoints="1" sequenceCoverage="100" branchCoverage="100" maxCyclomaticComplexity="1" minCyclomaticComplexity="1" maxCrapScore="1" minCrapScore="1" visitedClasses="0" numClasses="0" visitedMethods="1" numMethods="1" />
              <MetadataToken>100663304</MetadataToken>
              <Name>System.Void LaboratoryWork_9.Tests.LaboratoryWork9Tests::SolveEquation_PositiveDiscriminantA0_XNotExistsreturned()</Name>
              <FileRef uid="1" />
              <SequencePoints>
                <SequencePoint vc="1" uspid="47" ordinal="0" offset="0" sl="112" sc="9" el="112" ec="10" bec="0" bev="0" fileid="1" />
                <SequencePoint vc="1" uspid="48" ordinal="1" offset="1" sl="114" sc="13" el="114" ec="49" bec="0" bev="0" fileid="1" />
                <SequencePoint vc="1" uspid="49" ordinal="2" offset="34" sl="115" sc="13" el="115" ec="93" bec="0" bev="0" fileid="1" />
                <SequencePoint vc="1" uspid="50" ordinal="3" offset="58" sl="119" sc="13" el="119" ec="46" bec="0" bev="0" fileid="1" />
                <SequencePoint vc="1" uspid="51" ordinal="4" offset="69" sl="120" sc="13" el="120" ec="78" bec="0" bev="0" fileid="1" />
                <SequencePoint vc="1" uspid="52" ordinal="5" offset="78" sl="123" sc="13" el="123" ec="47" bec="0" bev="0" fileid="1" />
                <SequencePoint vc="1" uspid="53" ordinal="6" offset="87" sl="124" sc="9" el="124" ec="10" bec="0" bev="0" fileid="1" />
              </SequencePoints>
              <BranchPoints />
              <MethodPoint xsi:type="SequencePoint" vc="1" uspid="47" ordinal="0" offset="0" sl="112" sc="9" el="112" ec="10" bec="0" bev="0" fileid="1" />
            </Method>
            <Method visited="true" cyclomaticComplexity="1" nPathComplexity="0" sequenceCoverage="100" branchCoverage="100" crapScore="1" isConstructor="false" isStatic="false" isGetter="false" isSetter="false">
              <Summary numSequencePoints="7" visitedSequencePoints="7" numBranchPoints="1" visitedBranchPoints="1" sequenceCoverage="100" branchCoverage="100" maxCyclomaticComplexity="1" minCyclomaticComplexity="1" maxCrapScore="1" minCrapScore="1" visitedClasses="0" numClasses="0" visitedMethods="1" numMethods="1" />
              <MetadataToken>100663305</MetadataToken>
              <Name>System.Void LaboratoryWork_9.Tests.LaboratoryWork9Tests::SolveEquation_PositiveDiscriminantA1_XNotExistsreturned()</Name>
              <FileRef uid="1" />
              <SequencePoints>
                <SequencePoint vc="1" uspid="54" ordinal="0" offset="0" sl="127" sc="9" el="127" ec="10" bec="0" bev="0" fileid="1" />
                <SequencePoint vc="1" uspid="55" ordinal="1" offset="1" sl="129" sc="13" el="129" ec="51" bec="0" bev="0" fileid="1" />
                <SequencePoint vc="1" uspid="56" ordinal="2" offset="34" sl="130" sc="13" el="130" ec="79" bec="0" bev="0" fileid="1" />
                <SequencePoint vc="1" uspid="57" ordinal="3" offset="58" sl="134" sc="13" el="134" ec="46" bec="0" bev="0" fileid="1" />
                <SequencePoint vc="1" uspid="58" ordinal="4" offset="69" sl="135" sc="13" el="135" ec="78" bec="0" bev="0" fileid="1" />
                <SequencePoint vc="1" uspid="59" ordinal="5" offset="78" sl="138" sc="13" el="138" ec="47" bec="0" bev="0" fileid="1" />
                <SequencePoint vc="1" uspid="60" ordinal="6" offset="87" sl="139" sc="9" el="139" ec="10" bec="0" bev="0" fileid="1" />
              </SequencePoints>
              <BranchPoints />
              <MethodPoint xsi:type="SequencePoint" vc="1" uspid="54" ordinal="0" offset="0" sl="127" sc="9" el="127" ec="10" bec="0" bev="0" fileid="1" />
            </Method>
            <Method visited="true" cyclomaticComplexity="1" nPathComplexity="0" sequenceCoverage="100" branchCoverage="100" crapScore="1" isConstructor="false" isStatic="false" isGetter="false" isSetter="false">
              <Summary numSequencePoints="7" visitedSequencePoints="7" numBranchPoints="1" visitedBranchPoints="1" sequenceCoverage="100" branchCoverage="100" maxCyclomaticComplexity="1" minCyclomaticComplexity="1" maxCrapScore="1" minCrapScore="1" visitedClasses="0" numClasses="0" visitedMethods="1" numMethods="1" />
              <MetadataToken>100663306</MetadataToken>
              <Name>System.Void LaboratoryWork_9.Tests.LaboratoryWork9Tests::EquationIncrement_A0B1C2_A1B2C3returned()</Name>
              <FileRef uid="1" />
              <SequencePoints>
                <SequencePoint vc="1" uspid="61" ordinal="0" offset="0" sl="142" sc="9" el="142" ec="10" bec="0" bev="0" fileid="1" />
                <SequencePoint vc="1" uspid="62" ordinal="1" offset="1" sl="144" sc="13" el="144" ec="49" bec="0" bev="0" fileid="1" />
                <SequencePoint vc="1" uspid="63" ordinal="2" offset="34" sl="145" sc="13" el="145" ec="97" bec="0" bev="0" fileid="1" />
                <SequencePoint vc="1" uspid="64" ordinal="3" offset="67" sl="148" sc="13" el="148" ec="18" bec="0" bev="0" fileid="1" />
                <SequencePoint vc="1" uspid="65" ordinal="4" offset="74" sl="149" sc="13" el="149" ec="104" bec="0" bev="0" fileid="1" />
                <SequencePoint vc="1" uspid="66" ordinal="5" offset="98" sl="152" sc="13" el="152" ec="47" bec="0" bev="0" fileid="1" />
                <SequencePoint vc="1" uspid="67" ordinal="6" offset="106" sl="153" sc="9" el="153" ec="10" bec="0" bev="0" fileid="1" />
              </SequencePoints>
              <BranchPoints />
              <MethodPoint xsi:type="SequencePoint" vc="1" uspid="61" ordinal="0" offset="0" sl="142" sc="9" el="142" ec="10" bec="0" bev="0" fileid="1" />
            </Method>
            <Method visited="true" cyclomaticComplexity="1" nPathComplexity="0" sequenceCoverage="100" branchCoverage="100" crapScore="1" isConstructor="false" isStatic="false" isGetter="false" isSetter="false">
              <Summary numSequencePoints="7" visitedSequencePoints="7" numBranchPoints="1" visitedBranchPoints="1" sequenceCoverage="100" branchCoverage="100" maxCyclomaticComplexity="1" minCyclomaticComplexity="1" maxCrapScore="1" minCrapScore="1" visitedClasses="0" numClasses="0" visitedMethods="1" numMethods="1" />
              <MetadataToken>100663307</MetadataToken>
              <Name>System.Void LaboratoryWork_9.Tests.LaboratoryWork9Tests::EquationDecrement_A1B1C2_A0B0C1returned()</Name>
              <FileRef uid="1" />
              <SequencePoints>
                <SequencePoint vc="1" uspid="68" ordinal="0" offset="0" sl="156" sc="9" el="156" ec="10" bec="0" bev="0" fileid="1" />
                <SequencePoint vc="1" uspid="69" ordinal="1" offset="1" sl="158" sc="13" el="158" ec="49" bec="0" bev="0" fileid="1" />
                <SequencePoint vc="1" uspid="70" ordinal="2" offset="34" sl="159" sc="13" el="159" ec="97" bec="0" bev="0" fileid="1" />
                <SequencePoint vc="1" uspid="71" ordinal="3" offset="67" sl="162" sc="13" el="162" ec="18" bec="0" bev="0" fileid="1" />
                <SequencePoint vc="1" uspid="72" ordinal="4" offset="74" sl="163" sc="13" el="163" ec="104" bec="0" bev="0" fileid="1" />
                <SequencePoint vc="1" uspid="73" ordinal="5" offset="98" sl="166" sc="13" el="166" ec="47" bec="0" bev="0" fileid="1" />
                <SequencePoint vc="1" uspid="74" ordinal="6" offset="106" sl="167" sc="9" el="167" ec="10" bec="0" bev="0" fileid="1" />
              </SequencePoints>
              <BranchPoints />
              <MethodPoint xsi:type="SequencePoint" vc="1" uspid="68" ordinal="0" offset="0" sl="156" sc="9" el="156" ec="10" bec="0" bev="0" fileid="1" />
            </Method>
            <Method visited="true" cyclomaticComplexity="1" nPathComplexity="0" sequenceCoverage="100" branchCoverage="100" crapScore="1" isConstructor="false" isStatic="false" isGetter="false" isSetter="false">
              <Summary numSequencePoints="6" visitedSequencePoints="6" numBranchPoints="1" visitedBranchPoints="1" sequenceCoverage="100" branchCoverage="100" maxCyclomaticComplexity="1" minCyclomaticComplexity="1" maxCrapScore="1" minCrapScore="1" visitedClasses="0" numClasses="0" visitedMethods="1" numMethods="1" />
              <MetadataToken>100663308</MetadataToken>
              <Name>System.Void LaboratoryWork_9.Tests.LaboratoryWork9Tests::EquationDouble_A0B0C1_0returned()</Name>
              <FileRef uid="1" />
              <SequencePoints>
                <SequencePoint vc="1" uspid="75" ordinal="0" offset="0" sl="170" sc="9" el="170" ec="10" bec="0" bev="0" fileid="1" />
                <SequencePoint vc="1" uspid="76" ordinal="1" offset="1" sl="172" sc="13" el="172" ec="49" bec="0" bev="0" fileid="1" />
                <SequencePoint vc="1" uspid="77" ordinal="2" offset="34" sl="173" sc="13" el="173" ec="33" bec="0" bev="0" fileid="1" />
                <SequencePoint vc="1" uspid="78" ordinal="3" offset="44" sl="176" sc="13" el="176" ec="40" bec="0" bev="0" fileid="1" />
                <SequencePoint vc="1" uspid="79" ordinal="4" offset="52" sl="179" sc="13" el="179" ec="47" bec="0" bev="0" fileid="1" />
                <SequencePoint vc="1" uspid="80" ordinal="5" offset="60" sl="180" sc="9" el="180" ec="10" bec="0" bev="0" fileid="1" />
              </SequencePoints>
              <BranchPoints />
              <MethodPoint xsi:type="SequencePoint" vc="1" uspid="75" ordinal="0" offset="0" sl="170" sc="9" el="170" ec="10" bec="0" bev="0" fileid="1" />
            </Method>
            <Method visited="true" cyclomaticComplexity="1" nPathComplexity="0" sequenceCoverage="100" branchCoverage="100" crapScore="1" isConstructor="false" isStatic="false" isGetter="false" isSetter="false">
              <Summary numSequencePoints="6" visitedSequencePoints="6" numBranchPoints="1" visitedBranchPoints="1" sequenceCoverage="100" branchCoverage="100" maxCyclomaticComplexity="1" minCyclomaticComplexity="1" maxCrapScore="1" minCrapScore="1" visitedClasses="0" numClasses="0" visitedMethods="1" numMethods="1" />
              <MetadataToken>100663309</MetadataToken>
              <Name>System.Void LaboratoryWork_9.Tests.LaboratoryWork9Tests::EquationDouble_A0B0C0_MaxValuereturned()</Name>
              <FileRef uid="1" />
              <SequencePoints>
                <SequencePoint vc="1" uspid="81" ordinal="0" offset="0" sl="183" sc="9" el="183" ec="10" bec="0" bev="0" fileid="1" />
                <SequencePoint vc="1" uspid="82" ordinal="1" offset="1" sl="185" sc="13" el="185" ec="42" bec="0" bev="0" fileid="1" />
                <SequencePoint vc="1" uspid="83" ordinal="2" offset="7" sl="186" sc="13" el="186" ec="47" bec="0" bev="0" fileid="1" />
                <SequencePoint vc="1" uspid="84" ordinal="3" offset="17" sl="189" sc="13" el="189" ec="40" bec="0" bev="0" fileid="1" />
                <SequencePoint vc="1" uspid="85" ordinal="4" offset="25" sl="192" sc="13" el="192" ec="47" bec="0" bev="0" fileid="1" />
                <SequencePoint vc="1" uspid="86" ordinal="5" offset="33" sl="193" sc="9" el="193" ec="10" bec="0" bev="0" fileid="1" />
              </SequencePoints>
              <BranchPoints />
              <MethodPoint xsi:type="SequencePoint" vc="1" uspid="81" ordinal="0" offset="0" sl="183" sc="9" el="183" ec="10" bec="0" bev="0" fileid="1" />
            </Method>
            <Method visited="true" cyclomaticComplexity="1" nPathComplexity="0" sequenceCoverage="100" branchCoverage="100" crapScore="1" isConstructor="false" isStatic="false" isGetter="false" isSetter="false">
              <Summary numSequencePoints="6" visitedSequencePoints="6" numBranchPoints="1" visitedBranchPoints="1" sequenceCoverage="100" branchCoverage="100" maxCyclomaticComplexity="1" minCyclomaticComplexity="1" maxCrapScore="1" minCrapScore="1" visitedClasses="0" numClasses="0" visitedMethods="1" numMethods="1" />
              <MetadataToken>100663310</MetadataToken>
              <Name>System.Void LaboratoryWork_9.Tests.LaboratoryWork9Tests::EquationDouble_A0_NegativeValuereturned()</Name>
              <FileRef uid="1" />
              <SequencePoints>
                <SequencePoint vc="1" uspid="87" ordinal="0" offset="0" sl="196" sc="9" el="196" ec="10" bec="0" bev="0" fileid="1" />
                <SequencePoint vc="1" uspid="88" ordinal="1" offset="1" sl="198" sc="13" el="198" ec="49" bec="0" bev="0" fileid="1" />
                <SequencePoint vc="1" uspid="89" ordinal="2" offset="34" sl="199" sc="13" el="199" ec="34" bec="0" bev="0" fileid="1" />
                <SequencePoint vc="1" uspid="90" ordinal="3" offset="44" sl="202" sc="13" el="202" ec="40" bec="0" bev="0" fileid="1" />
                <SequencePoint vc="1" uspid="91" ordinal="4" offset="52" sl="205" sc="13" el="205" ec="47" bec="0" bev="0" fileid="1" />
                <SequencePoint vc="1" uspid="92" ordinal="5" offset="60" sl="206" sc="9" el="206" ec="10" bec="0" bev="0" fileid="1" />
              </SequencePoints>
              <BranchPoints />
              <MethodPoint xsi:type="SequencePoint" vc="1" uspid="87" ordinal="0" offset="0" sl="196" sc="9" el="196" ec="10" bec="0" bev="0" fileid="1" />
            </Method>
            <Method visited="true" cyclomaticComplexity="1" nPathComplexity="0" sequenceCoverage="100" branchCoverage="100" crapScore="1" isConstructor="false" isStatic="false" isGetter="false" isSetter="false">
              <Summary numSequencePoints="6" visitedSequencePoints="6" numBranchPoints="1" visitedBranchPoints="1" sequenceCoverage="100" branchCoverage="100" maxCyclomaticComplexity="1" minCyclomaticComplexity="1" maxCrapScore="1" minCrapScore="1" visitedClasses="0" numClasses="0" visitedMethods="1" numMethods="1" />
              <MetadataToken>100663311</MetadataToken>
              <Name>System.Void LaboratoryWork_9.Tests.LaboratoryWork9Tests::EquationDouble_PositiveDiscriminantA1_XMaxreturned()</Name>
              <FileRef uid="1" />
              <SequencePoints>
                <SequencePoint vc="1" uspid="93" ordinal="0" offset="0" sl="209" sc="9" el="209" ec="10" bec="0" bev="0" fileid="1" />
                <SequencePoint vc="1" uspid="94" ordinal="1" offset="1" sl="211" sc="13" el="211" ec="51" bec="0" bev="0" fileid="1" />
                <SequencePoint vc="1" uspid="95" ordinal="2" offset="34" sl="212" sc="13" el="212" ec="33" bec="0" bev="0" fileid="1" />
                <SequencePoint vc="1" uspid="96" ordinal="3" offset="44" sl="215" sc="13" el="215" ec="40" bec="0" bev="0" fileid="1" />
                <SequencePoint vc="1" uspid="97" ordinal="4" offset="52" sl="218" sc="13" el="218" ec="47" bec="0" bev="0" fileid="1" />
                <SequencePoint vc="1" uspid="98" ordinal="5" offset="60" sl="219" sc="9" el="219" ec="10" bec="0" bev="0" fileid="1" />
              </SequencePoints>
              <BranchPoints />
              <MethodPoint xsi:type="SequencePoint" vc="1" uspid="93" ordinal="0" offset="0" sl="209" sc="9" el="209" ec="10" bec="0" bev="0" fileid="1" />
            </Method>
            <Method visited="true" cyclomaticComplexity="1" nPathComplexity="0" sequenceCoverage="100" branchCoverage="100" crapScore="1" isConstructor="false" isStatic="false" isGetter="false" isSetter="false">
              <Summary numSequencePoints="6" visitedSequencePoints="6" numBranchPoints="1" visitedBranchPoints="1" sequenceCoverage="100" branchCoverage="100" maxCyclomaticComplexity="1" minCyclomaticComplexity="1" maxCrapScore="1" minCrapScore="1" visitedClasses="0" numClasses="0" visitedMethods="1" numMethods="1" />
              <MetadataToken>100663312</MetadataToken>
              <Name>System.Void LaboratoryWork_9.Tests.LaboratoryWork9Tests::EquationBool_A0B0C0_Truereturned()</Name>
              <FileRef uid="1" />
              <SequencePoints>
                <SequencePoint vc="1" uspid="99" ordinal="0" offset="0" sl="222" sc="9" el="222" ec="10" bec="0" bev="0" fileid="1" />
                <SequencePoint vc="1" uspid="100" ordinal="1" offset="1" sl="224" sc="13" el="224" ec="42" bec="0" bev="0" fileid="1" />
                <SequencePoint vc="1" uspid="101" ordinal="2" offset="7" sl="225" sc="13" el="225" ec="34" bec="0" bev="0" fileid="1" />
                <SequencePoint vc="1" uspid="102" ordinal="3" offset="9" sl="228" sc="13" el="228" ec="36" bec="0" bev="0" fileid="1" />
                <SequencePoint vc="1" uspid="103" ordinal="4" offset="16" sl="231" sc="13" el="231" ec="47" bec="0" bev="0" fileid="1" />
                <SequencePoint vc="1" uspid="104" ordinal="5" offset="24" sl="232" sc="9" el="232" ec="10" bec="0" bev="0" fileid="1" />
              </SequencePoints>
              <BranchPoints />
              <MethodPoint xsi:type="SequencePoint" vc="1" uspid="99" ordinal="0" offset="0" sl="222" sc="9" el="222" ec="10" bec="0" bev="0" fileid="1" />
            </Method>
            <Method visited="true" cyclomaticComplexity="1" nPathComplexity="0" sequenceCoverage="100" branchCoverage="100" crapScore="1" isConstructor="false" isStatic="false" isGetter="false" isSetter="false">
              <Summary numSequencePoints="6" visitedSequencePoints="6" numBranchPoints="1" visitedBranchPoints="1" sequenceCoverage="100" branchCoverage="100" maxCyclomaticComplexity="1" minCyclomaticComplexity="1" maxCrapScore="1" minCrapScore="1" visitedClasses="0" numClasses="0" visitedMethods="1" numMethods="1" />
              <MetadataToken>100663313</MetadataToken>
              <Name>System.Void LaboratoryWork_9.Tests.LaboratoryWork9Tests::EquationBool_A0B0C1_Falsereturned()</Name>
              <FileRef uid="1" />
              <SequencePoints>
                <SequencePoint vc="1" uspid="105" ordinal="0" offset="0" sl="235" sc="9" el="235" ec="10" bec="0" bev="0" fileid="1" />
                <SequencePoint vc="1" uspid="106" ordinal="1" offset="1" sl="237" sc="13" el="237" ec="49" bec="0" bev="0" fileid="1" />
                <SequencePoint vc="1" uspid="107" ordinal="2" offset="34" sl="238" sc="13" el="238" ec="35" bec="0" bev="0" fileid="1" />
                <SequencePoint vc="1" uspid="108" ordinal="3" offset="36" sl="241" sc="13" el="241" ec="36" bec="0" bev="0" fileid="1" />
                <SequencePoint vc="1" uspid="109" ordinal="4" offset="43" sl="244" sc="13" el="244" ec="47" bec="0" bev="0" fileid="1" />
                <SequencePoint vc="1" uspid="110" ordinal="5" offset="51" sl="245" sc="9" el="245" ec="10" bec="0" bev="0" fileid="1" />
              </SequencePoints>
              <BranchPoints />
              <MethodPoint xsi:type="SequencePoint" vc="1" uspid="105" ordinal="0" offset="0" sl="235" sc="9" el="235" ec="10" bec="0" bev="0" fileid="1" />
            </Method>
            <Method visited="true" cyclomaticComplexity="1" nPathComplexity="0" sequenceCoverage="100" branchCoverage="100" crapScore="1" isConstructor="false" isStatic="false" isGetter="false" isSetter="false">
              <Summary numSequencePoints="7" visitedSequencePoints="7" numBranchPoints="1" visitedBranchPoints="1" sequenceCoverage="100" branchCoverage="100" maxCyclomaticComplexity="1" minCyclomaticComplexity="1" maxCrapScore="1" minCrapScore="1" visitedClasses="0" numClasses="0" visitedMethods="1" numMethods="1" />
              <MetadataToken>100663314</MetadataToken>
              <Name>System.Void LaboratoryWork_9.Tests.LaboratoryWork9Tests::EquationEquality_EqualEquations_Truereturned()</Name>
              <FileRef uid="1" />
              <SequencePoints>
                <SequencePoint vc="1" uspid="111" ordinal="0" offset="0" sl="248" sc="9" el="248" ec="10" bec="0" bev="0" fileid="1" />
                <SequencePoint vc="1" uspid="112" ordinal="1" offset="1" sl="250" sc="13" el="250" ec="43" bec="0" bev="0" fileid="1" />
                <SequencePoint vc="1" uspid="113" ordinal="2" offset="7" sl="251" sc="13" el="251" ec="50" bec="0" bev="0" fileid="1" />
                <SequencePoint vc="1" uspid="114" ordinal="3" offset="40" sl="252" sc="13" el="252" ec="34" bec="0" bev="0" fileid="1" />
                <SequencePoint vc="1" uspid="115" ordinal="4" offset="42" sl="255" sc="13" el="255" ec="38" bec="0" bev="0" fileid="1" />
                <SequencePoint vc="1" uspid="116" ordinal="5" offset="50" sl="258" sc="13" el="258" ec="47" bec="0" bev="0" fileid="1" />
                <SequencePoint vc="1" uspid="117" ordinal="6" offset="58" sl="259" sc="9" el="259" ec="10" bec="0" bev="0" fileid="1" />
              </SequencePoints>
              <BranchPoints />
              <MethodPoint xsi:type="SequencePoint" vc="1" uspid="111" ordinal="0" offset="0" sl="248" sc="9" el="248" ec="10" bec="0" bev="0" fileid="1" />
            </Method>
            <Method visited="true" cyclomaticComplexity="1" nPathComplexity="0" sequenceCoverage="100" branchCoverage="100" crapScore="1" isConstructor="false" isStatic="false" isGetter="false" isSetter="false">
              <Summary numSequencePoints="7" visitedSequencePoints="7" numBranchPoints="1" visitedBranchPoints="1" sequenceCoverage="100" branchCoverage="100" maxCyclomaticComplexity="1" minCyclomaticComplexity="1" maxCrapScore="1" minCrapScore="1" visitedClasses="0" numClasses="0" visitedMethods="1" numMethods="1" />
              <MetadataToken>100663315</MetadataToken>
              <Name>System.Void LaboratoryWork_9.Tests.LaboratoryWork9Tests::EquationEquality_NotEqualEquations_Falsereturned()</Name>
              <FileRef uid="1" />
              <SequencePoints>
                <SequencePoint vc="1" uspid="118" ordinal="0" offset="0" sl="262" sc="9" el="262" ec="10" bec="0" bev="0" fileid="1" />
                <SequencePoint vc="1" uspid="119" ordinal="1" offset="1" sl="264" sc="13" el="264" ec="43" bec="0" bev="0" fileid="1" />
                <SequencePoint vc="1" uspid="120" ordinal="2" offset="7" sl="265" sc="13" el="265" ec="50" bec="0" bev="0" fileid="1" />
                <SequencePoint vc="1" uspid="121" ordinal="3" offset="40" sl="266" sc="13" el="266" ec="35" bec="0" bev="0" fileid="1" />
                <SequencePoint vc="1" uspid="122" ordinal="4" offset="42" sl="269" sc="13" el="269" ec="38" bec="0" bev="0" fileid="1" />
                <SequencePoint vc="1" uspid="123" ordinal="5" offset="50" sl="272" sc="13" el="272" ec="47" bec="0" bev="0" fileid="1" />
                <SequencePoint vc="1" uspid="124" ordinal="6" offset="58" sl="273" sc="9" el="273" ec="10" bec="0" bev="0" fileid="1" />
              </SequencePoints>
              <BranchPoints />
              <MethodPoint xsi:type="SequencePoint" vc="1" uspid="118" ordinal="0" offset="0" sl="262" sc="9" el="262" ec="10" bec="0" bev="0" fileid="1" />
            </Method>
            <Method visited="true" cyclomaticComplexity="1" nPathComplexity="0" sequenceCoverage="100" branchCoverage="100" crapScore="1" isConstructor="false" isStatic="false" isGetter="false" isSetter="false">
              <Summary numSequencePoints="7" visitedSequencePoints="7" numBranchPoints="1" visitedBranchPoints="1" sequenceCoverage="100" branchCoverage="100" maxCyclomaticComplexity="1" minCyclomaticComplexity="1" maxCrapScore="1" minCrapScore="1" visitedClasses="0" numClasses="0" visitedMethods="1" numMethods="1" />
              <MetadataToken>100663316</MetadataToken>
              <Name>System.Void LaboratoryWork_9.Tests.LaboratoryWork9Tests::EquationInequality_EqualEquations_Falsereturned()</Name>
              <FileRef uid="1" />
              <SequencePoints>
                <SequencePoint vc="1" uspid="125" ordinal="0" offset="0" sl="276" sc="9" el="276" ec="10" bec="0" bev="0" fileid="1" />
                <SequencePoint vc="1" uspid="126" ordinal="1" offset="1" sl="278" sc="13" el="278" ec="43" bec="0" bev="0" fileid="1" />
                <SequencePoint vc="1" uspid="127" ordinal="2" offset="7" sl="279" sc="13" el="279" ec="46" bec="0" bev="0" fileid="1" />
                <SequencePoint vc="1" uspid="128" ordinal="3" offset="14" sl="280" sc="13" el="280" ec="35" bec="0" bev="0" fileid="1" />
                <SequencePoint vc="1" uspid="129" ordinal="4" offset="16" sl="283" sc="13" el="283" ec="38" bec="0" bev="0" fileid="1" />
                <SequencePoint vc="1" uspid="130" ordinal="5" offset="24" sl="286" sc="13" el="286" ec="47" bec="0" bev="0" fileid="1" />
                <SequencePoint vc="1" uspid="131" ordinal="6" offset="32" sl="287" sc="9" el="287" ec="10" bec="0" bev="0" fileid="1" />
              </SequencePoints>
              <BranchPoints />
              <MethodPoint xsi:type="SequencePoint" vc="1" uspid="125" ordinal="0" offset="0" sl="276" sc="9" el="276" ec="10" bec="0" bev="0" fileid="1" />
            </Method>
            <Method visited="true" cyclomaticComplexity="1" nPathComplexity="0" sequenceCoverage="100" branchCoverage="100" crapScore="1" isConstructor="false" isStatic="false" isGetter="false" isSetter="false">
              <Summary numSequencePoints="7" visitedSequencePoints="7" numBranchPoints="1" visitedBranchPoints="1" sequenceCoverage="100" branchCoverage="100" maxCyclomaticComplexity="1" minCyclomaticComplexity="1" maxCrapScore="1" minCrapScore="1" visitedClasses="0" numClasses="0" visitedMethods="1" numMethods="1" />
              <MetadataToken>100663317</MetadataToken>
              <Name>System.Void LaboratoryWork_9.Tests.LaboratoryWork9Tests::EquationMore_XNotExist_Falsereturned()</Name>
              <FileRef uid="1" />
              <SequencePoints>
                <SequencePoint vc="1" uspid="132" ordinal="0" offset="0" sl="290" sc="9" el="290" ec="10" bec="0" bev="0" fileid="1" />
                <SequencePoint vc="1" uspid="133" ordinal="1" offset="1" sl="292" sc="13" el="292" ec="50" bec="0" bev="0" fileid="1" />
                <SequencePoint vc="1" uspid="134" ordinal="2" offset="34" sl="293" sc="13" el="293" ec="50" bec="0" bev="0" fileid="1" />
                <SequencePoint vc="1" uspid="135" ordinal="3" offset="67" sl="294" sc="13" el="294" ec="35" bec="0" bev="0" fileid="1" />
                <SequencePoint vc="1" uspid="136" ordinal="4" offset="69" sl="297" sc="13" el="297" ec="37" bec="0" bev="0" fileid="1" />
                <SequencePoint vc="1" uspid="137" ordinal="5" offset="77" sl="300" sc="13" el="300" ec="47" bec="0" bev="0" fileid="1" />
                <SequencePoint vc="1" uspid="138" ordinal="6" offset="85" sl="301" sc="9" el="301" ec="10" bec="0" bev="0" fileid="1" />
              </SequencePoints>
              <BranchPoints />
              <MethodPoint xsi:type="SequencePoint" vc="1" uspid="132" ordinal="0" offset="0" sl="290" sc="9" el="290" ec="10" bec="0" bev="0" fileid="1" />
            </Method>
            <Method visited="true" cyclomaticComplexity="1" nPathComplexity="0" sequenceCoverage="100" branchCoverage="100" crapScore="1" isConstructor="false" isStatic="false" isGetter="false" isSetter="false">
              <Summary numSequencePoints="7" visitedSequencePoints="7" numBranchPoints="1" visitedBranchPoints="1" sequenceCoverage="100" branchCoverage="100" maxCyclomaticComplexity="1" minCyclomaticComplexity="1" maxCrapScore="1" minCrapScore="1" visitedClasses="0" numClasses="0" visitedMethods="1" numMethods="1" />
              <MetadataToken>100663318</MetadataToken>
              <Name>System.Void LaboratoryWork_9.Tests.LaboratoryWork9Tests::EquationMore_X2NotExist_Truereturned()</Name>
              <FileRef uid="1" />
              <SequencePoints>
                <SequencePoint vc="1" uspid="139" ordinal="0" offset="0" sl="304" sc="9" el="304" ec="10" bec="0" bev="0" fileid="1" />
                <SequencePoint vc="1" uspid="140" ordinal="1" offset="1" sl="306" sc="13" el="306" ec="50" bec="0" bev="0" fileid="1" />
                <SequencePoint vc="1" uspid="141" ordinal="2" offset="34" sl="307" sc="13" el="307" ec="50" bec="0" bev="0" fileid="1" />
                <SequencePoint vc="1" uspid="142" ordinal="3" offset="67" sl="308" sc="13" el="308" ec="34" bec="0" bev="0" fileid="1" />
                <SequencePoint vc="1" uspid="143" ordinal="4" offset="69" sl="311" sc="13" el="311" ec="37" bec="0" bev="0" fileid="1" />
                <SequencePoint vc="1" uspid="144" ordinal="5" offset="77" sl="314" sc="13" el="314" ec="47" bec="0" bev="0" fileid="1" />
                <SequencePoint vc="1" uspid="145" ordinal="6" offset="85" sl="315" sc="9" el="315" ec="10" bec="0" bev="0" fileid="1" />
              </SequencePoints>
              <BranchPoints />
              <MethodPoint xsi:type="SequencePoint" vc="1" uspid="139" ordinal="0" offset="0" sl="304" sc="9" el="304" ec="10" bec="0" bev="0" fileid="1" />
            </Method>
            <Method visited="true" cyclomaticComplexity="1" nPathComplexity="0" sequenceCoverage="100" branchCoverage="100" crapScore="1" isConstructor="false" isStatic="false" isGetter="false" isSetter="false">
              <Summary numSequencePoints="7" visitedSequencePoints="7" numBranchPoints="1" visitedBranchPoints="1" sequenceCoverage="100" branchCoverage="100" maxCyclomaticComplexity="1" minCyclomaticComplexity="1" maxCrapScore="1" minCrapScore="1" visitedClasses="0" numClasses="0" visitedMethods="1" numMethods="1" />
              <MetadataToken>100663319</MetadataToken>
              <Name>System.Void LaboratoryWork_9.Tests.LaboratoryWork9Tests::EquationMore_MaxX1EqualX2_Falsereturned()</Name>
              <FileRef uid="1" />
              <SequencePoints>
                <SequencePoint vc="1" uspid="146" ordinal="0" offset="0" sl="318" sc="9" el="318" ec="10" bec="0" bev="0" fileid="1" />
                <SequencePoint vc="1" uspid="147" ordinal="1" offset="1" sl="320" sc="13" el="320" ec="50" bec="0" bev="0" fileid="1" />
                <SequencePoint vc="1" uspid="148" ordinal="2" offset="34" sl="321" sc="13" el="321" ec="51" bec="0" bev="0" fileid="1" />
                <SequencePoint vc="1" uspid="149" ordinal="3" offset="67" sl="322" sc="13" el="322" ec="35" bec="0" bev="0" fileid="1" />
                <SequencePoint vc="1" uspid="150" ordinal="4" offset="69" sl="325" sc="13" el="325" ec="37" bec="0" bev="0" fileid="1" />
                <SequencePoint vc="1" uspid="151" ordinal="5" offset="77" sl="328" sc="13" el="328" ec="47" bec="0" bev="0" fileid="1" />
                <SequencePoint vc="1" uspid="152" ordinal="6" offset="85" sl="329" sc="9" el="329" ec="10" bec="0" bev="0" fileid="1" />
              </SequencePoints>
              <BranchPoints />
              <MethodPoint xsi:type="SequencePoint" vc="1" uspid="146" ordinal="0" offset="0" sl="318" sc="9" el="318" ec="10" bec="0" bev="0" fileid="1" />
            </Method>
            <Method visited="true" cyclomaticComplexity="1" nPathComplexity="0" sequenceCoverage="100" branchCoverage="100" crapScore="1" isConstructor="false" isStatic="false" isGetter="false" isSetter="false">
              <Summary numSequencePoints="7" visitedSequencePoints="7" numBranchPoints="1" visitedBranchPoints="1" sequenceCoverage="100" branchCoverage="100" maxCyclomaticComplexity="1" minCyclomaticComplexity="1" maxCrapScore="1" minCrapScore="1" visitedClasses="0" numClasses="0" visitedMethods="1" numMethods="1" />
              <MetadataToken>100663320</MetadataToken>
              <Name>System.Void LaboratoryWork_9.Tests.LaboratoryWork9Tests::EquationMore_MaxX2MoreThanMaxX1_Falsereturned()</Name>
              <FileRef uid="1" />
              <SequencePoints>
                <SequencePoint vc="1" uspid="153" ordinal="0" offset="0" sl="332" sc="9" el="332" ec="10" bec="0" bev="0" fileid="1" />
                <SequencePoint vc="1" uspid="154" ordinal="1" offset="1" sl="334" sc="13" el="334" ec="52" bec="0" bev="0" fileid="1" />
                <SequencePoint vc="1" uspid="155" ordinal="2" offset="34" sl="335" sc="13" el="335" ec="53" bec="0" bev="0" fileid="1" />
                <SequencePoint vc="1" uspid="156" ordinal="3" offset="67" sl="336" sc="13" el="336" ec="35" bec="0" bev="0" fileid="1" />
                <SequencePoint vc="1" uspid="157" ordinal="4" offset="69" sl="339" sc="13" el="339" ec="37" bec="0" bev="0" fileid="1" />
                <SequencePoint vc="1" uspid="158" ordinal="5" offset="77" sl="342" sc="13" el="342" ec="47" bec="0" bev="0" fileid="1" />
                <SequencePoint vc="1" uspid="159" ordinal="6" offset="85" sl="343" sc="9" el="343" ec="10" bec="0" bev="0" fileid="1" />
              </SequencePoints>
              <BranchPoints />
              <MethodPoint xsi:type="SequencePoint" vc="1" uspid="153" ordinal="0" offset="0" sl="332" sc="9" el="332" ec="10" bec="0" bev="0" fileid="1" />
            </Method>
            <Method visited="true" cyclomaticComplexity="1" nPathComplexity="0" sequenceCoverage="100" branchCoverage="100" crapScore="1" isConstructor="false" isStatic="false" isGetter="false" isSetter="false">
              <Summary numSequencePoints="7" visitedSequencePoints="7" numBranchPoints="1" visitedBranchPoints="1" sequenceCoverage="100" branchCoverage="100" maxCyclomaticComplexity="1" minCyclomaticComplexity="1" maxCrapScore="1" minCrapScore="1" visitedClasses="0" numClasses="0" visitedMethods="1" numMethods="1" />
              <MetadataToken>100663321</MetadataToken>
              <Name>System.Void LaboratoryWork_9.Tests.LaboratoryWork9Tests::EquationMore_MaxX1DoubleMaxValueMoreThanMaxX2A0_Truereturned()</Name>
              <FileRef uid="1" />
              <SequencePoints>
                <SequencePoint vc="1" uspid="160" ordinal="0" offset="0" sl="346" sc="9" el="346" ec="10" bec="0" bev="0" fileid="1" />
                <SequencePoint vc="1" uspid="161" ordinal="1" offset="1" sl="348" sc="13" el="348" ec="43" bec="0" bev="0" fileid="1" />
                <SequencePoint vc="1" uspid="162" ordinal="2" offset="7" sl="349" sc="13" el="349" ec="52" bec="0" bev="0" fileid="1" />
                <SequencePoint vc="1" uspid="163" ordinal="3" offset="40" sl="350" sc="13" el="350" ec="34" bec="0" bev="0" fileid="1" />
                <SequencePoint vc="1" uspid="164" ordinal="4" offset="42" sl="353" sc="13" el="353" ec="37" bec="0" bev="0" fileid="1" />
                <SequencePoint vc="1" uspid="165" ordinal="5" offset="50" sl="356" sc="13" el="356" ec="47" bec="0" bev="0" fileid="1" />
                <SequencePoint vc="1" uspid="166" ordinal="6" offset="58" sl="357" sc="9" el="357" ec="10" bec="0" bev="0" fileid="1" />
              </SequencePoints>
              <BranchPoints />
              <MethodPoint xsi:type="SequencePoint" vc="1" uspid="160" ordinal="0" offset="0" sl="346" sc="9" el="346" ec="10" bec="0" bev="0" fileid="1" />
            </Method>
            <Method visited="true" cyclomaticComplexity="1" nPathComplexity="0" sequenceCoverage="100" branchCoverage="100" crapScore="1" isConstructor="false" isStatic="false" isGetter="false" isSetter="false">
              <Summary numSequencePoints="7" visitedSequencePoints="7" numBranchPoints="1" visitedBranchPoints="1" sequenceCoverage="100" branchCoverage="100" maxCyclomaticComplexity="1" minCyclomaticComplexity="1" maxCrapScore="1" minCrapScore="1" visitedClasses="0" numClasses="0" visitedMethods="1" numMethods="1" />
              <MetadataToken>100663322</MetadataToken>
              <Name>System.Void LaboratoryWork_9.Tests.LaboratoryWork9Tests::EquationMore_MaxX1A0MoreThanX2DoubleMaxValue_Falsereturned()</Name>
              <FileRef uid="1" />
              <SequencePoints>
                <SequencePoint vc="1" uspid="167" ordinal="0" offset="0" sl="360" sc="9" el="360" ec="10" bec="0" bev="0" fileid="1" />
                <SequencePoint vc="1" uspid="168" ordinal="1" offset="1" sl="362" sc="13" el="362" ec="51" bec="0" bev="0" fileid="1" />
                <SequencePoint vc="1" uspid="169" ordinal="2" offset="34" sl="363" sc="13" el="363" ec="43" bec="0" bev="0" fileid="1" />
                <SequencePoint vc="1" uspid="170" ordinal="3" offset="40" sl="364" sc="13" el="364" ec="35" bec="0" bev="0" fileid="1" />
                <SequencePoint vc="1" uspid="171" ordinal="4" offset="42" sl="367" sc="13" el="367" ec="37" bec="0" bev="0" fileid="1" />
                <SequencePoint vc="1" uspid="172" ordinal="5" offset="50" sl="370" sc="13" el="370" ec="47" bec="0" bev="0" fileid="1" />
                <SequencePoint vc="1" uspid="173" ordinal="6" offset="58" sl="371" sc="9" el="371" ec="10" bec="0" bev="0" fileid="1" />
              </SequencePoints>
              <BranchPoints />
              <MethodPoint xsi:type="SequencePoint" vc="1" uspid="167" ordinal="0" offset="0" sl="360" sc="9" el="360" ec="10" bec="0" bev="0" fileid="1" />
            </Method>
            <Method visited="true" cyclomaticComplexity="1" nPathComplexity="0" sequenceCoverage="100" branchCoverage="100" crapScore="1" isConstructor="false" isStatic="false" isGetter="false" isSetter="false">
              <Summary numSequencePoints="7" visitedSequencePoints="7" numBranchPoints="1" visitedBranchPoints="1" sequenceCoverage="100" branchCoverage="100" maxCyclomaticComplexity="1" minCyclomaticComplexity="1" maxCrapScore="1" minCrapScore="1" visitedClasses="0" numClasses="0" visitedMethods="1" numMethods="1" />
              <MetadataToken>100663323</MetadataToken>
              <Name>System.Void LaboratoryWork_9.Tests.LaboratoryWork9Tests::EquationLess_XNotExist_Falsereturned()</Name>
              <FileRef uid="1" />
              <SequencePoints>
                <SequencePoint vc="1" uspid="174" ordinal="0" offset="0" sl="374" sc="9" el="374" ec="10" bec="0" bev="0" fileid="1" />
                <SequencePoint vc="1" uspid="175" ordinal="1" offset="1" sl="376" sc="13" el="376" ec="50" bec="0" bev="0" fileid="1" />
                <SequencePoint vc="1" uspid="176" ordinal="2" offset="34" sl="377" sc="13" el="377" ec="50" bec="0" bev="0" fileid="1" />
                <SequencePoint vc="1" uspid="177" ordinal="3" offset="67" sl="378" sc="13" el="378" ec="35" bec="0" bev="0" fileid="1" />
                <SequencePoint vc="1" uspid="178" ordinal="4" offset="69" sl="381" sc="13" el="381" ec="37" bec="0" bev="0" fileid="1" />
                <SequencePoint vc="1" uspid="179" ordinal="5" offset="77" sl="384" sc="13" el="384" ec="47" bec="0" bev="0" fileid="1" />
                <SequencePoint vc="1" uspid="180" ordinal="6" offset="85" sl="385" sc="9" el="385" ec="10" bec="0" bev="0" fileid="1" />
              </SequencePoints>
              <BranchPoints />
              <MethodPoint xsi:type="SequencePoint" vc="1" uspid="174" ordinal="0" offset="0" sl="374" sc="9" el="374" ec="10" bec="0" bev="0" fileid="1" />
            </Method>
            <Method visited="true" cyclomaticComplexity="1" nPathComplexity="0" sequenceCoverage="100" branchCoverage="100" crapScore="1" isConstructor="false" isStatic="false" isGetter="false" isSetter="false">
              <Summary numSequencePoints="7" visitedSequencePoints="7" numBranchPoints="1" visitedBranchPoints="1" sequenceCoverage="100" branchCoverage="100" maxCyclomaticComplexity="1" minCyclomaticComplexity="1" maxCrapScore="1" minCrapScore="1" visitedClasses="0" numClasses="0" visitedMethods="1" numMethods="1" />
              <MetadataToken>100663324</MetadataToken>
              <Name>System.Void LaboratoryWork_9.Tests.LaboratoryWork9Tests::EquationLess_X1NotExist_Truereturned()</Name>
              <FileRef uid="1" />
              <SequencePoints>
                <SequencePoint vc="1" uspid="181" ordinal="0" offset="0" sl="388" sc="9" el="388" ec="10" bec="0" bev="0" fileid="1" />
                <SequencePoint vc="1" uspid="182" ordinal="1" offset="1" sl="390" sc="13" el="390" ec="50" bec="0" bev="0" fileid="1" />
                <SequencePoint vc="1" uspid="183" ordinal="2" offset="34" sl="391" sc="13" el="391" ec="50" bec="0" bev="0" fileid="1" />
                <SequencePoint vc="1" uspid="184" ordinal="3" offset="67" sl="392" sc="13" el="392" ec="34" bec="0" bev="0" fileid="1" />
                <SequencePoint vc="1" uspid="185" ordinal="4" offset="69" sl="395" sc="13" el="395" ec="37" bec="0" bev="0" fileid="1" />
                <SequencePoint vc="1" uspid="186" ordinal="5" offset="77" sl="398" sc="13" el="398" ec="47" bec="0" bev="0" fileid="1" />
                <SequencePoint vc="1" uspid="187" ordinal="6" offset="85" sl="399" sc="9" el="399" ec="10" bec="0" bev="0" fileid="1" />
              </SequencePoints>
              <BranchPoints />
              <MethodPoint xsi:type="SequencePoint" vc="1" uspid="181" ordinal="0" offset="0" sl="388" sc="9" el="388" ec="10" bec="0" bev="0" fileid="1" />
            </Method>
            <Method visited="true" cyclomaticComplexity="1" nPathComplexity="0" sequenceCoverage="100" branchCoverage="100" crapScore="1" isConstructor="false" isStatic="false" isGetter="false" isSetter="false">
              <Summary numSequencePoints="7" visitedSequencePoints="7" numBranchPoints="1" visitedBranchPoints="1" sequenceCoverage="100" branchCoverage="100" maxCyclomaticComplexity="1" minCyclomaticComplexity="1" maxCrapScore="1" minCrapScore="1" visitedClasses="0" numClasses="0" visitedMethods="1" numMethods="1" />
              <MetadataToken>100663325</MetadataToken>
              <Name>System.Void LaboratoryWork_9.Tests.LaboratoryWork9Tests::EquationLess_MaxX1EqualX2_Falsereturned()</Name>
              <FileRef uid="1" />
              <SequencePoints>
                <SequencePoint vc="1" uspid="188" ordinal="0" offset="0" sl="402" sc="9" el="402" ec="10" bec="0" bev="0" fileid="1" />
                <SequencePoint vc="1" uspid="189" ordinal="1" offset="1" sl="404" sc="13" el="404" ec="50" bec="0" bev="0" fileid="1" />
                <SequencePoint vc="1" uspid="190" ordinal="2" offset="34" sl="405" sc="13" el="405" ec="51" bec="0" bev="0" fileid="1" />
                <SequencePoint vc="1" uspid="191" ordinal="3" offset="67" sl="406" sc="13" el="406" ec="35" bec="0" bev="0" fileid="1" />
                <SequencePoint vc="1" uspid="192" ordinal="4" offset="69" sl="409" sc="13" el="409" ec="37" bec="0" bev="0" fileid="1" />
                <SequencePoint vc="1" uspid="193" ordinal="5" offset="77" sl="412" sc="13" el="412" ec="47" bec="0" bev="0" fileid="1" />
                <SequencePoint vc="1" uspid="194" ordinal="6" offset="85" sl="413" sc="9" el="413" ec="10" bec="0" bev="0" fileid="1" />
              </SequencePoints>
              <BranchPoints />
              <MethodPoint xsi:type="SequencePoint" vc="1" uspid="188" ordinal="0" offset="0" sl="402" sc="9" el="402" ec="10" bec="0" bev="0" fileid="1" />
            </Method>
            <Method visited="true" cyclomaticComplexity="1" nPathComplexity="0" sequenceCoverage="100" branchCoverage="100" crapScore="1" isConstructor="false" isStatic="false" isGetter="false" isSetter="false">
              <Summary numSequencePoints="7" visitedSequencePoints="7" numBranchPoints="1" visitedBranchPoints="1" sequenceCoverage="100" branchCoverage="100" maxCyclomaticComplexity="1" minCyclomaticComplexity="1" maxCrapScore="1" minCrapScore="1" visitedClasses="0" numClasses="0" visitedMethods="1" numMethods="1" />
              <MetadataToken>100663326</MetadataToken>
              <Name>System.Void LaboratoryWork_9.Tests.LaboratoryWork9Tests::EquationLess_MaxX1LessThanMaxX2_Falsereturned()</Name>
              <FileRef uid="1" />
              <SequencePoints>
                <SequencePoint vc="1" uspid="195" ordinal="0" offset="0" sl="416" sc="9" el="416" ec="10" bec="0" bev="0" fileid="1" />
                <SequencePoint vc="1" uspid="196" ordinal="1" offset="1" sl="418" sc="13" el="418" ec="52" bec="0" bev="0" fileid="1" />
                <SequencePoint vc="1" uspid="197" ordinal="2" offset="34" sl="419" sc="13" el="419" ec="53" bec="0" bev="0" fileid="1" />
                <SequencePoint vc="1" uspid="198" ordinal="3" offset="67" sl="420" sc="13" el="420" ec="35" bec="0" bev="0" fileid="1" />
                <SequencePoint vc="1" uspid="199" ordinal="4" offset="69" sl="423" sc="13" el="423" ec="37" bec="0" bev="0" fileid="1" />
                <SequencePoint vc="1" uspid="200" ordinal="5" offset="77" sl="426" sc="13" el="426" ec="47" bec="0" bev="0" fileid="1" />
                <SequencePoint vc="1" uspid="201" ordinal="6" offset="85" sl="427" sc="9" el="427" ec="10" bec="0" bev="0" fileid="1" />
              </SequencePoints>
              <BranchPoints />
              <MethodPoint xsi:type="SequencePoint" vc="1" uspid="195" ordinal="0" offset="0" sl="416" sc="9" el="416" ec="10" bec="0" bev="0" fileid="1" />
            </Method>
            <Method visited="true" cyclomaticComplexity="1" nPathComplexity="0" sequenceCoverage="100" branchCoverage="100" crapScore="1" isConstructor="false" isStatic="false" isGetter="false" isSetter="false">
              <Summary numSequencePoints="7" visitedSequencePoints="7" numBranchPoints="1" visitedBranchPoints="1" sequenceCoverage="100" branchCoverage="100" maxCyclomaticComplexity="1" minCyclomaticComplexity="1" maxCrapScore="1" minCrapScore="1" visitedClasses="0" numClasses="0" visitedMethods="1" numMethods="1" />
              <MetadataToken>100663327</MetadataToken>
              <Name>System.Void LaboratoryWork_9.Tests.LaboratoryWork9Tests::EquationLess_X1DoubleMaxValueLessThanMaxX2A0_Falsereturned()</Name>
              <FileRef uid="1" />
              <SequencePoints>
                <SequencePoint vc="1" uspid="202" ordinal="0" offset="0" sl="430" sc="9" el="430" ec="10" bec="0" bev="0" fileid="1" />
                <SequencePoint vc="1" uspid="203" ordinal="1" offset="1" sl="432" sc="13" el="432" ec="43" bec="0" bev="0" fileid="1" />
                <SequencePoint vc="1" uspid="204" ordinal="2" offset="7" sl="433" sc="13" el="433" ec="52" bec="0" bev="0" fileid="1" />
                <SequencePoint vc="1" uspid="205" ordinal="3" offset="40" sl="434" sc="13" el="434" ec="35" bec="0" bev="0" fileid="1" />
                <SequencePoint vc="1" uspid="206" ordinal="4" offset="42" sl="437" sc="13" el="437" ec="37" bec="0" bev="0" fileid="1" />
                <SequencePoint vc="1" uspid="207" ordinal="5" offset="50" sl="440" sc="13" el="440" ec="47" bec="0" bev="0" fileid="1" />
                <SequencePoint vc="1" uspid="208" ordinal="6" offset="58" sl="441" sc="9" el="441" ec="10" bec="0" bev="0" fileid="1" />
              </SequencePoints>
              <BranchPoints />
              <MethodPoint xsi:type="SequencePoint" vc="1" uspid="202" ordinal="0" offset="0" sl="430" sc="9" el="430" ec="10" bec="0" bev="0" fileid="1" />
            </Method>
            <Method visited="true" cyclomaticComplexity="1" nPathComplexity="0" sequenceCoverage="100" branchCoverage="100" crapScore="1" isConstructor="false" isStatic="false" isGetter="false" isSetter="false">
              <Summary numSequencePoints="7" visitedSequencePoints="7" numBranchPoints="1" visitedBranchPoints="1" sequenceCoverage="100" branchCoverage="100" maxCyclomaticComplexity="1" minCyclomaticComplexity="1" maxCrapScore="1" minCrapScore="1" visitedClasses="0" numClasses="0" visitedMethods="1" numMethods="1" />
              <MetadataToken>100663328</MetadataToken>
              <Name>System.Void LaboratoryWork_9.Tests.LaboratoryWork9Tests::EquationLess_MaxX1A0LessThanX2DoubleMaxValue_Truereturned()</Name>
              <FileRef uid="1" />
              <SequencePoints>
                <SequencePoint vc="1" uspid="209" ordinal="0" offset="0" sl="444" sc="9" el="444" ec="10" bec="0" bev="0" fileid="1" />
                <SequencePoint vc="1" uspid="210" ordinal="1" offset="1" sl="446" sc="13" el="446" ec="51" bec="0" bev="0" fileid="1" />
                <SequencePoint vc="1" uspid="211" ordinal="2" offset="34" sl="447" sc="13" el="447" ec="43" bec="0" bev="0" fileid="1" />
                <SequencePoint vc="1" uspid="212" ordinal="3" offset="40" sl="448" sc="13" el="448" ec="34" bec="0" bev="0" fileid="1" />
                <SequencePoint vc="1" uspid="213" ordinal="4" offset="42" sl="451" sc="13" el="451" ec="37" bec="0" bev="0" fileid="1" />
                <SequencePoint vc="1" uspid="214" ordinal="5" offset="50" sl="454" sc="13" el="454" ec="47" bec="0" bev="0" fileid="1" />
                <SequencePoint vc="1" uspid="215" ordinal="6" offset="58" sl="455" sc="9" el="455" ec="10" bec="0" bev="0" fileid="1" />
              </SequencePoints>
              <BranchPoints />
              <MethodPoint xsi:type="SequencePoint" vc="1" uspid="209" ordinal="0" offset="0" sl="444" sc="9" el="444" ec="10" bec="0" bev="0" fileid="1" />
            </Method>
            <Method visited="true" cyclomaticComplexity="1" nPathComplexity="0" sequenceCoverage="100" branchCoverage="100" crapScore="1" isConstructor="false" isStatic="false" isGetter="false" isSetter="false">
              <Summary numSequencePoints="6" visitedSequencePoints="6" numBranchPoints="1" visitedBranchPoints="1" sequenceCoverage="100" branchCoverage="100" maxCyclomaticComplexity="1" minCyclomaticComplexity="1" maxCrapScore="1" minCrapScore="1" visitedClasses="0" numClasses="0" visitedMethods="1" numMethods="1" />
              <MetadataToken>100663329</MetadataToken>
              <Name>System.Void LaboratoryWork_9.Tests.LaboratoryWork9Tests::FindMaxAbsRoot_EmptyArray_Nullreturned()</Name>
              <FileRef uid="1" />
              <SequencePoints>
                <SequencePoint vc="1" uspid="216" ordinal="0" offset="0" sl="459" sc="9" el="459" ec="10" bec="0" bev="0" fileid="1" />
                <SequencePoint vc="1" uspid="217" ordinal="1" offset="1" sl="461" sc="13" el="461" ec="53" bec="0" bev="0" fileid="1" />
                <SequencePoint vc="1" uspid="218" ordinal="2" offset="7" sl="462" sc="13" el="462" ec="38" bec="0" bev="0" fileid="1" />
                <SequencePoint vc="1" uspid="219" ordinal="3" offset="9" sl="465" sc="13" el="465" ec="59" bec="0" bev="0" fileid="1" />
                <SequencePoint vc="1" uspid="220" ordinal="4" offset="16" sl="468" sc="13" el="468" ec="47" bec="0" bev="0" fileid="1" />
                <SequencePoint vc="1" uspid="221" ordinal="5" offset="24" sl="469" sc="9" el="469" ec="10" bec="0" bev="0" fileid="1" />
              </SequencePoints>
              <BranchPoints />
              <MethodPoint xsi:type="SequencePoint" vc="1" uspid="216" ordinal="0" offset="0" sl="459" sc="9" el="459" ec="10" bec="0" bev="0" fileid="1" />
            </Method>
            <Method visited="true" cyclomaticComplexity="1" nPathComplexity="0" sequenceCoverage="100" branchCoverage="100" crapScore="1" isConstructor="false" isStatic="false" isGetter="false" isSetter="false">
              <Summary numSequencePoints="7" visitedSequencePoints="7" numBranchPoints="1" visitedBranchPoints="1" sequenceCoverage="100" branchCoverage="100" maxCyclomaticComplexity="1" minCyclomaticComplexity="1" maxCrapScore="1" minCrapScore="1" visitedClasses="0" numClasses="0" visitedMethods="1" numMethods="1" />
              <MetadataToken>100663330</MetadataToken>
              <Name>System.Void LaboratoryWork_9.Tests.LaboratoryWork9Tests::FindMaxAbsRoot_RandomArray_Equationreturned()</Name>
              <FileRef uid="1" />
              <SequencePoints>
                <SequencePoint vc="1" uspid="222" ordinal="0" offset="0" sl="472" sc="9" el="472" ec="10" bec="0" bev="0" fileid="1" />
                <SequencePoint vc="1" uspid="223" ordinal="1" offset="1" sl="474" sc="13" el="474" ec="61" bec="0" bev="0" fileid="1" />
                <SequencePoint vc="1" uspid="224" ordinal="2" offset="11" sl="475" sc="13" el="475" ec="34" bec="0" bev="0" fileid="1" />
                <SequencePoint vc="1" uspid="225" ordinal="3" offset="13" sl="478" sc="13" el="478" ec="64" bec="0" bev="0" fileid="1" />
                <SequencePoint vc="1" uspid="226" ordinal="4" offset="20" sl="479" sc="13" el="479" ec="63" bec="0" bev="0" fileid="1" />
                <SequencePoint vc="1" uspid="227" ordinal="5" offset="33" sl="482" sc="13" el="482" ec="47" bec="0" bev="0" fileid="1" />
                <SequencePoint vc="1" uspid="228" ordinal="6" offset="41" sl="483" sc="9" el="483" ec="10" bec="0" bev="0" fileid="1" />
              </SequencePoints>
              <BranchPoints />
              <MethodPoint xsi:type="SequencePoint" vc="1" uspid="222" ordinal="0" offset="0" sl="472" sc="9" el="472" ec="10" bec="0" bev="0" fileid="1" />
            </Method>
            <Method visited="true" cyclomaticComplexity="1" nPathComplexity="0" sequenceCoverage="87.5" branchCoverage="100" crapScore="1.00" isConstructor="false" isStatic="false" isGetter="false" isSetter="false">
              <Summary numSequencePoints="8" visitedSequencePoints="7" numBranchPoints="1" visitedBranchPoints="1" sequenceCoverage="87.5" branchCoverage="100" maxCyclomaticComplexity="1" minCyclomaticComplexity="1" maxCrapScore="1.00" minCrapScore="1.00" visitedClasses="0" numClasses="0" visitedMethods="1" numMethods="1" />
              <MetadataToken>100663331</MetadataToken>
              <Name>System.Void LaboratoryWork_9.Tests.LaboratoryWork9Tests::EquationArrayCount_Constructors_Count4returned()</Name>
              <FileRef uid="1" />
              <SequencePoints>
                <SequencePoint vc="1" uspid="229" ordinal="0" offset="0" sl="486" sc="9" el="486" ec="10" bec="0" bev="0" fileid="1" />
                <SequencePoint vc="1" uspid="230" ordinal="1" offset="1" sl="488" sc="13" el="488" ec="54" bec="0" bev="0" fileid="1" />
                <SequencePoint vc="1" uspid="231" ordinal="2" offset="7" sl="489" sc="13" el="489" ec="62" bec="0" bev="0" fileid="1" />
                <SequencePoint vc="1" uspid="232" ordinal="3" offset="17" sl="490" sc="13" el="490" ec="58" bec="0" bev="0" fileid="1" />
                <SequencePoint vc="1" uspid="233" ordinal="4" offset="24" sl="491" sc="13" el="491" ec="30" bec="0" bev="0" fileid="1" />
                <SequencePoint vc="1" uspid="234" ordinal="5" offset="26" sl="494" sc="13" el="494" ec="46" bec="0" bev="0" fileid="1" />
                <SequencePoint vc="1" uspid="235" ordinal="6" offset="33" sl="497" sc="13" el="497" ec="47" bec="0" bev="0" fileid="1" />
                <SequencePoint vc="0" uspid="236" ordinal="7" offset="42" sl="498" sc="9" el="498" ec="10" bec="0" bev="0" fileid="1" />
              </SequencePoints>
              <BranchPoints />
              <MethodPoint xsi:type="SequencePoint" vc="1" uspid="229" ordinal="0" offset="0" sl="486" sc="9" el="486" ec="10" bec="0" bev="0" fileid="1" />
            </Method>
            <Method visited="true" cyclomaticComplexity="1" nPathComplexity="0" sequenceCoverage="100" branchCoverage="100" crapScore="1" isConstructor="false" isStatic="false" isGetter="false" isSetter="false">
              <Summary numSequencePoints="7" visitedSequencePoints="7" numBranchPoints="1" visitedBranchPoints="1" sequenceCoverage="100" branchCoverage="100" maxCyclomaticComplexity="1" minCyclomaticComplexity="1" maxCrapScore="1" minCrapScore="1" visitedClasses="0" numClasses="0" visitedMethods="1" numMethods="1" />
              <MetadataToken>100663332</MetadataToken>
              <Name>System.Void LaboratoryWork_9.Tests.LaboratoryWork9Tests::EquationArrayIndex_GetInRange_Equationreturned()</Name>
              <FileRef uid="1" />
              <SequencePoints>
                <SequencePoint vc="1" uspid="237" ordinal="0" offset="0" sl="501" sc="9" el="501" ec="10" bec="0" bev="0" fileid="1" />
                <SequencePoint vc="1" uspid="238" ordinal="1" offset="1" sl="503" sc="13" el="503" ec="61" bec="0" bev="0" fileid="1" />
                <SequencePoint vc="1" uspid="239" ordinal="2" offset="11" sl="504" sc="13" el="504" ec="33" bec="0" bev="0" fileid="1" />
                <SequencePoint vc="1" uspid="240" ordinal="3" offset="13" sl="507" sc="13" el="507" ec="35" bec="0" bev="0" fileid="1" />
                <SequencePoint vc="1" uspid="241" ordinal="4" offset="21" sl="508" sc="13" el="508" ec="54" bec="0" bev="0" fileid="1" />
                <SequencePoint vc="1" uspid="242" ordinal="5" offset="34" sl="511" sc="13" el="511" ec="47" bec="0" bev="0" fileid="1" />
                <SequencePoint vc="1" uspid="243" ordinal="6" offset="42" sl="512" sc="9" el="512" ec="10" bec="0" bev="0" fileid="1" />
              </SequencePoints>
              <BranchPoints />
              <MethodPoint xsi:type="SequencePoint" vc="1" uspid="237" ordinal="0" offset="0" sl="501" sc="9" el="501" ec="10" bec="0" bev="0" fileid="1" />
            </Method>
            <Method visited="true" cyclomaticComplexity="1" nPathComplexity="0" sequenceCoverage="92.31" branchCoverage="100" crapScore="1.00" isConstructor="false" isStatic="false" isGetter="false" isSetter="false">
              <Summary numSequencePoints="13" visitedSequencePoints="12" numBranchPoints="1" visitedBranchPoints="1" sequenceCoverage="92.31" branchCoverage="100" maxCyclomaticComplexity="1" minCyclomaticComplexity="1" maxCrapScore="1.00" minCrapScore="1.00" visitedClasses="0" numClasses="0" visitedMethods="1" numMethods="1" />
              <MetadataToken>100663333</MetadataToken>
              <Name>System.Void LaboratoryWork_9.Tests.LaboratoryWork9Tests::EquationArrayIndex_GetOutOfRange_Exceptionreturned()</Name>
              <FileRef uid="1" />
              <SequencePoints>
                <SequencePoint vc="1" uspid="244" ordinal="0" offset="0" sl="515" sc="9" el="515" ec="10" bec="0" bev="0" fileid="1" />
                <SequencePoint vc="1" uspid="245" ordinal="1" offset="1" sl="517" sc="13" el="517" ec="61" bec="0" bev="0" fileid="1" />
                <SequencePoint vc="1" uspid="246" ordinal="2" offset="11" sl="518" sc="13" el="518" ec="34" bec="0" bev="0" fileid="1" />
                <SequencePoint vc="1" uspid="247" ordinal="3" offset="13" sl="521" sc="13" el="521" ec="31" bec="0" bev="0" fileid="1" />
                <SequencePoint vc="1" uspid="248" ordinal="4" offset="15" sl="523" sc="13" el="523" ec="14" bec="0" bev="0" fileid="1" />
                <SequencePoint vc="1" uspid="249" ordinal="5" offset="16" sl="524" sc="17" el="524" ec="38" bec="0" bev="0" fileid="1" />
                <SequencePoint vc="0" uspid="250" ordinal="6" offset="24" sl="525" sc="13" el="525" ec="14" bec="0" bev="0" fileid="1" />
                <SequencePoint vc="1" uspid="251" ordinal="7" offset="27" sl="526" sc="13" el="526" ec="48" bec="0" bev="0" fileid="1" />
                <SequencePoint vc="1" uspid="252" ordinal="8" offset="28" sl="527" sc="13" el="527" ec="14" bec="0" bev="0" fileid="1" />
                <SequencePoint vc="1" uspid="253" ordinal="9" offset="29" sl="528" sc="17" el="528" ec="32" bec="0" bev="0" fileid="1" />
                <SequencePoint vc="1" uspid="254" ordinal="10" offset="31" sl="529" sc="13" el="529" ec="14" bec="0" bev="0" fileid="1" />
                <SequencePoint vc="1" uspid="255" ordinal="11" offset="34" sl="532" sc="13" el="532" ec="47" bec="0" bev="0" fileid="1" />
                <SequencePoint vc="1" uspid="256" ordinal="12" offset="42" sl="533" sc="9" el="533" ec="10" bec="0" bev="0" fileid="1" />
              </SequencePoints>
              <BranchPoints />
              <MethodPoint xsi:type="SequencePoint" vc="1" uspid="244" ordinal="0" offset="0" sl="515" sc="9" el="515" ec="10" bec="0" bev="0" fileid="1" />
            </Method>
            <Method visited="true" cyclomaticComplexity="3" nPathComplexity="4" sequenceCoverage="100" branchCoverage="60" crapScore="3" isConstructor="false" isStatic="false" isGetter="false" isSetter="false">
              <Summary numSequencePoints="7" visitedSequencePoints="7" numBranchPoints="5" visitedBranchPoints="3" sequenceCoverage="100" branchCoverage="60" maxCyclomaticComplexity="3" minCyclomaticComplexity="3" maxCrapScore="3" minCrapScore="3" visitedClasses="0" numClasses="0" visitedMethods="1" numMethods="1" />
              <MetadataToken>100663334</MetadataToken>
              <Name>System.Void LaboratoryWork_9.Tests.LaboratoryWork9Tests::EquationArrayIndex_SetInRange_Equationreturned()</Name>
              <FileRef uid="1" />
              <SequencePoints>
                <SequencePoint vc="1" uspid="257" ordinal="0" offset="0" sl="536" sc="9" el="536" ec="10" bec="0" bev="0" fileid="1" />
                <SequencePoint vc="1" uspid="258" ordinal="1" offset="1" sl="538" sc="13" el="538" ec="61" bec="0" bev="0" fileid="1" />
                <SequencePoint vc="1" uspid="259" ordinal="2" offset="11" sl="539" sc="13" el="539" ec="33" bec="0" bev="0" fileid="1" />
                <SequencePoint vc="1" uspid="260" ordinal="3" offset="13" sl="542" sc="13" el="542" ec="37" bec="0" bev="0" fileid="1" />
                <SequencePoint vc="1" uspid="261" ordinal="4" offset="26" sl="543" sc="13" el="543" ec="76" bec="3" bev="2" fileid="1" />
                <SequencePoint vc="1" uspid="262" ordinal="5" offset="99" sl="546" sc="13" el="546" ec="47" bec="0" bev="0" fileid="1" />
                <SequencePoint vc="1" uspid="263" ordinal="6" offset="107" sl="547" sc="9" el="547" ec="10" bec="0" bev="0" fileid="1" />
              </SequencePoints>
              <BranchPoints>
                <BranchPoint vc="1" uspid="264" ordinal="0" offset="47" sl="543" path="0" offsetend="49" fileid="1" />
                <BranchPoint vc="0" uspid="265" ordinal="1" offset="47" sl="543" path="1" offsetend="97" fileid="1" />
                <BranchPoint vc="1" uspid="266" ordinal="2" offset="70" sl="543" path="0" offsetend="72" fileid="1" />
                <BranchPoint vc="0" uspid="267" ordinal="3" offset="70" sl="543" path="1" offsetend="97" fileid="1" />
              </BranchPoints>
              <MethodPoint xsi:type="SequencePoint" vc="1" uspid="257" ordinal="0" offset="0" sl="536" sc="9" el="536" ec="10" bec="0" bev="0" fileid="1" />
            </Method>
            <Method visited="false" cyclomaticComplexity="1" nPathComplexity="0" sequenceCoverage="0" branchCoverage="0" crapScore="2" isConstructor="true" isStatic="false" isGetter="false" isSetter="false">
              <Summary numSequencePoints="0" visitedSequencePoints="0" numBranchPoints="0" visitedBranchPoints="0" sequenceCoverage="0" branchCoverage="0" maxCyclomaticComplexity="1" minCyclomaticComplexity="1" maxCrapScore="2" minCrapScore="2" visitedClasses="0" numClasses="0" visitedMethods="0" numMethods="0" />
              <MetadataToken>100663335</MetadataToken>
              <Name>System.Void LaboratoryWork_9.Tests.LaboratoryWork9Tests::.ctor()</Name>
              <SequencePoints />
              <BranchPoints />
              <MethodPoint vc="0" uspid="268" ordinal="0" offset="0" />
            </Method>
          </Methods>
        </Class>
      </Classes>
    </Module>
    <Module hash="E2-98-26-3D-E8-7E-8A-26-7D-12-4E-E1-FC-0D-FA-41-D5-FD-4B-D7">
      <Summary numSequencePoints="407" visitedSequencePoints="209" numBranchPoints="168" visitedBranchPoints="113" sequenceCoverage="51.35" branchCoverage="67.26" maxCyclomaticComplexity="10" minCyclomaticComplexity="1" maxCrapScore="110" minCrapScore="1" visitedClasses="3" numClasses="3" visitedMethods="29" numMethods="38" />
      <ModulePath>D:\repos\Laboratory works\LaboratoryWork_9\LaboratoryWork_9.Tests\bin\Debug\fine-code-coverage\build-output\LaboratoryWork_9.exe</ModulePath>
      <ModuleTime>2023-11-03T11:00:14.751825Z</ModuleTime>
      <ModuleName>LaboratoryWork_9</ModuleName>
      <Files>
        <File uid="3" fullPath="D:\repos\Laboratory works\LaboratoryWork_9\LaboratoryWork_9\Equation.cs" />
        <File uid="4" fullPath="D:\repos\Laboratory works\LaboratoryWork_9\LaboratoryWork_9\EquationArray.cs" />
        <File uid="5" fullPath="D:\repos\Laboratory works\LaboratoryWork_9\LaboratoryWork_9\Program.cs" />
      </Files>
      <Classes>
        <Class>
[...]
                <BranchPoint vc="0" uspid="686" ordinal="12" offset="297" sl="42" path="0" offsetend="299" fileid="5" />
                <BranchPoint vc="0" uspid="687" ordinal="13" offset="297" sl="42" path="1" offsetend="413" fileid="5" />
                <BranchPoint vc="0" uspid="688" ordinal="14" offset="423" sl="48" path="0" offsetend="425" fileid="5" />
                <BranchPoint vc="0" uspid="689" ordinal="15" offset="423" sl="48" path="1" offsetend="444" fileid="5" />
                <BranchPoint vc="0" uspid="690" ordinal="16" offset="449" sl="48" path="0" offsetend="451" fileid="5" />
                <BranchPoint vc="0" uspid="691" ordinal="17" offset="449" sl="48" path="1" offsetend="499" fileid="5" />
              </BranchPoints>
              <MethodPoint xsi:type="SequencePoint" vc="0" uspid="645" ordinal="0" offset="0" sl="23" sc="9" el="23" ec="10" bec="0" bev="0" fileid="5" />
            </Method>
            <Method visited="true" cyclomaticComplexity="5" nPathComplexity="16" sequenceCoverage="100" branchCoverage="88.89" crapScore="5" isConstructor="false" isStatic="true" isGetter="false" isSetter="false">
              <Summary numSequencePoints="13" visitedSequencePoints="13" numBranchPoints="9" visitedBranchPoints="8" sequenceCoverage="100" branchCoverage="88.89" maxCyclomaticComplexity="5" minCyclomaticComplexity="5" maxCrapScore="5" minCrapScore="5" visitedClasses="0" numClasses="0" visitedMethods="1" numMethods="1" />
              <MetadataToken>100663333</MetadataToken>
              <Name>LaboratoryWork_9.Equation LaboratoryWork_9.Program::FindMaxAbsRoot(LaboratoryWork_9.EquationArray)</Name>
              <FileRef uid="5" />
              <SequencePoints>
                <SequencePoint vc="2" uspid="692" ordinal="0" offset="0" sl="60" sc="9" el="60" ec="10" bec="0" bev="0" fileid="5" />
                <SequencePoint vc="2" uspid="693" ordinal="1" offset="1" sl="61" sc="13" el="61" ec="62" bec="4" bev="3" fileid="5" />
                <SequencePoint vc="1" uspid="694" ordinal="2" offset="21" sl="62" sc="17" el="62" ec="29" bec="0" bev="0" fileid="5" />
                <SequencePoint vc="1" uspid="695" ordinal="3" offset="25" sl="63" sc="13" el="63" ec="55" bec="0" bev="0" fileid="5" />
                <SequencePoint vc="1" uspid="696" ordinal="4" offset="34" sl="64" sc="18" el="64" ec="27" bec="0" bev="0" fileid="5" />
                <SequencePoint vc="2" uspid="697" ordinal="5" offset="38" sl="65" sc="13" el="65" ec="14" bec="0" bev="0" fileid="5" />
                <SequencePoint vc="2" uspid="698" ordinal="6" offset="39" sl="66" sc="17" el="66" ec="54" bec="2" bev="2" fileid="5" />
                <SequencePoint vc="1" uspid="699" ordinal="7" offset="59" sl="67" sc="21" el="67" ec="54" bec="0" bev="0" fileid="5" />
                <SequencePoint vc="2" uspid="700" ordinal="8" offset="68" sl="68" sc="13" el="68" ec="14" bec="0" bev="0" fileid="5" />
                <SequencePoint vc="2" uspid="701" ordinal="9" offset="69" sl="64" sc="57" el="64" ec="60" bec="0" bev="0" fileid="5" />
                <SequencePoint vc="3" uspid="702" ordinal="10" offset="73" sl="64" sc="29" el="64" ec="55" bec="2" bev="2" fileid="5" />
                <SequencePoint vc="1" uspid="703" ordinal="11" offset="90" sl="69" sc="13" el="69" ec="32" bec="0" bev="0" fileid="5" />
                <SequencePoint vc="2" uspid="704" ordinal="12" offset="94" sl="70" sc="9" el="70" ec="10" bec="0" bev="0" fileid="5" />
              </SequencePoints>
              <BranchPoints>
                <BranchPoint vc="2" uspid="705" ordinal="0" offset="2" sl="61" path="0" offsetend="4" fileid="5" />
                <BranchPoint vc="0" uspid="706" ordinal="1" offset="2" sl="61" path="1" offsetend="16" fileid="5" />
                <BranchPoint vc="1" uspid="707" ordinal="2" offset="19" sl="61" path="0" offsetend="21" fileid="5" />
                <BranchPoint vc="1" uspid="708" ordinal="3" offset="19" sl="61" path="1" offsetend="25" fileid="5" />
                <BranchPoint vc="1" uspid="709" ordinal="4" offset="57" sl="66" path="0" offsetend="59" fileid="5" />
                <BranchPoint vc="1" uspid="710" ordinal="5" offset="57" sl="66" path="1" offsetend="68" fileid="5" />
                <BranchPoint vc="1" uspid="711" ordinal="6" offset="88" sl="64" path="0" offsetend="90" fileid="5" />
                <BranchPoint vc="2" uspid="712" ordinal="7" offset="88" sl="64" path="1" offsetend="38" fileid="5" />
              </BranchPoints>
              <MethodPoint xsi:type="SequencePoint" vc="2" uspid="692" ordinal="0" offset="0" sl="60" sc="9" el="60" ec="10" bec="0" bev="0" fileid="5" />
            </Method>
            <Method visited="false" cyclomaticComplexity="1" nPathComplexity="0" sequenceCoverage="0" branchCoverage="0" crapScore="2" isConstructor="false" isStatic="true" isGetter="false" isSetter="false">
              <Summary numSequencePoints="95" visitedSequencePoints="0" numBranchPoints="1" visitedBranchPoints="0" sequenceCoverage="0" branchCoverage="0" maxCyclomaticComplexity="1" minCyclomaticComplexity="1" maxCrapScore="2" minCrapScore="2" visitedClasses="0" numClasses="0" visitedMethods="0" numMethods="1" />
              <MetadataToken>100663334</MetadataToken>
              <Name>System.Void LaboratoryWork_9.Program::Main(System.String[])</Name>
              <FileRef uid="5" />
              <SequencePoints>
                <SequencePoint vc="0" uspid="713" ordinal="0" offset="0" sl="73" sc="9" el="73" ec="10" bec="0" bev="0" fileid="5" />
                <SequencePoint vc="0" uspid="714" ordinal="1" offset="1" sl="74" sc="13" el="74" ec="46" bec="0" bev="0" fileid="5" />
                <SequencePoint vc="0" uspid="715" ordinal="2" offset="12" sl="75" sc="13" el="75" ec="95" bec="0" bev="0" fileid="5" />
                <SequencePoint vc="0" uspid="716" ordinal="3" offset="38" sl="77" sc="13" el="77" ec="72" bec="0" bev="0" fileid="5" />
                <SequencePoint vc="0" uspid="717" ordinal="4" offset="49" sl="78" sc="13" el="78" ec="52" bec="0" bev="0" fileid="5" />
                <SequencePoint vc="0" uspid="718" ordinal="5" offset="82" sl="79" sc="13" el="79" ec="25" bec="0" bev="0" fileid="5" />
                <SequencePoint vc="0" uspid="719" ordinal="6" offset="89" sl="80" sc="13" el="80" ec="95" bec="0" bev="0" fileid="5" />
                <SequencePoint vc="0" uspid="720" ordinal="7" offset="115" sl="82" sc="13" el="82" ec="85" bec="0" bev="0" fileid="5" />
                <SequencePoint vc="0" uspid="721" ordinal="8" offset="126" sl="83" sc="13" el="83" ec="43" bec="0" bev="0" fileid="5" />
                <SequencePoint vc="0" uspid="722" ordinal="9" offset="132" sl="84" sc="13" el="84" ec="25" bec="0" bev="0" fileid="5" />
                <SequencePoint vc="0" uspid="723" ordinal="10" offset="139" sl="85" sc="13" el="85" ec="96" bec="0" bev="0" fileid="5" />
                <SequencePoint vc="0" uspid="724" ordinal="11" offset="165" sl="87" sc="13" el="87" ec="70" bec="0" bev="0" fileid="5" />
                <SequencePoint vc="0" uspid="725" ordinal="12" offset="176" sl="88" sc="13" el="88" ec="46" bec="0" bev="0" fileid="5" />
                <SequencePoint vc="0" uspid="726" ordinal="13" offset="183" sl="89" sc="13" el="89" ec="25" bec="0" bev="0" fileid="5" />
                <SequencePoint vc="0" uspid="727" ordinal="14" offset="190" sl="90" sc="13" el="90" ec="96" bec="0" bev="0" fileid="5" />
                <SequencePoint vc="0" uspid="728" ordinal="15" offset="216" sl="92" sc="13" el="92" ec="55" bec="0" bev="0" fileid="5" />
                <SequencePoint vc="0" uspid="729" ordinal="16" offset="227" sl="93" sc="13" el="93" ec="25" bec="0" bev="0" fileid="5" />
                <SequencePoint vc="0" uspid="730" ordinal="17" offset="234" sl="94" sc="13" el="94" ec="38" bec="0" bev="0" fileid="5" />
                <SequencePoint vc="0" uspid="731" ordinal="18" offset="241" sl="95" sc="13" el="95" ec="37" bec="0" bev="0" fileid="5" />
                <SequencePoint vc="0" uspid="732" ordinal="19" offset="248" sl="96" sc="13" el="96" ec="25" bec="0" bev="0" fileid="5" />
                <SequencePoint vc="0" uspid="733" ordinal="20" offset="255" sl="97" sc="13" el="97" ec="38" bec="0" bev="0" fileid="5" />
                <SequencePoint vc="0" uspid="734" ordinal="21" offset="262" sl="98" sc="13" el="98" ec="37" bec="0" bev="0" fileid="5" />
                <SequencePoint vc="0" uspid="735" ordinal="22" offset="269" sl="99" sc="13" el="99" ec="19" bec="0" bev="0" fileid="5" />
                <SequencePoint vc="0" uspid="736" ordinal="23" offset="276" sl="100" sc="13" el="100" ec="25" bec="0" bev="0" fileid="5" />
                <SequencePoint vc="0" uspid="737" ordinal="24" offset="283" sl="101" sc="13" el="101" ec="38" bec="0" bev="0" fileid="5" />
                <SequencePoint vc="0" uspid="738" ordinal="25" offset="290" sl="102" sc="13" el="102" ec="37" bec="0" bev="0" fileid="5" />
                <SequencePoint vc="0" uspid="739" ordinal="26" offset="297" sl="104" sc="13" el="107" ec="30" bec="0" bev="0" fileid="5" />
                <SequencePoint vc="0" uspid="740" ordinal="27" offset="308" sl="108" sc="13" el="108" ec="25" bec="0" bev="0" fileid="5" />
                <SequencePoint vc="0" uspid="741" ordinal="28" offset="315" sl="109" sc="13" el="109" ec="19" bec="0" bev="0" fileid="5" />
                <SequencePoint vc="0" uspid="742" ordinal="29" offset="322" sl="110" sc="13" el="110" ec="41" bec="0" bev="0" fileid="5" />
                <SequencePoint vc="0" uspid="743" ordinal="30" offset="333" sl="111" sc="13" el="111" ec="25" bec="0" bev="0" fileid="5" />
                <SequencePoint vc="0" uspid="744" ordinal="31" offset="340" sl="112" sc="13" el="112" ec="61" bec="0" bev="0" fileid="5" />
                <SequencePoint vc="0" uspid="745" ordinal="32" offset="351" sl="113" sc="13" el="113" ec="25" bec="0" bev="0" fileid="5" />
                <SequencePoint vc="0" uspid="746" ordinal="33" offset="358" sl="114" sc="13" el="114" ec="19" bec="0" bev="0" fileid="5" />
                <SequencePoint vc="0" uspid="747" ordinal="34" offset="365" sl="115" sc="13" el="115" ec="41" bec="0" bev="0" fileid="5" />
                <SequencePoint vc="0" uspid="748" ordinal="35" offset="376" sl="116" sc="13" el="116" ec="25" bec="0" bev="0" fileid="5" />
                <SequencePoint vc="0" uspid="749" ordinal="36" offset="383" sl="118" sc="13" el="120" ec="21" bec="0" bev="0" fileid="5" />
                <SequencePoint vc="0" uspid="750" ordinal="37" offset="394" sl="121" sc="13" el="121" ec="19" bec="0" bev="0" fileid="5" />
                <SequencePoint vc="0" uspid="751" ordinal="38" offset="401" sl="122" sc="13" el="122" ec="24" bec="0" bev="0" fileid="5" />
                <SequencePoint vc="0" uspid="752" ordinal="39" offset="417" sl="123" sc="13" el="123" ec="25" bec="0" bev="0" fileid="5" />
                <SequencePoint vc="0" uspid="753" ordinal="40" offset="424" sl="124" sc="13" el="124" ec="38" bec="0" bev="0" fileid="5" />
                <SequencePoint vc="0" uspid="754" ordinal="41" offset="431" sl="125" sc="13" el="125" ec="63" bec="0" bev="0" fileid="5" />
                <SequencePoint vc="0" uspid="755" ordinal="42" offset="459" sl="126" sc="13" el="126" ec="25" bec="0" bev="0" fileid="5" />
                <SequencePoint vc="0" uspid="756" ordinal="43" offset="466" sl="127" sc="13" el="127" ec="38" bec="0" bev="0" fileid="5" />
                <SequencePoint vc="0" uspid="757" ordinal="44" offset="473" sl="128" sc="13" el="128" ec="63" bec="0" bev="0" fileid="5" />
                <SequencePoint vc="0" uspid="758" ordinal="45" offset="501" sl="129" sc="13" el="129" ec="25" bec="0" bev="0" fileid="5" />
                <SequencePoint vc="0" uspid="759" ordinal="46" offset="508" sl="130" sc="13" el="130" ec="38" bec="0" bev="0" fileid="5" />
                <SequencePoint vc="0" uspid="760" ordinal="47" offset="515" sl="131" sc="13" el="131" ec="63" bec="0" bev="0" fileid="5" />
                <SequencePoint vc="0" uspid="761" ordinal="48" offset="543" sl="132" sc="13" el="132" ec="50" bec="0" bev="0" fileid="5" />
                <SequencePoint vc="0" uspid="762" ordinal="49" offset="554" sl="133" sc="13" el="133" ec="25" bec="0" bev="0" fileid="5" />
                <SequencePoint vc="0" uspid="763" ordinal="50" offset="561" sl="134" sc="13" el="134" ec="38" bec="0" bev="0" fileid="5" />
                <SequencePoint vc="0" uspid="764" ordinal="51" offset="568" sl="135" sc="13" el="135" ec="59" bec="0" bev="0" fileid="5" />
                <SequencePoint vc="0" uspid="765" ordinal="52" offset="595" sl="136" sc="13" el="136" ec="25" bec="0" bev="0" fileid="5" />
                <SequencePoint vc="0" uspid="766" ordinal="53" offset="602" sl="137" sc="13" el="137" ec="38" bec="0" bev="0" fileid="5" />
                <SequencePoint vc="0" uspid="767" ordinal="54" offset="609" sl="138" sc="13" el="138" ec="59" bec="0" bev="0" fileid="5" />
                <SequencePoint vc="0" uspid="768" ordinal="55" offset="636" sl="139" sc="13" el="139" ec="25" bec="0" bev="0" fileid="5" />
                <SequencePoint vc="0" uspid="769" ordinal="56" offset="643" sl="140" sc="13" el="140" ec="38" bec="0" bev="0" fileid="5" />
                <SequencePoint vc="0" uspid="770" ordinal="57" offset="650" sl="141" sc="13" el="141" ec="59" bec="0" bev="0" fileid="5" />
                <SequencePoint vc="0" uspid="771" ordinal="58" offset="677" sl="143" sc="13" el="143" ec="57" bec="0" bev="0" fileid="5" />
                <SequencePoint vc="0" uspid="772" ordinal="59" offset="688" sl="144" sc="13" el="144" ec="24" bec="0" bev="0" fileid="5" />
                <SequencePoint vc="0" uspid="773" ordinal="60" offset="704" sl="145" sc="13" el="145" ec="25" bec="0" bev="0" fileid="5" />
                <SequencePoint vc="0" uspid="774" ordinal="61" offset="711" sl="146" sc="13" el="146" ec="25" bec="0" bev="0" fileid="5" />
                <SequencePoint vc="0" uspid="775" ordinal="62" offset="718" sl="147" sc="13" el="147" ec="25" bec="0" bev="0" fileid="5" />
                <SequencePoint vc="0" uspid="776" ordinal="63" offset="725" sl="148" sc="13" el="148" ec="60" bec="0" bev="0" fileid="5" />
                <SequencePoint vc="0" uspid="777" ordinal="64" offset="753" sl="149" sc="13" el="149" ec="60" bec="0" bev="0" fileid="5" />
                <SequencePoint vc="0" uspid="778" ordinal="65" offset="781" sl="150" sc="13" el="150" ec="60" bec="0" bev="0" fileid="5" />
                <SequencePoint vc="0" uspid="779" ordinal="66" offset="809" sl="151" sc="13" el="151" ec="60" bec="0" bev="0" fileid="5" />
                <SequencePoint vc="0" uspid="780" ordinal="67" offset="837" sl="153" sc="13" el="156" ec="39" bec="0" bev="0" fileid="5" />
                <SequencePoint vc="0" uspid="781" ordinal="68" offset="848" sl="157" sc="13" el="157" ec="100" bec="0" bev="0" fileid="5" />
                <SequencePoint vc="0" uspid="782" ordinal="69" offset="874" sl="158" sc="13" el="158" ec="64" bec="0" bev="0" fileid="5" />
                <SequencePoint vc="0" uspid="783" ordinal="70" offset="881" sl="159" sc="13" el="159" ec="35" bec="0" bev="0" fileid="5" />
                <SequencePoint vc="0" uspid="784" ordinal="71" offset="888" sl="160" sc="13" el="160" ec="100" bec="0" bev="0" fileid="5" />
                <SequencePoint vc="0" uspid="785" ordinal="72" offset="914" sl="161" sc="13" el="161" ec="70" bec="0" bev="0" fileid="5" />
                <SequencePoint vc="0" uspid="786" ordinal="73" offset="925" sl="162" sc="13" el="162" ec="76" bec="0" bev="0" fileid="5" />
                <SequencePoint vc="0" uspid="787" ordinal="74" offset="937" sl="163" sc="13" el="163" ec="38" bec="0" bev="0" fileid="5" />
                <SequencePoint vc="0" uspid="788" ordinal="75" offset="945" sl="164" sc="13" el="164" ec="100" bec="0" bev="0" fileid="5" />
                <SequencePoint vc="0" uspid="789" ordinal="76" offset="971" sl="165" sc="13" el="165" ec="51" bec="0" bev="0" fileid="5" />
                <SequencePoint vc="0" uspid="790" ordinal="77" offset="982" sl="166" sc="13" el="166" ec="80" bec="0" bev="0" fileid="5" />
                <SequencePoint vc="0" uspid="791" ordinal="78" offset="989" sl="167" sc="13" el="167" ec="52" bec="0" bev="0" fileid="5" />
                <SequencePoint vc="0" uspid="792" ordinal="79" offset="997" sl="168" sc="13" el="168" ec="100" bec="0" bev="0" fileid="5" />
                <SequencePoint vc="0" uspid="793" ordinal="80" offset="1023" sl="170" sc="13" el="170" ec="49" bec="0" bev="0" fileid="5" />
                <SequencePoint vc="0" uspid="794" ordinal="81" offset="1034" sl="171" sc="13" el="171" ec="41" bec="0" bev="0" fileid="5" />
                <SequencePoint vc="0" uspid="795" ordinal="82" offset="1048" sl="173" sc="13" el="173" ec="14" bec="0" bev="0" fileid="5" />
                <SequencePoint vc="0" uspid="796" ordinal="83" offset="1049" sl="174" sc="17" el="174" ec="42" bec="0" bev="0" fileid="5" />
                <SequencePoint vc="0" uspid="797" ordinal="84" offset="1062" sl="175" sc="13" el="175" ec="14" bec="0" bev="0" fileid="5" />
                <SequencePoint vc="0" uspid="798" ordinal="85" offset="1065" sl="176" sc="13" el="176" ec="48" bec="0" bev="0" fileid="5" />
                <SequencePoint vc="0" uspid="799" ordinal="86" offset="1066" sl="177" sc="13" el="177" ec="14" bec="0" bev="0" fileid="5" />
                <SequencePoint vc="0" uspid="800" ordinal="87" offset="1067" sl="178" sc="17" el="178" ec="72" bec="0" bev="0" fileid="5" />
                <SequencePoint vc="0" uspid="801" ordinal="88" offset="1078" sl="179" sc="13" el="179" ec="14" bec="0" bev="0" fileid="5" />
                <SequencePoint vc="0" uspid="802" ordinal="89" offset="1081" sl="181" sc="13" el="181" ec="106" bec="0" bev="0" fileid="5" />
                <SequencePoint vc="0" uspid="803" ordinal="90" offset="1092" sl="182" sc="13" el="182" ec="38" bec="0" bev="0" fileid="5" />
                <SequencePoint vc="0" uspid="804" ordinal="91" offset="1100" sl="183" sc="13" el="183" ec="66" bec="0" bev="0" fileid="5" />
                <SequencePoint vc="0" uspid="805" ordinal="92" offset="1109" sl="184" sc="13" el="184" ec="30" bec="0" bev="0" fileid="5" />
                <SequencePoint vc="0" uspid="806" ordinal="93" offset="1117" sl="185" sc="13" el="185" ec="43" bec="0" bev="0" fileid="5" />
                <SequencePoint vc="0" uspid="807" ordinal="94" offset="1125" sl="186" sc="9" el="186" ec="10" bec="0" bev="0" fileid="5" />
              </SequencePoints>
              <BranchPoints />
              <MethodPoint xsi:type="SequencePoint" vc="0" uspid="713" ordinal="0" offset="0" sl="73" sc="9" el="73" ec="10" bec="0" bev="0" fileid="5" />
            </Method>
            <Method visited="false" cyclomaticComplexity="1" nPathComplexity="0" sequenceCoverage="0" branchCoverage="0" crapScore="2" isConstructor="true" isStatic="false" isGetter="false" isSetter="false">
              <Summary numSequencePoints="0" visitedSequencePoints="0" numBranchPoints="0" visitedBranchPoints="0" sequenceCoverage="0" branchCoverage="0" maxCyclomaticComplexity="1" minCyclomaticComplexity="1" maxCrapScore="2" minCrapScore="2" visitedClasses="0" numClasses="0" visitedMethods="0" numMethods="0" />
              <MetadataToken>100663335</MetadataToken>
              <Name>System.Void LaboratoryWork_9.Program::.ctor()</Name>
              <SequencePoints />
              <BranchPoints />
              <MethodPoint vc="0" uspid="808" ordinal="0" offset="0" />
            </Method>
          </Methods>
        </Class>
      </Classes>
    </Module>
  </Modules>
</CoverageSession>